
====<<  Solution for 100-queens  >>====

Execution time: 0.008

Queen positions:

[13,68,63,88,97,27,9,22,92,58,10,44,54,83,60,67,93,16,62,95,50,28,84,12,36,2
73,77,51,64,94,17,25,52,29,4,37,7,46,66,76,20,87,8,98,32,1,65,40,78,21
89,35,57,14,3,90,19,49,69,18,59,79,91,39,24,6,23,99,26,38,47,45,53,70,86
5,82,75,81,43,55,31,11,72,30,33,96,34,74,42,85,56,71,61,48,15,0,41,80]

>> Chessboard <<

.............Q......................................................................................
....................................................................Q...............................
...............................................................Q....................................
........................................................................................Q...........
.................................................................................................Q..
...........................Q........................................................................
.........Q..........................................................................................
......................Q.............................................................................
............................................................................................Q.......
..........................................................Q.........................................
..........Q.........................................................................................
............................................Q.......................................................
......................................................Q.............................................
...................................................................................Q................
............................................................Q.......................................
...................................................................Q................................
.............................................................................................Q......
................Q...................................................................................
..............................................................Q.....................................
...............................................................................................Q....
..................................................Q.................................................
............................Q.......................................................................
....................................................................................Q...............
............Q.......................................................................................
....................................Q...............................................................
..Q.................................................................................................
.........................................................................Q..........................
.............................................................................Q......................
...................................................Q................................................
................................................................Q...................................
..............................................................................................Q.....
.................Q..................................................................................
.........................Q..........................................................................
....................................................Q...............................................
.............................Q......................................................................
....Q...............................................................................................
.....................................Q..............................................................
.......Q............................................................................................
..............................................Q.....................................................
..................................................................Q.................................
............................................................................Q.......................
....................Q...............................................................................
.......................................................................................Q............
........Q...........................................................................................
..................................................................................................Q.
................................Q...................................................................
.Q..................................................................................................
.................................................................Q..................................
........................................Q...........................................................
..............................................................................Q.....................
.....................Q..............................................................................
.........................................................................................Q..........
...................................Q................................................................
.........................................................Q..........................................
..............Q.....................................................................................
...Q................................................................................................
..........................................................................................Q.........
...................Q................................................................................
.................................................Q..................................................
.....................................................................Q..............................
..................Q.................................................................................
...........................................................Q........................................
...............................................................................Q....................
...........................................................................................Q........
.......................................Q............................................................
........................Q...........................................................................
......Q.............................................................................................
.......................Q............................................................................
...................................................................................................Q
..........................Q.........................................................................
......................................Q.............................................................
...............................................Q....................................................
.............................................Q......................................................
.....................................................Q..............................................
......................................................................Q.............................
......................................................................................Q.............
.....Q..............................................................................................
..................................................................................Q.................
...........................................................................Q........................
.................................................................................Q..................
...........................................Q........................................................
.......................................................Q............................................
...............................Q....................................................................
...........Q........................................................................................
........................................................................Q...........................
..............................Q.....................................................................
.................................Q..................................................................
................................................................................................Q...
..................................Q.................................................................
..........................................................................Q.........................
..........................................Q.........................................................
.....................................................................................Q..............
........................................................Q...........................................
.......................................................................Q............................
.............................................................Q......................................
................................................Q...................................................
...............Q....................................................................................
Q...................................................................................................
.........................................Q..........................................................
................................................................................Q...................

