
====<<  Solution for 20-queens with fixed location (10,9)  >>====

Execution time: 0.000 s

Queen positions:

[16,11,6,8,10,2,18,14,19,1,9,7,5,0,15,13,4,17,12,3]

>> Chessboard <<

................Q...
...........Q........
......Q.............
........Q...........
..........Q.........
..Q.................
..................Q.
..............Q.....
...................Q
.Q..................
.........Q..........
.......Q............
.....Q..............
Q...................
...............Q....
.............Q......
....Q...............
.................Q..
............Q.......
...Q................

