
====<<  Solution for 20-queens with fixed location (15,0)  >>====

Execution time: 0.001

Queen positions:

[12,5,8,18,13,15,1,4,6,17,3,14,11,9,16,0,2,7,10,19]

>> Chessboard <<

............Q.......
.....Q..............
........Q...........
..................Q.
.............Q......
...............Q....
.Q..................
....Q...............
......Q.............
.................Q..
...Q................
..............Q.....
...........Q........
.........Q..........
................Q...
Q...................
..Q.................
.......Q............
..........Q.........
...................Q

