
====<<  Solution for 20-queens with fixed location (5,12)  >>====

Execution time: 0.001

Queen positions:

[15,11,8,19,1,12,0,7,17,4,13,16,14,5,10,6,3,18,2,9]

>> Chessboard <<

...............Q....
...........Q........
........Q...........
...................Q
.Q..................
............Q.......
Q...................
.......Q............
.................Q..
....Q...............
.............Q......
................Q...
..............Q.....
.....Q..............
..........Q.........
......Q.............
...Q................
..................Q.
..Q.................
.........Q..........

