
====<<  Solution for 20-queens with fixed location (0,19)  >>====

Execution time: 0.005

Queen positions:

[19,5,18,13,10,8,3,1,15,2,12,7,17,4,14,0,11,9,16,6]

>> Chessboard <<

...................Q
.....Q..............
..................Q.
.............Q......
..........Q.........
........Q...........
...Q................
.Q..................
...............Q....
..Q.................
............Q.......
.......Q............
.................Q..
....Q...............
..............Q.....
Q...................
...........Q........
.........Q..........
................Q...
......Q.............

