
====<<  Solution for 20-queens with fixed location (10,9)  >>====

Execution time: 0.003 s

Queen positions:

[12,8,13,1,14,6,11,0,5,17,9,3,16,19,2,10,7,4,18,15]

>> Chessboard <<

............Q.......
........Q...........
.............Q......
.Q..................
..............Q.....
......Q.............
...........Q........
Q...................
.....Q..............
.................Q..
.........Q..........
...Q................
................Q...
...................Q
..Q.................
..........Q.........
.......Q............
....Q...............
..................Q.
...............Q....

