====<<  Solution for 80-queens with fixed location (10,8)  >>====

Execution time: 0.001

............................................................Q...................
.......................................................................Q........
............................................................................Q...
.............................................................Q..................
..............................Q.................................................
..........................Q.....................................................
...........Q....................................................................
...................................Q............................................
.................................................Q..............................
............................................Q...................................
........Q.......................................................................
........................................................Q.......................
....Q...........................................................................
......................................Q.........................................
...................................................................Q............
................................Q...............................................
...........................................................................Q....
..................Q.............................................................
.......................................................Q........................
.........................................................Q......................
.......................Q........................................................
...Q............................................................................
...............Q................................................................
...............................................................Q................
...............................Q................................................
....................................................................Q...........
...........................................................Q....................
.......................................Q........................................
...................................................Q............................
.............................................Q..................................
....................Q...........................................................
..Q.............................................................................
.............Q..................................................................
................................................................Q...............
..............................................................................Q.
.....Q..........................................................................
...............................................Q................................
.........................Q......................................................
.............................................................................Q..
...................Q............................................................
..............Q.................................................................
Q...............................................................................
..........................................................................Q.....
................Q...............................................................
........................................Q.......................................
.....................................................................Q..........
....................................................Q...........................
.........Q......................................................................
......................................................................Q.........
..............................................Q.................................
...........................Q....................................................
....................................Q...........................................
...............................................................................Q
..................................................................Q.............
.....................Q..........................................................
.........................................................................Q......
.......Q........................................................................
................................................Q...............................
......................Q.........................................................
...........................................Q....................................
..............................................................Q.................
..................................................Q.............................
.....................................Q..........................................
........................................................................Q.......
..........................................Q.....................................
......Q.........................................................................
........................Q.......................................................
.................................Q..............................................
.Q..............................................................................
.........................................Q......................................
.....................................................Q..........................
.................................................................Q..............
..........................................................Q.....................
..................................Q.............................................
.............................Q..................................................
......................................................Q.........................
............................Q...................................................
............Q...................................................................
..........Q.....................................................................
.................Q..............................................................
