
====<<  Solution for 80-queens with fixed location (10,8)  >>====

Execution time: 0.003 s

Queen positions:

[67,27,4,44,58,33,74,3,43,68,8,59,54,32,60,71,24,29,35,57,5
1,37,16,69,62,39,56,2,21,66,64,9,73,23,0,63,19,41,30,49,14
46,15,78,70,77,31,55,11,13,17,40,48,7,79,72,18,36,53,47,20
10,34,45,6,65,50,22,75,12,76,42,52,26,61,51,28,38,25]

>> Chessboard <<

...................................................................Q............
...........................Q....................................................
....Q...........................................................................
............................................Q...................................
..........................................................Q.....................
.................................Q..............................................
..........................................................................Q.....
...Q............................................................................
...........................................Q....................................
....................................................................Q...........
........Q.......................................................................
...........................................................Q....................
......................................................Q.........................
................................Q...............................................
............................................................Q...................
.......................................................................Q........
........................Q.......................................................
.............................Q..................................................
...................................Q............................................
.........................................................Q......................
.....Q..........................................................................
.Q..............................................................................
.....................................Q..........................................
................Q...............................................................
.....................................................................Q..........
..............................................................Q.................
.......................................Q........................................
........................................................Q.......................
..Q.............................................................................
.....................Q..........................................................
..................................................................Q.............
................................................................Q...............
.........Q......................................................................
.........................................................................Q......
.......................Q........................................................
Q...............................................................................
...............................................................Q................
...................Q............................................................
.........................................Q......................................
..............................Q.................................................
.................................................Q..............................
..............Q.................................................................
..............................................Q.................................
...............Q................................................................
..............................................................................Q.
......................................................................Q.........
.............................................................................Q..
...............................Q................................................
.......................................................Q........................
...........Q....................................................................
.............Q..................................................................
.................Q..............................................................
........................................Q.......................................
................................................Q...............................
.......Q........................................................................
...............................................................................Q
........................................................................Q.......
..................Q.............................................................
....................................Q...........................................
.....................................................Q..........................
...............................................Q................................
....................Q...........................................................
..........Q.....................................................................
..................................Q.............................................
.............................................Q..................................
......Q.........................................................................
.................................................................Q..............
..................................................Q.............................
......................Q.........................................................
...........................................................................Q....
............Q...................................................................
............................................................................Q...
..........................................Q.....................................
....................................................Q...........................
..........................Q.....................................................
.............................................................Q..................
...................................................Q............................
............................Q...................................................
......................................Q.........................................
.........................Q......................................................

