
====<<  Solution for 150-queens with fixed location (60,7)  >>====

Execution time: 0.001 s

Queen positions:

[71,63,22,58,15,23,45,108,27,54,147,0,91,39,149,59,6,17,78,107,24,126,88,82,115,11,66,75,127,141,42,18,129,96,49,44
65,94,90,121,144,105,56,51,131,55,118,12,132,37,8,85,138,133,36,61,4,70,104,3,7,46,145,124,137,123,143,10,135,50
38,72,100,26,139,69,119,29,33,148,111,14,112,86,64,81,47,136,120,35,62,31,114,21,77,79,101,57,43,74,34,16,40,80
9,76,32,134,125,116,102,1,13,87,84,113,2,93,142,97,30,28,89,146,41,122,25,5,92,60,48,130,67,106,19,128,95,99,117,20
103,110,98,109,52,140,68,83,73,53]

>> Chessboard <<

.......................................................................Q..............................................................................
...............................................................Q......................................................................................
......................Q...............................................................................................................................
..........................................................Q...........................................................................................
...............Q......................................................................................................................................
.......................Q..............................................................................................................................
.............................................Q........................................................................................................
............................................................................................................Q.........................................
...........................Q..........................................................................................................................
......................................................Q...............................................................................................
...................................................................................................................................................Q..
Q.....................................................................................................................................................
...........................................................................................Q..........................................................
.......................................Q..............................................................................................................
.....................................................................................................................................................Q
...........................................................Q..........................................................................................
......Q...............................................................................................................................................
.................Q....................................................................................................................................
..............................................................................Q.......................................................................
...........................................................................................................Q..........................................
........................Q.............................................................................................................................
..............................................................................................................................Q.......................
........................................................................................Q.............................................................
..................................................................................Q...................................................................
...................................................................................................................Q..................................
...........Q..........................................................................................................................................
..................................................................Q...................................................................................
...........................................................................Q..........................................................................
...............................................................................................................................Q......................
.............................................................................................................................................Q........
..........................................Q...........................................................................................................
..................Q...................................................................................................................................
.................................................................................................................................Q....................
................................................................................................Q.....................................................
.................................................Q....................................................................................................
............................................Q.........................................................................................................
.................................................................Q....................................................................................
..............................................................................................Q.......................................................
..........................................................................................Q...........................................................
.........................................................................................................................Q............................
................................................................................................................................................Q.....
.........................................................................................................Q............................................
........................................................Q.............................................................................................
...................................................Q..................................................................................................
...................................................................................................................................Q..................
.......................................................Q..............................................................................................
......................................................................................................................Q...............................
............Q.........................................................................................................................................
....................................................................................................................................Q.................
.....................................Q................................................................................................................
........Q.............................................................................................................................................
.....................................................................................Q................................................................
..........................................................................................................................................Q...........
.....................................................................................................................................Q................
....................................Q.................................................................................................................
.............................................................Q........................................................................................
....Q.................................................................................................................................................
......................................................................Q...............................................................................
........................................................................................................Q.............................................
...Q..................................................................................................................................................
.......Q..............................................................................................................................................
..............................................Q.......................................................................................................
.................................................................................................................................................Q....
............................................................................................................................Q.........................
.........................................................................................................................................Q............
...........................................................................................................................Q..........................
...............................................................................................................................................Q......
..........Q...........................................................................................................................................
.......................................................................................................................................Q..............
..................................................Q...................................................................................................
......................................Q...............................................................................................................
........................................................................Q.............................................................................
....................................................................................................Q.................................................
..........................Q...........................................................................................................................
...........................................................................................................................................Q..........
.....................................................................Q................................................................................
.......................................................................................................................Q..............................
.............................Q........................................................................................................................
.................................Q....................................................................................................................
....................................................................................................................................................Q.
...............................................................................................................Q......................................
..............Q.......................................................................................................................................
................................................................................................................Q.....................................
......................................................................................Q...............................................................
................................................................Q.....................................................................................
.................................................................................Q....................................................................
...............................................Q......................................................................................................
........................................................................................................................................Q.............
........................................................................................................................Q.............................
...................................Q..................................................................................................................
..............................................................Q.......................................................................................
...............................Q......................................................................................................................
..................................................................................................................Q...................................
.....................Q................................................................................................................................
.............................................................................Q........................................................................
...............................................................................Q......................................................................
.....................................................................................................Q................................................
.........................................................Q............................................................................................
...........................................Q..........................................................................................................
..........................................................................Q...........................................................................
..................................Q...................................................................................................................
................Q.....................................................................................................................................
........................................Q.............................................................................................................
................................................................................Q.....................................................................
.........Q............................................................................................................................................
............................................................................Q.........................................................................
................................Q.....................................................................................................................
......................................................................................................................................Q...............
.............................................................................................................................Q........................
....................................................................................................................Q.................................
......................................................................................................Q...............................................
.Q....................................................................................................................................................
.............Q........................................................................................................................................
.......................................................................................Q..............................................................
....................................................................................Q.................................................................
.................................................................................................................Q....................................
..Q...................................................................................................................................................
.............................................................................................Q........................................................
..............................................................................................................................................Q.......
.................................................................................................Q....................................................
..............................Q.......................................................................................................................
............................Q.........................................................................................................................
.........................................................................................Q............................................................
..................................................................................................................................................Q...
.........................................Q............................................................................................................
..........................................................................................................................Q...........................
.........................Q............................................................................................................................
.....Q................................................................................................................................................
............................................................................................Q.........................................................
............................................................Q.........................................................................................
................................................Q.....................................................................................................
..................................................................................................................................Q...................
...................................................................Q..................................................................................
..........................................................................................................Q...........................................
...................Q..................................................................................................................................
................................................................................................................................Q.....................
...............................................................................................Q......................................................
...................................................................................................Q..................................................
.....................................................................................................................Q................................
....................Q.................................................................................................................................
.......................................................................................................Q..............................................
..............................................................................................................Q.......................................
..................................................................................................Q...................................................
.............................................................................................................Q........................................
....................................................Q.................................................................................................
............................................................................................................................................Q.........
....................................................................Q.................................................................................
...................................................................................Q..................................................................
.........................................................................Q............................................................................
.....................................................Q................................................................................................

