
====<<  Solution for 5000-queens  >>====

Execution time: 0.020 s

Queen positions:

[3602,217,4592,1020,1412,144,1728,2774,1460,3609,594,3936,2037,1679,4959,4243,1935,796,2068,4194,3633
4772,2475,1636,1199,586,4650,828,1298,743,482,1987,2179,193,4697,2011,4141,2581,4770,342,2661,2600,1957
3245,3183,2447,1541,810,836,1595,3889,1989,3185,2796,854,2832,654,3426,3041,1174,1664,121,817,138,2365
508,666,1154,171,797,3311,4369,3113,2563,457,1772,1285,1096,3715,1355,1807,3950,2593,3851,969,3523,2734
1480,3799,4985,2275,2143,4006,430,3044,3598,4749,3804,3925,992,1007,2442,4939,560,634,4211,4409,2749
4763,1941,2603,450,2277,3325,1141,1802,199,1265,4999,985,492,1744,1066,4881,1857,755,2115,2663,196,2404
4391,4067,815,2691,3660,4325,3800,2017,1849,1766,1086,913,91,4681,3805,609,1097,81,2009,4400,4764,4244
55,534,2036,3626,4019,1312,3147,4447,261,2164,3182,2992,3884,1150,4081,4611,136,2462,2750,3454,1126,4480
3719,404,2753,1551,233,3654,1452,4486,359,601,538,1858,401,480,842,3447,410,2757,855,596,4039,2142,466
488,1341,176,701,527,2735,4140,2890,4804,2788,2866,2980,4506,1114,1322,839,765,3409,362,258,3380,4901
353,4190,413,3558,4683,1179,1192,4981,4459,2684,4381,490,4313,4307,1281,545,4444,3807,420,554,3576,4215
352,1247,1417,1794,4609,1640,753,120,1755,4865,1548,1025,3412,1234,2999,2758,1869,2849,4937,1658,1741
1852,3618,2618,123,2886,2555,3875,211,2430,173,827,4723,4482,3444,2483,772,2953,1683,4342,1492,2701,1077
1880,4722,26,4573,2979,1245,4174,4693,345,2683,215,158,4624,4731,1372,4556,676,4821,4826,2969,3792,766
125,4096,1012,3700,1366,2252,3772,933,1792,881,2918,1537,1399,1252,3683,2909,3424,571,3162,2438,3268
4808,2838,1634,2391,3213,4863,2919,2677,936,2946,1704,1368,1585,3422,3545,2911,4337,4000,2059,2177,3025
2499,132,2027,4175,2024,2220,3570,4237,2552,2014,1713,2474,1393,3877,2641,166,4207,3299,1536,1966,2495
595,643,403,523,4916,4705,4590,4401,3328,1286,2657,2517,3883,1702,4367,4047,3303,2478,742,4216,4257,285
1377,4972,2543,174,1730,2375,4877,425,3462,2601,4524,1997,3829,621,4080,3571,3372,2359,3848,1856,273
3233,195,2005,4678,3145,3766,1049,1431,2731,33,3080,886,2546,3710,1435,1147,1102,327,4852,1827,2223,1044
718,658,3940,3122,2267,371,2405,4417,4003,3007,563,1618,4797,628,4584,4349,4294,3541,50,4168,4814,2580
3788,415,1577,1835,4356,3085,3512,307,316,3322,3956,709,1547,164,780,4098,2040,1715,1764,1432,414,914
4692,3850,2055,1315,680,419,3084,1001,18,4372,4616,1610,1196,4910,1288,4950,1033,4545,900,2828,3559,1338
3806,4686,2260,4811,1890,1373,3252,702,1363,2292,1227,4340,919,3306,4575,2564,820,1309,2647,1733,2651
4716,3290,1621,1389,4261,1994,1833,3909,1310,4655,3235,1501,1203,2732,673,1344,4909,3230,4145,1386,901
3969,1650,3036,2030,1669,4526,315,570,3578,2480,2669,127,245,3291,833,2053,1555,2400,2007,4632,2044,4109
335,1462,1607,4885,2675,387,2940,240,3144,2915,1219,1512,2781,1475,1250,438,498,2493,1237,61,3895,663
4467,4601,3913,734,4541,4903,4376,1781,2855,784,655,4645,1921,4913,876,3832,2602,376,3475,1429,2824,4460
4446,2688,1892,3274,1936,708,4653,3124,2061,3981,4882,4253,85,468,1774,2386,4411,3735,3987,2145,825
4091,2439,4920,246,1686,2368,3593,159,2293,3264,3266,2822,1335,3405,1507,2654,3938,3347,814,4286,3098
3045,2656,280,1468,2713,2565,3977,1296,1108,3327,4717,3079,3008,2394,994,3902,1700,131,2851,2459,461
2948,4374,385,393,3464,2361,525,3429,4820,1793,2197,2695,4205,3653,894,4946,2385,4281,1709,2561,4484
3463,2777,1526,760,4944,3017,2632,1306,1381,292,4621,4990,19,4355,583,2010,4126,3900,1720,1340,1563,1948
4203,3438,1520,705,4242,1046,1583,3137,4718,4856,328,4887,3704,3356,682,3365,412,4020,2020,2174,3515
4659,2195,744,2682,2382,4960,4233,4119,2974,1687,2711,3096,1904,186,3686,2299,2848,3978,1189,372,1380
2648,1058,4550,4638,758,3945,1768,4525,818,1466,4162,1817,3849,4139,2236,1120,2012,2057,124,141,741
4603,3349,2638,4968,532,575,2609,381,3043,899,4620,4477,3314,3803,816,4070,4380,4629,1215,3226,1402,2591
3754,3539,1137,4092,704,3473,2310,1467,3310,3722,2403,2387,3752,813,3297,1494,3635,46,3659,4478,2203
302,201,93,3560,4108,4395,1725,297,4302,1453,3728,4009,1503,3856,3484,3149,2791,3513,3546,4873,4543,4895
2339,4397,452,3377,1995,3732,728,3914,3357,1085,693,2263,1213,13,514,4050,4043,4600,427,1630,1908,3892
1308,726,2905,2272,3348,4436,1676,2502,831,3082,3979,459,1076,1332,1050,2932,4791,4902,1000,4597,4163
1132,2551,2426,2038,3577,1657,3313,4669,332,1797,2599,2213,891,1750,930,696,2873,1614,2809,476,378,790
1604,4491,2817,552,2998,882,995,426,1187,3284,4635,2351,4595,3136,885,268,2908,4037,3625,4555,3479,44
4737,2216,3808,407,4247,3858,1325,9,2928,3345,3798,3239,3413,4676,4171,3713,4682,2867,2114,1591,3236
2424,3046,4786,2289,1217,4277,2420,2221,241,3656,4523,923,2247,4795,1406,1616,956,4982,1193,1825,1099
2219,807,3035,3891,2370,2968,4857,2799,2741,2291,1898,1868,1100,4724,1783,3170,3103,3780,3026,2653,1862
1851,1496,3408,1947,1182,4116,4905,3864,1542,4822,3507,792,4672,4160,368,1619,380,3494,17,691,2987,700
2078,1333,1800,3178,2854,2188,66,1023,1782,3933,3250,674,580,3013,4619,4122,2666,1613,4278,3329,1450
1955,3227,2259,4784,4996,1545,2644,4580,148,4291,2067,1732,1590,1211,2660,1637,4868,4466,4708,4876,447
4549,4352,2883,3439,4911,1454,469,4924,1223,4227,3915,4919,2785,695,3104,3286,4437,2500,29,493,3741,740
2898,3445,920,3441,3404,2808,4673,565,3169,4640,4589,4761,550,1506,2113,2917,1661,4296,4874,222,2579
3199,3841,2901,2334,2212,1684,1087,642,2204,3999,4016,4594,4505,3516,2136,2631,4443,4280,2301,4828,3449
3100,4952,3485,2304,805,980,2959,1553,4364,12,3582,3468,4059,1497,4226,3885,1060,1404,1509,2739,3738
4317,2530,3692,4224,305,4563,3265,3487,512,2930,3390,861,4295,3192,4847,2685,2234,2764,3857,973,4033
3590,3717,2305,3083,4236,374,1903,4472,3442,4551,4169,3033,266,660,890,2993,878,363,3059,513,1615,1721
1668,4698,4701,3259,2880,4456,177,4962,2072,4346,3725,3261,949,4404,4323,4474,2570,1140,1514,629,3942
3924,1527,257,4554,2884,3620,4365,843,4413,1749,3067,4454,474,2636,2129,4762,3278,1241,1589,4945,360
4844,4430,4516,2287,867,3302,3195,2315,1113,966,1986,2984,1071,4853,2780,2882,479,3837,2590,1438,4097
4649,3595,3553,2991,3431,530,1773,4193,4271,2244,1885,3158,2978,771,555,1238,3186,2689,3110,1990,2283
147,4075,3708,941,2584,895,1036,77,4848,3354,38,999,1870,1395,2944,1524,1439,1272,2457,2511,961,1689,4330
2119,801,845,1448,3760,3400,28,97,4570,2303,65,4306,338,1197,3989,4106,4750,1742,4577,4284,4553,4390,3646
2002,1267,287,1177,1517,812,3465,1206,2967,364,2389,2827,288,3684,1705,3810,3304,223,1089,1184,4457,4886
3193,4410,3903,835,2175,606,3386,1124,2587,3860,4028,3965,3379,1623,4464,54,4151,684,4581,2608,203,323
1029,4769,1078,4202,423,1863,1411,178,2268,2544,3269,1846,308,3364,4958,4219,4468,2859,520,1945,3716
907,3116,3557,4834,4778,314,3906,3843,2363,351,189,4695,1552,2,2673,3053,1092,1488,4854,3097,500,3630
1666,3111,1041,3614,74,4099,793,2736,2545,3419,1003,4132,4502,830,3706,3929,4131,4455,3073,2899,4385
1646,2134,4740,4303,613,4049,636,2239,4948,3217,604,1194,2171,4134,3600,2463,218,1785,4587,4228,4862
1095,3174,4350,4789,487,1538,2655,1965,776,4691,3827,3051,4104,2733,2189,2623,386,511,2965,1178,2434
3207,3125,2597,934,72,3622,2649,3063,303,2141,3790,2836,4662,4448,2000,355,2482,1747,4754,271,4728,1819
25,2902,3957,2878,1143,1436,2415,2895,851,2256,1384,757,441,4429,3037,2900,4776,2861,918,1967,724,349
2001,2906,2960,495,3362,4279,1806,230,2364,4940,4223,4023,1084,4966,824,4746,2914,944,485,4483,4256,2487
4445,87,1707,4188,458,2200,3685,931,62,4896,2858,1694,1235,4147,3427,3816,3836,2032,53,4487,1939,1883
4767,4661,4994,3613,2810,2986,4136,3326,4371,1109,1502,416,4539,1557,4055,330,888,1324,2128,4930,2800
2154,4166,2995,2338,1263,1734,2466,3991,623,3320,2549,116,1798,45,4042,170,3221,3948,1920,1162,4965,3351
4054,4499,1594,225,3868,3540,2461,578,2325,3434,4824,847,2111,2255,3172,775,3930,3809,1434,3621,754
4658,699,2702,4720,4777,2034,624,2718,1549,4025,4557,180,4954,2207,3958,3123,3361,2416,2779,4196,2469
2894,1765,4970,384,2973,1040,3480,4191,4756,910,745,2707,896,4229,3406,2019,2756,3086,4726,4596,568
737,207,2550,681,333,3687,3755,1260,2139,3548,4422,4481,4859,1443,3194,2449,2377,428,122,4941,1098,2615
1907,4508,4103,503,3941,481,4579,4469,1409,1068,2131,433,3321,2997,3591,1645,4832,647,3897,4345,4034
1991,650,1106,5,3939,3966,208,4711,2829,220,90,422,4517,860,2251,4707,2982,1385,2308,2844,3709,1425,119
4986,1562,1314,1796,4535,3636,804,388,3219,57,1287,1240,749,516,3647,4533,2665,3703,3323,1804,859,1318
3184,1909,4562,2912,2941,4710,2625,140,2138,579,2281,4938,2168,1359,3061,1799,1105,2577,237,1251,515
3383,1729,1988,4,1427,454,803,2407,3498,4552,763,4884,924,4642,3296,56,4923,343,2173,6,4072,3831,3482,4441
4921,4758,1188,165,4231,1164,197,1946,610,1791,3126,4928,662,2921,1926,1082,2309,4148,4402,3777,3822
4714,4199,3923,424,1002,983,3775,929,431,1532,2509,2123,551,1489,3168,76,1361,4071,2528,3127,4328,982
4015,4179,4817,1960,4751,1153,339,4149,4715,3260,572,2504,3117,4110,4115,1017,4689,3920,1938,1379,3631
1934,350,1351,3166,892,1244,2393,2815,1248,209,3778,3669,2830,3898,2582,2942,117,857,649,1279,1576,455
1624,1152,1972,3231,3344,1304,2208,1022,2344,2797,3529,1433,3597,1896,4926,1151,543,840,4058,1013,51
3812,263,599,3157,3088,1784,4112,703,997,4912,582,358,3605,4200,1271,1328,4026,1771,4439,2170,4062,102
657,3280,3373,4872,83,4977,3971,3060,721,589,1061,1878,1130,2536,773,2573,4598,3281,3393,3208,2951,4415
4187,1810,4864,3963,4334,3466,4269,4362,36,4434,1758,494,4829,2340,4339,935,1746,1484,1573,1424,626
4167,993,110,837,4792,3504,2674,14,4319,2856,1952,3785,2095,2505,1632,2831,69,3556,4217,3673,3789,1414
2193,254,645,2746,1949,1596,4694,2360,244,3782,1230,4290,957,2392,2297,1571,998,167,3878,2933,4652,3198
2939,2989,2484,4775,3637,1319,665,903,2161,2357,2248,27,4329,408,3794,1356,3583,911,2411,2230,3229,874
4869,2158,2806,3990,4586,3483,4189,4052,3222,2678,683,4588,4241,4519,2249,153,2730,3253,3165,4623,4292
4647,4024,4531,738,3232,1487,3695,1973,4572,501,1471,3503,373,4298,3919,1518,4583,921,2346,3774,4878
1667,1612,1129,2751,4933,706,405,3917,4040,1531,4051,3450,690,4831,269,678,1378,1042,3031,2452,4613,2058
3594,346,4022,2022,2003,4558,1777,2465,4127,3016,3143,1400,4929,4867,3819,111,2787,3680,3658,1477,2088
3568,3852,2680,23,1295,2156,4495,96,4120,864,1024,1963,1299,2715,2698,4768,945,4267,1331,3289,1289,507
3196,3781,4544,4249,4915,3627,411,179,2190,4264,799,3674,2153,4320,4046,3115,4465,2240,249,4083,4164
4386,4315,2889,786,1131,4964,849,868,627,4515,1176,234,4421,3040,2485,3757,946,181,4835,4208,2642,113
846,2703,2586,1208,4699,4266,3015,4326,4260,2759,3225,1916,1499,1568,4656,1447,4479,1829,3542,63,259
3916,3287,3712,2441,1198,505,3500,1273,2454,952,3610,1655,4493,3228,3249,108,395,475,1421,2840,1228,2503
1550,625,390,1940,2531,3202,3387,2473,2229,1787,3385,94,3596,4755,4893,4077,4007,2349,3854,1218,1032
3797,3452,3648,3784,231,879,2035,79,4779,2671,751,1691,3002,937,577,4610,746,1842,1652,1290,3191,4599
206,149,522,4301,2891,679,546,4709,3616,1839,3029,3410,675,4406,852,1081,4810,4753,4130,4156,4282,3491
1959,449,104,717,150,1629,3855,3093,1158,1685,4500,576,1521,4782,1382,517,4908,2374,78,1867,2150,4285
1057,3664,587,3672,653,782,4521,1010,800,39,4713,3764,3580,2770,4922,2423,1292,1919,3134,3360,841,3167
2542,4001,2317,118,588,3826,265,3089,2510,4206,2084,3623,519,105,4240,1018,3042,277,3432,100,1156,1639
2716,1528,1171,4310,3173,1127,3481,2353,4204,1617,1474,304,227,3508,3531,981,1423,3607,1688,2062,1631
3894,4435,2816,3793,2527,497,3350,3988,1065,518,4532,3298,4475,3995,697,3587,3947,648,4414,1895,1123
212,3743,1043,3525,735,4745,238,4210,2152,3912,2180,1276,4906,3634,2717,317,133,2237,32,4796,1128,3828
1513,3844,988,2789,4343,114,4090,86,1928,3506,4560,3842,4316,1028,446,4336,1062,3992,1836,68,236,1138
585,4927,3964,2246,3815,1364,2488,4667,2015,3295,1201,1718,464,725,566,440,732,130,48,2786,2881,106,4377
2436,1865,232,4235,1599,2518,2414,4418,260,856,1889,4032,1311,1009,3714,4195,3339,30,597,795,42,2540,3271
4631,1566,2783,4528,2397,99,2571,3318,3661,4800,2369,3608,2637,2521,1953,581,128,1801,1166,3974,2792
4771,2903,3257,2492,4546,1979,2892,4700,541,3733,1854,2745,1976,291,282,472,4646,1641,630,2455,3312,4608
4622,1026,3020,2276,2826,1491,3460,759,448,1608,2896,2120,4161,4992,2924,1073,1256,3108,2670,3370,1067
192,3527,3501,4957,4318,4398,1980,974,4677,4183,4341,398,185,3840,4076,524,1440,3893,4255,1628,1006,1145
1483,3018,1004,3331,1284,526,2952,2847,2008,688,392,2767,953,1716,633,2087,80,652,2567,1539,1535,2846
3139,1134,451,4674,1569,987,4035,4324,1202,293,537,2402,967,168,4654,1701,60,135,3197,4935,22,3544,309
3510,2554,2525,4660,2159,3682,1597,1038,4841,1339,4514,4934,253,2512,3603,2772,3783,4602,4105,4513,4838
592,4338,2619,2147,2302,1266,4008,1262,1874,115,618,2950,146,3130,2313,4239,1561,2712,3181,3155,4451
2742,1253,1564,4803,4053,2870,3353,884,1587,4837,3707,4214,4744,3378,4918,4423,880,2692,182,3802,1601
3010,3433,2690,3319,1876,1888,1305,2306,290,2384,1516,275,1326,1690,2358,1579,4666,4998,4061,747,2345
2090,3179,4925,1708,4353,1367,418,719,1828,1581,2290,88,3534,3502,4312,326,1180,2853,2747,3336,4618,3457
435,925,3671,1115,4628,4949,2559,1879,2835,4799,922,1918,4082,832,1956,2740,3736,1886,43,2257,2943,4806
727,4184,4426,281,620,603,1913,2398,4931,4408,4644,299,2977,2705,1984,4627,2137,172,2117,4094,871,559
325,3643,1649,509,3908,3972,3436,3292,1416,2270,4275,2697,947,942,1505,239,4671,1337,4150,1977,3879,2108
3727,321,109,1408,4125,659,1830,4379,1280,2347,491,2516,1717,3959,1523,4571,3497,169,4736,2585,1401,2355
2686,3054,2937,1157,4383,4011,608,3285,1014,1008,1139,785,4988,470,3739,2729,2074,4327,2604,3478,540
4783,4363,4879,3367,3970,2121,1937,1334,1031,4739,478,1778,3918,67,616,4419,3333,1428,4064,3899,366
3996,553,4488,163,1011,3430,3283,1091,984,1712,4394,3458,4604,3761,4273,3077,3279,3935,1831,1398,1508
943,667,3585,4904,4845,4265,752,4041,4358,2752,4979,4537,3726,1698,2191,959,863,2578,3632,1622,3688,2460
3440,1498,37,1575,3368,2125,3533,1415,875,2491,1602,989,622,3140,4974,916,677,2804,4093,2842,1209,3592
3214,190,4431,4333,3133,4727,2025,4348,4344,4615,3206,221,4453,3773,4914,1925,2904,4036,2418,506,2187
897,1072,829,909,3521,143,2367,247,4688,4014,3090,2421,145,2572,1291,4309,2224,3128,200,3657,510,2243
3338,3428,298,2093,4420,3074,82,2169,768,1779,4262,3723,1739,2425,3425,1069,2961,1330,1327,3055,4068
2443,3499,2341,4138,2954,1767,1080,4851,4522,1048,270,4129,1035,2261,4932,3873,3724,3511,2659,337,3859
1229,142,1056,1146,3114,1464,574,2633,4936,2323,443,2226,4489,4819,151,2874,3611,1727,2486,312,496,483
41,915,4073,2273,3694,1207,4574,4889,521,4412,252,2102,2070,4530,2598,1369,3075,960,2063,3159,3554,1374
1714,1500,2575,3751,853,4044,71,2622,2285,3820,4030,463,1079,2994,188,2266,3402,2182,2513,4065,4289,4012
399,1558,4232,2887,607,4849,10,3821,2784,139,334,4185,3690,1200,1844,4953,2885,460,3640,4332,2298,4785
1353,4230,4182,4462,3756,340,2406,1625,2071,3973,2694,3676,4891,4440,1927,4706,1376,1809,715,1999,4069
3949,4818,567,4387,962,4702,3998,3132,2107,379,3247,3371,4969,3953,213,3384,1053,1812,331,439,4297,598
4956,4781,397,2926,3382,3317,456,4668,4975,3248,95,2086,3375,2233,3315,2594,3931,632,4734,3787,320,1294
3004,779,4955,89,1204,3934,2373,1543,2051,1490,3705,1278,822,1224,4170,4153,1588,1611,1019,3218,2916
1760,3896,3796,2535,3006,3729,3488,3759,4425,4258,3141,1682,844,2383,3588,1122,2929,4405,1136,226,2185
1647,2033,4657,769,3817,4997,4463,4567,194,1159,3220,4259,547,1426,3954,564,1757,3862,2278,3737,2865
4142,729,1580,3270,1407,436,2331,2250,1678,2348,2576,1345,98,3421,4947,3747,1754,2910,3795,615,1456,3845
4880,2066,3416,3215,1258,3397,529,1074,486,473,2547,762,902,4154,2920,2235,2451,686,4287,4892,2082,711
4561,4684,4971,531,2109,1349,3102,224,1451,850,2728,1565,2311,2324,2606,2769,161,1059,2693,4102,3763
1606,4899,1776,242,4089,370,4250,1413,4641,870,3234,605,3023,3263,2081,300,2228,1855,808,3374,4704,3470
1370,3301,2372,3779,4843,723,4494,1329,713,1635,1465,365,279,2700,1656,811,2845,2262,4606,3456,3399,3282
1205,3670,462,2949,4010,2225,3204,2490,202,3867,4759,1648,3886,1578,877,4663,2135,644,2566,3874,1592
289,2519,2611,971,3062,1172,4424,2432,2990,306,1905,1824,2860,4146,92,4354,2271,3071,3105,3175,1186,2238
2103,1877,4855,1906,1101,600,950,4607,3335,2850,7,348,256,2823,3975,1875,3641,1125,2329,3901,1912,2205
4357,748,1236,4192,2913,4614,2091,152,1515,2148,3101,3443,2748,2620,1643,938,341,2888,4066,267,3663,310
4268,2410,2264,2762,2907,243,2126,2588,1360,283,1293,3052,4748,970,4485,3830,2934,1302,1893,484,3749
4085,2458,75,1633,3976,4540,1970,2755,1478,3985,3000,4675,1437,3946,3907,1722,3601,2725,3237,313,375
2390,2132,1268,591,2583,963,2395,3201,904,535,1458,4427,573,406,2489,3154,4719,4165,2380,2768,3305,3076
1457,2821,1165,4536,301,3293,1064,2043,1336,4870,4407,4741,3814,3834,4529,1710,2110,2761,2201,3753,4060
2794,4416,1723,4520,11,3343,3742,1950,3294,955,549,4114,4825,3911,4888,4155,1762,4648,3014,219,3876,4815
35,3563,1135,716,3254,2614,1525,2938,1307,3403,1242,3720,255,3258,954,4245,1392,442,1570,838,3451,4840
4432,1221,4980,932,1160,2754,2004,3639,157,3835,389,1775,3092,3926,4687,1933,1954,1761,278,2801,2763
4626,2719,2494,235,1975,1642,4002,2931,21,2379,3095,4314,4347,4569,3505,912,887,2628,2352,2621,3200,2596
103,2862,4017,3604,4794,1593,2897,2696,1142,3363,2658,4361,1837,3068,548,2094,4943,3619,536,2841,3786
4158,3869,4680,4225,2049,4846,2497,2184,3381,1826,4685,1034,198,2481,4593,4088,1225,1472,4197,640,533
3579,3693,4084,2720,3496,1923,593,1094,4143,2833,3927,453,1045,3574,4897,761,3461,1522,4238,4793,3538
3543,3731,3922,4087,2635,3255,2401,2935,2672,2160,2508,47,4470,3203,898,2708,1093,1510,3066,1752,3212
617,1216,3495,1703,2307,204,4272,1848,4875,1323,3210,1838,669,1015,4045,1391,396,4518,319,4308,562,1259
3065,2133,1756,664,1088,4370,1,347,4121,137,4458,3467,2776,4057,3968,3352,661,2923,3746,4871,602,160
2075,3526,3275,2065,4742,542,3474,4538,4368,471,2300,2607,1362,4735,4181,4137,569,1430,402,31,1681,656
4850,4733,3758,2456,1644,2558,1300,2199,1445,3064,504,4321,4473,3678,4527,2054,2704,2722,1651,4566,1968
2163,52,1479,3148,668,1419,1264,3407,1110,3888,976,4993,2337,2515,539,2681,4665,1358,286,3532,2450,2479
2172,3395,4765,2437,2963,1738,731,3048,3702,4813,4978,4752,2744,3681,789,848,4304,3223,1660,2798,2553
4496,3411,421,3555,3567,791,1455,3369,2431,2922,3389,4144,2501,4989,311,1638,4743,883,2210,2864,1740
781,4634,3617,3509,4124,4213,939,2419,1653,2813,3417,2215,3142,1871,1663,3324,3562,1116,4322,948,2893
3904,4559,1969,968,638,4576,3870,4031,3823,318,714,2533,3493,3549,3156,4983,4452,3691,4738,4100,2645
2629,4186,4747,2242,1864,2650,3921,4388,4360,802,1275,4476,1283,3910,2962,1735,4866,184,1872,3518,4696
3392,1944,1958,3070,4679,872,1951,819,216,3120,1222,3453,4787,4177,2440,692,1731,2520,3188,284,16,1317
1511,611,1449,730,1463,3833,2668,2927,383,1148,1533,3652,2274,3651,1047,3011,3358,2868,1055,377,2560
2328,1390,2077,2412,1021,2217,3342,2127,3477,3455,3161,1971,3569,1993,2526,1859,4382,2429,3246,187
4471,4991,4898,3276,1677,2427,1274,3049,1719,1674,1476,20,4809,1403,2569,2471,1605,4836,3667,1841,2227
3645,4133,2534,774,1706,1534,2100,2876,1992,1107,4630,687,15,3005,2085,1654,2679,4056,4173,1155,3564
834,4501,2765,4366,1675,1584,3863,685,3689,2023,2537,2144,975,2592,1481,3711,3277,3346,1313,1673,3650
4246,3825,1027,3107,646,4117,2981,1860,3415,1726,873,1169,4198,3552,1212,1998,4591,2157,4159,3838,274
4209,400,1891,2089,2539,1961,2947,2524,2709,4384,1598,4393,2630,2589,2092,3446,3256,590,722,2639,429
4461,2714,4399,4220,2652,2350,3486,4438,1249,4730,3316,2381,739,1695,8,3811,3437,4492,3476,720,2083,4490
3960,3565,324,2016,2710,2676,2966,1795,3818,794,1254,826,229,2724,4074,4565,1929,3813,2562,4311,1753
1181,3489,357,1840,4123,2018,1482,3001,1769,4288,2155,2253,1884,689,3022,1743,2955,3,2408,3677,2042,4861
3176,2532,2241,2634,3309,4578,2445,1039,1820,2106,2778,134,2130,4218,3675,672,4995,467,2556,3376,1410
2294,4128,3420,3300,4961,1823,356,821,4021,928,2028,0,2288,2433,3951,4503,1914,3982,858,2286,4252,2122
112,175,2162,4511,2046,1119,4335,4907,3391,3366,248,4805,3308,4976,1711,3522,671,908,1911,2970,3038,2538
3606,1348,4504,927,2409,4299,3187,1546,465,3435,2640,1670,1112,1680,3961,3272,3251,1964,3612,889,4801
3581,2843,2610,1696,1822,3730,1063,4605,2064,1692,434,2166,1365,2209,1016,4135,3952,4283,3905,3056,162
3267,3119,1052,3472,3334,1821,2254,1832,4428,4760,2039,322,4101,4643,2284,2782,1486,2869,2964,3584,3550
2194,2818,3388,3644,228,2617,4442,1321,4013,3072,3887,2727,2356,3135,1220,2181,1600,3629,4005,2743,2211
2613,336,502,4883,2773,3514,2280,3791,3572,978,3528,499,3039,3146,3767,893,917,4029,3734,2021,2202,294
2399,1845,2330,3164,2396,3642,2422,2076,1930,1422,2819,1567,2643,1210,3414,1297,4798,3332,2852,2548
4790,4111,1037,1861,1544,1894,1556,2467,4807,210,1540,4942,344,4963,979,1005,3240,2312,2807,3679,4651
276,4107,4534,958,986,3448,4048,1168,183,1243,869,4396,1350,2183,612,1371,3471,2444,798,3177,1444,3955
561,3530,4639,1183,3524,3337,2322,2723,2595,2496,2771,264,4823,1985,4498,3211,4497,4721,4664,3586,4178
2506,3209,3163,1277,2624,4636,3520,4612,2265,3928,4617,1881,3839,2805,1981,926,4234,788,3701,2814,3032
3649,4375,3748,3131,1519,4951,24,2706,614,1609,2811,2319,1603,3847,4984,1554,4507,906,4293,1697,1699
2514,4732,1759,1620,3021,2279,2945,2879,1763,3871,1185,3776,369,2857,1163,4086,2206,3069,3273,1901,2983
1931,1900,1418,3846,4263,4359,1924,712,4212,2343,3216,3589,2925,3575,2231,1626,3190,4274,4987,34,1246
2872,2146,1847,2362,1917,1942,3024,2795,4773,1788,3047,1736,1191,3189,1473,2448,361,1173,2149,1357,2464
1897,1693,2167,2839,409,2096,4839,2541,2232,965,3003,107,2958,4004,1786,3983,3138,865,1745,2721,4967
635,3394,698,2140,1790,2417,1495,4305,787,73,1320,2605,3744,3944,40,3341,1232,2258,1672,2318,2388,1485
3967,3057,250,4842,558,3150,4180,3962,4973,3762,2097,940,1375,3551,1882,2557,528,1962,3153,3151,806
154,1671,670,2476,2957,2316,756,4788,2165,3307,3129,1724,1342,1803,4670,262,4038,4403,2366,3160,3740
437,4757,1751,2498,1627,2472,4373,3745,4827,2802,2105,1420,2568,1347,3027,1387,3109,2523,4625,445,1504
4331,3801,2050,2793,2664,767,4512,1816,707,2245,4378,3330,3112,2371,3984,4248,3696,417,4510,1974,101
2327,432,477,710,764,2413,2282,2048,3469,1175,1910,4568,3865,2646,2529,2687,3698,2877,1226,1805,1978
3547,2342,272,1441,4449,619,2333,651,2104,2972,84,3615,1853,2936,1161,382,3566,2988,2775,3882,2321,1850
4351,1789,1902,3986,3980,2820,2332,2045,3665,1932,3765,4079,3355,733,3880,205,1943,2099,1394,4176,354
70,3519,3396,3099,3091,3492,3937,1530,4780,4812,2124,1815,1083,783,2176,2996,3241,3019,2522,4221,4858
3628,1843,1269,4542,4830,2616,1915,214,4300,2186,3171,2971,3697,4633,1748,3459,631,2026,1282,3058,2116
3536,4027,2976,1887,2098,2118,1239,1255,3081,3398,3655,1461,1446,3030,2453,3094,126,2222,3288,4582,3418
1301,1996,3050,1813,3599,3768,296,2320,1665,2626,3535,2029,823,3028,2178,59,1352,4766,862,4894,2871,1983
2956,4078,4585,58,905,489,3771,2834,2112,1144,1388,1103,1582,3152,4392,4712,3624,2192,4152,1559,977
2470,1770,2218,4276,251,1529,3205,2378,2825,1195,1574,1922,2326,1075,2101,1231,3106,1316,770,2269,3699
3573,2726,2198,3881,1214,3490,866,3721,3994,2296,3853,4389,2812,3997,4251,1586,2985,544,1811,3770,391
2079,750,1118,1303,2790,4450,990,394,4157,1397,4917,1737,951,1121,1343,4113,2069,3340,3034,3238,3993
3012,2612,2507,2013,4118,2354,2737,2627,2803,2435,1470,129,3423,4254,1090,191,1396,809,2477,996,2738
3718,1051,4729,3638,2468,3932,2336,1270,2080,4703,2760,3517,1560,637,1133,3824,3866,2060,1899,1070,3121
2766,1572,1233,3262,1493,4433,3118,1459,4774,1190,2052,4900,4172,3180,1469,2837,49,4564,1659,2047,2875
4270,2574,367,1104,3861,2031,2662,4547,694,1149,2214,155,2975,1814,2667,2428,3890,1662,1405,4018,4816
1808,1818,2376,4095,329,3666,1170,4725,1383,2699,2073,4690,641,4222,3078,3244,4548,2041,295,3872,4063
778,3242,3662,556,3750,639,1346,964,4201,1442,777,2314,3243,972,584,1873,4637,1834,4860,2863,2335,1866
1261,2295,1257,557,3359,3401,3668,3537,1780,1030,2151,3943,1111,736,1982,1054,2056,1117,156,3009,3224
2446,64,4802,2196,4509,3561,4833,444,4890,991,2006,3087,3769,1167,1354]
