
====<<  Solution for 10000-queens  >>====

Execution time: 0.032 s

Queen positions:

[4134,4128,6628,5329,6784,7210,663,5665,6903,7708,4289,4171,8325,1102,2781,9304,9318,4564,8167,5411,3003
147,6128,9056,856,9015,1139,9712,171,3739,4571,9193,5918,574,7740,6214,4038,1050,4257,2161,834,8015,8211
802,695,8444,6102,4450,7751,2664,5153,3139,6827,9113,3554,4235,2324,9342,5974,3142,2530,9759,1207,7026
1308,169,5351,1440,3036,2848,6970,2128,1626,1084,7585,8874,1787,9290,4033,9414,4385,3712,5766,2739,6672
4609,9492,5441,7945,9904,565,1687,741,3836,4416,9567,4851,8530,3102,6194,7122,5954,2912,8527,5383,8808
6014,4800,1147,8319,3261,3463,8667,7754,3450,9819,9534,6572,9915,5217,9536,9919,2631,7839,8573,1576
8225,4085,968,9289,8096,3432,2535,2707,4831,9952,7976,1673,8987,958,5902,3537,9454,9274,9782,6298,7322
5600,2865,1247,6152,8017,2735,9483,6312,2006,197,7827,8258,6129,2577,4710,3684,1483,6044,7302,5857,7672
980,3517,2509,319,2173,8235,4150,7080,6439,8154,4512,4859,5381,2571,2798,1778,2377,2369,5864,7666,2952
6666,3151,2015,5259,254,7247,8269,2376,6525,7207,6704,4809,9788,4099,4497,2518,2304,8088,8479,9530,6742
7236,5840,589,326,4604,8627,39,6118,3211,6094,6998,4931,9877,9691,7057,4505,5154,2704,7835,2194,8950
2428,1351,8406,6145,3059,2148,2967,5802,9612,164,1572,8898,8594,6207,6651,4911,5519,7931,2819,3902,3652
7668,6184,5302,9356,9977,7780,6576,7383,3811,7195,8662,7621,3620,1843,8412,5890,6646,8795,7520,7441
70,5647,2537,8632,6719,9828,4123,9228,1329,2061,6871,4199,1059,8702,5980,3905,1784,1942,8277,2113,835
6325,9732,1715,1598,8360,9550,321,9090,9796,2088,3259,5559,2494,1539,9315,4964,6881,4324,8918,9499,5926
6916,7873,3549,2367,9288,6188,5661,8582,9150,644,9871,6697,5257,5745,3023,6288,8866,8505,583,7546,370
5936,3962,922,2359,4340,3768,4374,274,8804,9986,7226,7716,8049,9628,133,9369,4896,7567,5276,1814,8473
3746,4883,2730,2286,2225,2706,9264,7425,4959,796,5822,9034,229,9647,9958,4465,1988,9945,8802,2699,6113
7919,8857,9918,8078,6989,5172,6707,5992,1002,7563,5008,286,3491,1105,7095,7478,1067,6581,3694,5492,3775
8129,7534,8279,7278,436,305,8345,320,2037,72,5337,9923,9014,1027,6571,2891,3560,9357,8878,81,941,2996
3910,8371,9309,5550,9244,1280,9298,1094,5493,4542,5473,4088,1717,1314,1661,2427,2801,5277,4793,6341
7944,4163,6692,8185,6468,8548,3078,262,2778,4479,299,9219,4714,7565,1813,9519,5146,3581,3097,2651,8477
3321,8938,3448,6713,6451,2492,5679,6833,5057,4997,9495,2062,6673,2963,119,4745,7547,3703,3030,6368,2721
2753,8484,2108,6778,5969,7870,1319,5134,8727,9457,7903,9055,4473,8313,3076,5896,4444,4423,8322,29
1032,6198,1265,6476,6866,9235,1505,2409,1233,8872,730,4537,2210,1533,3245,3314,3918,2457,9234,7345,4599
6418,1564,4350,6023,894,4317,6396,3923,5428,6648,5292,3186,2576,5036,577,3050,6767,4683,6615,4147,782
8387,2508,4468,2857,3817,2898,6744,7179,7484,7463,8007,6851,5355,208,3497,2662,5760,742,3691,579,9493
3350,75,6355,8848,8123,7503,2078,4456,9900,5213,3870,2965,9209,2412,4760,8537,2500,9424,5323,4455,9135
5525,1167,2318,6398,1780,6935,6259,1621,9441,6617,8871,1350,335,5782,8290,1180,8022,8779,35,7133,3034
1334,1486,8145,2174,2163,5648,6265,1393,8544,7099,9676,6885,145,8446,6511,74,6635,4470,6123,9071,8721
9319,5045,4794,7933,5659,2305,5870,7826,8411,1100,2155,4930,1182,2141,4359,4915,1990,4265,5165,9541
9044,3307,961,9731,6717,9022,1412,4053,6999,3540,3613,4525,619,284,4321,9686,9061,674,5893,3670,3886
1775,2162,5709,7846,2923,2012,4131,5047,1945,8432,6310,5402,1802,9210,5382,7818,6787,1525,5158,6203
8611,6231,2455,7448,330,8005,4410,3758,9285,9048,7900,641,2658,2342,6088,1057,3118,8759,2453,3847,216
52,723,2684,3313,6652,4198,2574,1318,8405,6178,8959,6244,5240,6319,8125,8075,2644,6956,4501,8055,1363
1026,780,659,1582,1284,1438,594,9962,5912,4629,8900,9487,3795,9961,9709,54,2807,2991,8745,2547,1957,903
2931,1125,3614,7814,8457,1420,8726,2587,8500,7493,5673,5517,7147,5258,4751,2546,2228,9486,1969,4873
9988,4734,4491,1862,332,3974,8507,7840,7509,1416,8338,5792,6120,8401,2017,4840,6978,4065,4530,5218,6097
969,4288,4684,801,6144,156,5222,8942,5590,9662,5215,3963,5168,8467,539,7211,3348,6847,496,8711,6884,9613
6058,9045,4351,3160,1269,7237,3498,8762,2810,9040,7391,9823,2188,1403,7783,5687,1906,3667,4894,9172
2503,5178,7268,4602,962,763,549,5952,7670,6359,1428,7767,1610,7663,5352,4961,6235,9489,7217,1130,6150
7758,7435,8509,3542,3502,9929,7178,9137,3881,916,5568,3487,43,6661,6729,2076,4895,7836,4723,6349,7149
5109,4463,5965,8134,3707,1293,5195,3945,7659,6357,181,9653,6663,8512,6968,3149,1519,5014,3289,5875,2961
1895,5863,6299,6482,4362,5448,7123,8913,1083,8138,900,7938,6026,1766,3148,5076,5949,7167,8750,2363,62
8334,2987,2954,5657,1491,5433,8084,4521,3049,4225,8569,8324,6257,192,4795,8475,6228,9406,8039,3808,5818
5995,2501,1475,4261,1901,1754,623,6939,507,9559,3158,7845,7517,7307,7501,7048,4634,5768,4515,1933,390
4043,6274,5120,8147,6771,3026,6087,9375,2665,7304,7483,1745,7200,1682,8120,7104,8244,6112,261,7407,6096
3227,1056,9184,8680,2488,1417,5103,4279,3704,8370,3738,6750,1323,1365,6698,2630,7821,182,407,7571,8591
2905,7373,6766,3418,3253,4829,7319,4722,9063,3518,9201,3233,8168,7387,7927,2417,1700,467,3719,8099,9317
3851,5786,8054,9097,4828,852,7372,4493,1648,9168,626,833,4478,1776,9443,3699,8716,4233,9240,9096,4285
2580,2413,2866,2884,267,2519,7193,2320,6875,7204,9047,2293,2831,1860,6077,9701,9379,6809,204,8231,3414
5720,163,4132,7941,4211,6440,6976,9684,3784,3229,7883,7455,738,3069,3177,3990,3726,9476,1120,3972,6721
5167,6003,7980,9603,904,7035,828,2634,8876,1836,5775,8483,778,2354,6496,1427,3536,7272,7018,5842,1374
5540,1078,8592,3890,65,7981,1538,9207,457,7311,3810,8116,5149,4791,5999,5017,5137,2786,9423,9183,3035
1967,2752,6564,7723,5039,3630,400,5072,4993,4298,8079,8364,9891,4545,4996,2602,4247,2341,616,373,9568
3039,1383,3159,7305,8359,1882,3791,7177,2839,652,8349,5747,2832,3571,271,6659,2890,6268,6556,9710,1654
4810,4392,4902,1830,4251,7867,3731,4812,4185,1544,515,3747,8396,3065,4041,6844,9032,2978,4926,3897,2559
8365,6627,1573,1747,9922,9006,8210,6177,2927,1469,6886,484,8130,1871,30,2674,6631,3008,3464,3484,7169
8497,3718,5516,8320,5432,737,3720,8336,8180,3609,2797,4487,9144,3052,1804,4224,9459,7386,4476,8561,1977
4569,2740,8751,4388,6649,791,3136,4139,6151,9586,3361,3488,8522,6280,6598,4101,1380,9844,3725,8490,128
4549,5953,7402,434,6256,672,698,1095,2240,2466,1907,2966,7910,3150,5765,7966,4283,8024,9472,1994,408
8625,3378,4014,8045,287,4339,3596,6206,8417,3939,8144,5265,7466,9445,3659,14,728,4586,3996,7077,242
8689,556,3016,1823,5491,8972,7081,9950,1270,2777,7874,6947,9543,3205,6089,1540,4161,6924,2904,2604,475
3063,8447,2725,5608,7715,9655,5692,9674,1701,4093,919,6765,9770,2378,9832,7550,7172,2751,5547,5304,3303
1206,6575,6789,3327,2065,3426,6303,5132,6447,7013,7521,9282,1632,114,3946,2298,8122,7201,7440,8739,6715
3787,2284,350,1898,3587,5930,8894,1198,6971,6111,9159,6583,5360,9160,1254,587,4079,2142,5336,608,5904
3866,1744,5187,8037,4480,853,4219,4208,6852,7951,7696,9292,9650,150,6554,2653,3086,1986,9933,187,5108
8870,3329,4875,2809,5031,4210,6696,4598,1591,153,9266,5193,812,3533,5175,769,4063,934,9049,6370,6208
4002,7224,5230,8468,2421,9579,9598,831,1730,4344,2125,8882,3584,2257,9987,5845,6099,9488,2004,7106,9527
3328,5939,6433,4119,2762,1430,6034,6843,1789,5712,5319,3216,8397,7624,6142,6950,5805,2262,5561,5003
6285,4266,4789,2383,4458,889,3765,1347,8782,2920,6429,8612,7876,3298,9075,7424,417,5350,71,7806,2021
6277,3176,2127,3260,8008,951,7971,3723,217,8790,1108,4597,792,250,6801,5198,2636,8342,6821,7552,8937
4089,2824,6275,1498,4665,844,7648,7822,2915,8633,5229,482,1176,872,7809,6141,823,4047,6055,1557,603
4826,7062,1437,8645,785,3547,4928,3633,3267,2646,8218,3147,4206,4662,2470,6397,1741,2381,4408,8675,1910
9815,5013,7075,5452,7647,3400,1326,9128,5549,6642,4413,6065,9972,7288,2833,3734,9320,7487,1970,398
8998,3474,1168,1301,280,2247,4474,537,6727,3701,7858,4998,8104,1312,103,7447,1710,5010,3058,8608,2330
4693,9965,8834,2486,265,8383,8798,3033,1973,86,6378,3480,611,5806,9998,1891,3716,5067,3846,4256,3800
1723,8767,5813,8944,854,6740,9834,7292,368,5280,736,994,4382,9437,8046,3788,8149,7446,8947,621,9338,2362
4692,8754,9270,230,3665,2638,3714,9820,6101,9639,5835,7924,999,5948,9878,140,162,9973,6,2454,9776,6338
2609,2691,863,8171,1201,2258,8550,3094,5878,2529,4332,9225,7799,9646,5211,8539,5264,1835,4777,38,2625
7603,6763,6042,6374,2356,4720,6491,3393,3555,8006,1020,2151,647,9597,982,2894,3690,3798,6937,5873,7218
5322,3772,2883,8935,5468,4529,3871,5638,7340,3143,4180,4753,317,1327,9925,293,7630,9419,9004,9383,4498
5856,7928,231,706,2394,4435,9027,533,2881,4782,928,5469,4112,8906,9265,1886,3801,5298,4393,7406,2437
1844,719,1689,4648,2708,5427,3080,93,1436,4905,8728,5677,4514,2696,3386,94,4992,3957,1743,7347,8637,5286
842,3785,1603,9903,3422,2526,6081,4833,9110,6568,2382,4318,5975,8521,9343,8372,3807,7678,7191,5860,1322
8908,998,5579,1541,8191,5419,9026,534,6540,682,6589,7419,356,511,178,8851,7897,9809,2325,902,617,6975
3760,8150,3980,9440,3888,1644,9659,2565,3943,5909,6475,8276,4886,5826,5852,868,881,7468,8427,5861,1534
5136,5560,6898,3305,1193,8351,6561,6210,7508,9814,6909,1164,4790,365,3288,667,6002,7184,2973,1699,4402
714,480,2353,591,3857,8584,544,5438,6110,1464,5964,3935,210,6072,2926,3359,4967,201,2132,4584,2278,7296
2236,5623,3754,7315,6790,6282,6902,84,7637,8094,9984,8863,9187,5629,8504,3208,3970,5694,3100,3109,5022
6245,3750,1649,483,5170,6543,7338,2043,2254,604,1997,4816,6776,1926,9305,937,5181,3821,7037,5551,4868
3215,6870,8020,358,7812,2849,8410,6317,7175,8581,7358,8002,6530,9052,9762,5186,5538,9066,1484,8283,2935
3203,2919,7221,6276,2918,478,6215,4547,1115,8251,8607,6328,3552,9533,1605,3763,8236,170,3204,8466,8557
4389,6710,550,4703,8979,9725,3299,3041,8187,1930,3332,1529,199,8292,8831,5425,7190,772,1016,8845,9635
6963,6529,6927,8136,137,1809,7831,2063,7968,6435,5290,5725,9901,1306,7475,3071,349,461,2910,7811,6559
9013,8047,2390,138,5946,4620,2195,1344,1017,8239,2074,9374,535,1258,6057,1934,8073,9865,1248,2872,8
9997,185,2152,4250,1586,696,3832,3673,7664,1402,4500,9516,3543,811,1939,1517,1725,3380,5356,6906,433
7500,6149,8307,1574,3698,9378,222,800,8256,5316,6865,3268,6109,8115,4843,8009,5246,6457,2723,1819,2158
1510,5660,1993,1467,4948,309,6189,268,8085,2374,829,7092,4517,2816,477,9326,4657,5723,7176,1567,8789
9669,8418,4341,272,50,5034,8274,6393,116,6020,3199,6714,5817,586,819,8000,9280,3297,3841,4227,9954,7736
5366,7051,6731,5130,2345,7673,9217,3081,1719,5409,5447,3391,1156,5711,1495,2406,8151,2204,9976,688
5680,7041,7529,786,4306,2106,8298,759,1433,4544,6799,1397,3344,8566,3452,4726,9385,8629,6227,2981,3157
4212,7654,8013,5299,3987,3206,6565,1669,7721,2645,9148,9473,2909,7066,2326,5029,3436,2513,2344,1905
1266,7408,473,5148,1183,8647,4246,7430,4655,1562,1035,139,4502,3440,4702,7794,4637,6375,4617,1087,2632
9677,9872,1160,1702,1221,1737,4436,7810,8577,4645,7472,1537,9325,2124,5239,1929,8021,6394,5698,8531
9114,2510,8478,2459,4217,7074,8783,306,9584,8161,5556,3985,7660,2761,3599,9767,2010,4607,1144,640,8212
9394,7355,3083,3015,5494,9627,40,615,5150,9501,6867,4175,9271,9711,4984,3449,4075,378,9198,7770,5081
2029,4363,311,4059,238,9043,8803,9316,7834,6033,2196,134,1501,4568,4276,5234,2852,9531,7545,5683,255
6286,2804,9080,7079,4590,7830,3280,6372,4364,9697,9574,5488,7916,9971,3108,1493,2380,5927,5654,1203
1398,1641,1169,3991,6010,9490,7979,7865,4443,8374,1931,2288,2388,5139,7543,6157,85,5273,7693,1418,3040
2039,9125,3005,1364,9996,3129,8328,7861,3249,4354,9755,2094,7313,7913,3858,6321,5313,5009,6791,8963
6211,456,9705,2328,7516,883,1421,5070,1012,8742,5866,2566,2218,9411,202,1073,9801,3782,4277,5781,5752
7894,7174,4380,3153,1489,9846,7620,1311,1295,2389,4759,9072,1916,669,5592,832,5858,8850,9854,1055,8487
9781,2242,4858,8769,9008,807,416,5717,9853,4857,9951,1584,1423,5283,1892,5016,599,1210,5410,4621,9365
1511,7841,9255,721,2445,527,172,1767,9713,5614,8489,3889,8797,4203,784,9708,2858,304,8391,6383,5508,3885
1070,3237,1381,9451,3806,3132,9673,6630,1597,5504,8889,1185,9663,3466,3960,5801,5558,1361,9481,7219
2429,1219,228,5724,8508,362,1190,7833,2265,7277,1764,7665,9862,7485,5035,6164,4013,8076,8547,6078,4049
1286,9291,722,541,95,7356,6940,59,1984,7977,7459,6220,8035,7390,8991,3842,9267,5478,9397,5091,2515,2013
2642,8304,5651,341,547,5332,3952,9211,9018,6655,3330,2450,6373,5086,524,8921,7653,8855,8422,540,2934
8748,8715,8064,8775,8488,8699,1096,427,1231,5710,9592,8452,3986,6414,5764,3214,9577,9039,2033,7791,7308
2558,3840,2014,5755,6036,1214,7498,799,3375,8414,17,7731,9914,3689,967,9858,8628,7999,1837,7486,7784
2697,859,3938,3831,6197,7110,4870,2557,5112,7923,4255,7714,4872,1166,6074,297,2339,806,1451,892,8764
4086,6240,6513,6162,8763,2230,2089,2140,8650,6936,8980,4376,258,5883,4142,3485,8316,46,8634,2672,4200
1065,9016,1797,1047,1422,1874,8069,1044,1651,2988,878,3478,9202,1793,6933,3573,9644,912,7118,4300,1024
5275,5630,9173,6186,6007,4160,3657,452,2521,9868,1914,2726,6764,2213,6455,5062,2929,4506,850,8118,3931
7297,3020,9940,394,9779,9301,5973,4618,711,143,6908,2435,5269,3345,3582,97,2491,939,1846,1015,8177,2343
9242,9382,1515,3954,3676,1178,2911,3140,2068,5407,4563,8895,4849,9452,2408,8703,4788,7388,3270,7532
8152,9616,5241,144,5613,392,1331,4610,6804,4685,9405,5184,1799,5353,372,6862,9328,5699,6679,9743,7006
131,6523,9427,7937,6701,538,37,479,4605,8501,6588,2825,9195,1935,4658,6445,8158,5770,8624,9716,9429,4909
5823,5183,2371,4012,5152,2838,7186,7250,8193,4652,9000,1054,3154,9943,2423,2348,191,664,8520,5255,803
7816,6296,7392,7058,3354,3269,8695,3779,5933,310,4191,7992,9794,6547,4338,9572,7422,7747,4141,9088,606
7014,4204,2175,215,3031,768,3490,4914,7044,2260,2583,6849,1045,6045,2656,9756,656,1563,1041,7130,7170
3891,1434,1879,6337,6972,6084,5923,6612,6593,5962,4029,9608,8140,5631,9399,3230,4678,8635,9400,424
4615,7655,3653,2253,7396,73,5518,2948,3805,3024,9721,7862,6332,4728,2986,9344,9702,3420,8499,925,3300
3360,3183,2350,5908,6385,5321,7128,1399,1855,8249,4149,327,7182,6236,4307,1558,2552,1204,4973,4039,3022
6584,1607,3982,4673,3688,8386,7866,9912,481,1656,1692,4189,658,7506,9888,8526,6893,8296,749,1530,6981
6590,3559,8172,3830,3914,1494,4807,5984,1011,7578,2360,1292,9898,6225,8758,3231,3068,6426,6957,874
9606,9936,1549,4884,31,4929,5931,4850,2084,6703,2686,9700,1151,8945,5000,9806,2678,4805,1788,7158,3194
9829,5481,3012,3812,622,886,3932,7502,6591,7572,9719,5977,402,9565,6261,1441,8195,5892,6702,1683,6536
7187,7957,9583,2337,8946,1089,5523,2115,8121,5771,1917,6117,4253,7076,8465,6664,7093,5294,4581,6134
8443,1631,4082,754,1866,384,8255,5576,9735,992,8051,2185,3331,6636,2235,4681,6638,8538,3075,9935,9339
3224,7411,8723,505,1611,6281,2659,7301,1580,5219,8091,3743,3981,3145,4663,1695,9368,8690,5020,8317,8988
1878,2980,2327,8506,3453,8135,8222,8830,9642,7987,6747,8421,3773,6471,9654,6136,2069,7558,7777,3595
4977,865,4328,4187,4770,6390,5832,5462,7086,363,1085,2133,3774,1305,8303,1460,4524,5958,9296,569,1581
1063,2876,940,7757,7947,4023,57,1163,3930,3565,1614,5567,684,8864,4614,6782,4838,5787,4083,9169,3451
3284,5359,6478,5502,6458,6657,993,7185,4003,838,7071,9152,9538,3192,9215,8071,5521,5656,6490,8227,1037
3037,5093,3882,9630,9038,3993,9885,6238,3900,5110,5161,7527,9883,7851,2835,8321,8456,9785,3546,3823
9046,8433,9744,5810,6839,731,6818,1191,9953,5058,9346,3635,8253,2554,1101,9020,3179,3539,4228,7901,9588
3120,4792,9502,4907,8920,3392,4582,9786,5612,5907,1849,491,9156,6991,1629,5514,2016,6959,3579,5713,6969
9733,4223,8810,8677,3339,1228,536,6392,8717,9321,8696,5847,3323,3193,8310,8350,5524,9509,9093,5092,7974
9388,16,3091,9590,2233,5929,4667,9651,5586,5799,5544,4746,7124,8823,3776,2032,7616,9855,1129,5477,348
2610,9161,8110,3374,3437,9348,6690,1812,5718,7706,1983,9813,9460,9119,5756,9970,9661,9402,3496,7306
4056,1732,7825,8646,9012,6140,8314,7216,6297,5751,9239,5390,2861,9652,8692,7203,2745,4369,8653,2679
2764,9554,9208,2971,4006,9466,3601,41,3786,2615,8772,6822,1431,3325,1760,2291,1104,7983,9464,7300,9905
1354,3526,2472,2944,9332,1288,9777,9273,9067,1157,2157,2082,4804,1865,4309,220,1249,460,3475,4899,2506
8284,8108,298,7275,2219,9129,5101,9491,2166,7274,841,4601,3733,2618,9231,879,7053,328,3101,2851,3346
3232,8302,3924,1816,7892,8747,1390,8430,7593,7996,2083,6253,4955,8010,9204,9581,555,3180,5557,9036,4090
9425,8184,3285,2855,251,8065,3789,266,7882,6621,7718,6500,3195,6104,4675,2498,3239,1691,7542,1596,2755
2216,6786,1785,8903,9937,1031,7877,7116,7713,8631,6732,2856,8596,8954,3234,1238,4706,9131,8215,8766
7942,7857,9248,8186,391,7328,8385,9555,5157,129,3586,4009,4966,7734,8474,8621,625,5564,8498,6560,8460
726,7699,712,4218,7266,2693,115,7282,8461,596,4280,9990,1643,694,7352,3250,5121,8095,6054,1046,766,9991
7969,8564,1355,9845,8880,3423,2984,8004,3510,2588,523,4166,6990,2870,5804,63,8516,9226,8585,1152,5671
561,18,8934,3009,3202,5780,9799,642,588,7085,338,8282,6108,313,1829,558,4046,794,9556,4935,2270,1686,8562
5324,750,1082,5248,3483,8395,4986,442,1004,6532,3410,8853,2877,5669,4863,361,8337,8036,4356,1991,9462
9600,7260,1693,5639,9930,3934,4982,9227,8768,8331,2556,2591,1245,6205,7967,4773,8933,8669,7902,167
7109,787,7994,389,7329,6376,9843,9960,247,385,5495,7239,906,2052,219,8821,9714,6436,554,3124,2748,6403
930,4390,2937,9848,2095,2635,7028,9525,651,6473,9118,4526,382,1721,7615,9967,5371,5207,6423,816,8074
7197,3044,3342,7225,686,9180,7413,2864,9262,3057,4072,3166,1018,6032,1659,5800,6409,6076,2317,8027,870
4848,9300,1768,2713,9838,8153,6180,2673,4415,4979,963,2312,5126,9618,3439,697,5439,6882,8722,3967,5289
1635,5223,933,4721,7091,7692,2637,2107,7644,8381,9162,2799,175,2520,352,1337,9371,2047,8101,1372,462
1924,9294,6126,6489,4267,8986,8905,6512,8657,9484,6199,8770,6973,6587,9645,1442,689,89,8587,4037,1826
6861,1514,4102,2398,953,6216,6012,5985,7907,69,4337,4454,4042,3241,1729,9009,8089,92,2135,6287,55,469
7533,1445,4094,795,1090,8744,3174,493,1135,628,2071,6796,2080,5385,543,383,1048,2081,8250,6616,6069,7033
5142,2368,13,677,2198,5325,4543,3505,6327,1841,8773,8936,952,3696,3265,3973,6805,9276,3529,431,9696,8932
1889,9158,364,4946,2548,1781,5961,5279,8639,439,943,764,4754,9078,8062,4531,7680,956,9636,1362,8678,6320
5358,9380,9444,4349,4352,7705,1508,369,7257,1623,3928,5059,9682,7842,7429,4323,1609,5301,6753,2178,2754
8139,7378,7234,9763,4718,4958,1801,9170,9390,8540,232,974,8257,188,3430,4864,1407,9258,3240,7618,7351
2605,8041,8181,8435,8839,6159,1043,2296,7972,8786,2031,4688,5534,8266,3062,9025,6746,6520,4271,1476
1817,4786,5436,3961,6386,2301,9896,5881,4025,9861,6548,7597,2160,8985,6923,296,6095,3577,4836,5749,9279
6606,9420,8835,2019,5798,7065,9798,6056,2201,8335,2532,8300,5231,1503,5281,437,2997,9789,2440,6905,9254
4769,2154,897,2117,995,4686,27,3088,1908,7366,9250,253,9830,1246,6709,2722,7111,4081,8700,6954,564,3514
8040,685,4649,8552,8981,5668,6093,2701,4303,5386,7036,1807,3544,4229,9042,7318,7978,8068,7798,9909,5778
9515,653,8588,9023,6794,4814,4240,9730,7426,3096,8956,6869,1978,5637,716,6930,2269,3741,498,9082,4534
4845,4867,91,6550,7069,7679,5588,9551,1599,1753,7823,9079,2736,1928,5972,8137,472,2411,2385,1264,7310
8844,7649,4630,5501,6273,5562,7145,9212,9389,5981,7676,687,4716,7259,3173,2830,3272,5850,8701,1093,4866
1585,440,4689,2913,1278,4757,5988,5396,429,278,2812,824,7642,6316,5512,6599,9218,468,2266,6854,8262,1711
7538,5052,4461,9337,3019,3103,4254,2657,9028,9771,2096,7480,8535,9058,3592,8159,5841,8286,281,5643,7540
9475,9166,3532,5601,5247,9703,7385,8892,4518,6755,5078,5510,7367,9764,4044,4906,9253,405,8777,4553,6125
7636,8651,9438,2396,2878,1492,6060,9631,2841,6883,5163,3815,5315,6619,6487,1220,6446,485,1006,5357,1937
2186,2932,1468,7591,9277,4050,8265,8199,2054,3252,6994,126,1307,4587,3822,5895,4913,9931,8973,1179,7246
4087,9660,4643,5266,6193,3674,6518,1173,3992,2364,9050,8246,4987,1346,5200,7254,7592,5249,3643,562
991,2392,3334,3104,2527,4411,1805,5877,2953,6155,9199,1528,8590,8765,9387,4336,3799,5467,7271,2130,8142
7343,4239,4137,7241,4711,5758,5611,4784,15,4861,5143,1857,6779,9205,584,212,4628,1543,724,8609,2011,3843
2640,631,8323,1698,1815,7641,9920,8464,9578,7166,690,8642,9123,6836,1480,4222,3055,5306,8875,8287,214
301,2375,548,1921,1825,5088,1968,734,7067,1657,7375,4651,339,4879,7722,506,4434,6952,7068,4201,3521,9263
1126,1690,9068,190,1938,9742,3217,8824,7728,3680,2523,6481,6857,2560,8491,8192,9051,4933,3906,8306,8553
9938,458,4761,3165,7880,9934,8380,1637,428,3396,8605,3501,5361,9773,4172,6408,6868,4820,9839,8975,6146
6260,4008,4750,121,508,9192,9671,4830,8778,5662,3899,1820,2434,6424,645,4384,101,6549,7381,4106,7669
8860,1622,2070,8644,8377,9237,662,3324,3427,9966,8086,756,9699,6734,6416,8207,336,5851,9393,4908,4143
4269,2120,9177,4424,8818,3683,2055,3167,5676,614,9098,8622,7890,4118,1748,9985,2836,4177,4882,4383,3201
7421,5640,7960,8001,2110,944,8429,6503,3942,1449,1159,5843,5784,8347,5734,386,7694,5744,8916,3163,4510
679,1075,8390,1425,211,3457,5837,7415,2957,8216,3481,5783,7594,2950,155,6521,8455,3958,1021,935,3679
2424,2512,9178,445,6792,4373,7022,2787,8003,5018,2822,2975,5987,7138,8247,9029,6362,9041,855,3686,9181
5245,9808,4588,285,783,5914,8127,1954,2791,6246,9810,8297,1124,3137,3156,8589,5581,7628,8897,2438,7773
9506,6614,9803,9109,3407,6645,2273,1242,6831,820,5384,331,8305,2888,3669,848,665,1019,3119,9507,3964
2172,837,8126,2652,9678,6634,6181,6845,7427,2808,9928,8567,6837,3025,6684,1007,2058,5762,8188,9927,1321
2100,4296,8245,312,2050,9498,1893,1042,5515,635,6942,8893,1671,8847,4167,5370,9333,7454,6738,1670,7114
3965,5906,2525,7125,7165,2146,2280,8525,3875,3988,7229,8686,5499,4333,6381,2027,6712,2300,3370,732
2275,6417,324,8233,6480,2309,5284,6807,797,6037,4438,4184,1302,1413,9698,1666,8877,7698,1677,680,252
8771,3223,5728,8825,227,8885,7939,9675,6024,7759,9019,2005,1707,8683,8817,3687,1602,7782,6901,9167,8760
1663,7879,5663,3740,9011,1485,344,4183,5228,8111,639,1013,8463,6992,3121,8598,1782,4766,1165,9496,8056
5615,9245,1406,110,7409,4936,5937,8710,8995,68,9658,3727,4585,4464,542,1205,6756,4071,4205,2248,551
441,2617,6754,7633,3356,3292,6421,907,4305,5119,2820,9363,359,513,113,2399,6555,6918,5542,9214,8048,7958
4632,5545,5815,7496,7652,8038,8976,6474,9324,1379,6038,5291,6997,6467,4412,1472,9605,2122,6050,100
4055,8948,1396,911,1356,2779,9617,6127,80,2550,5089,1291,6221,7202,4918,6450,899,578,9687,8327,388,1349
1870,8559,3326,6674,2974,6347,5244,8593,3273,762,1241,5721,7129,5342,53,5829,2817,4736,1411,8033,6479
9680,4691,3138,1377,1749,7619,8969,3519,1716,1509,2539,3590,3509,5422,396,1127,1965,7479,7613,56,186
1243,3225,7986,3948,757,3401,2462,7606,1211,4897,954,203,4635,4220,1625,1777,1845,1774,9595,4528,9257
6463,9910,7632,7549,9761,1097,609,7379,8528,1821,9306,744,1960,4674,9818,5731,329,4048,6811,2710,3373
1971,6730,2763,2176,1883,1336,1463,3893,6495,2741,1912,7220,1976,2493,2212,8999,5489,2099,218,9587,4325
9851,7143,8688,5435,1961,9505,8643,4398,3309,6176,4367,2465,6938,729,6951,5919,1443,6594,9783,6255,4197
9311,6993,9641,2169,5285,6391,5769,6665,1658,6384,6364,2624,8753,1900,209,1299,5994,1482,450,6114,2783
1739,7605,9087,2551,8454,4731,4748,8219,2945,7098,5859,862,5278,1400,123,3051,519,7206,3876,4353,7843
3084,4550,8289,3315,9619,3833,4335,6410,7735,6683,753,2418,1798,6921,1952,2815,957,7984,990,1395,2285
2346,5210,6788,5773,2134,9942,9127,9436,6967,5772,2670,1608,8492,1091,6132,9649,9989,4939,148,3113,8442
692,8202,2245,5736,7499,8736,9752,3770,9439,4520,5338,725,1328,353,2788,1315,9147,8978,3388,9138,1996
4819,2569,5761,8170,5476,4823,3710,8232,6196,6926,8353,6039,8719,8311,4920,355,9793,8676,8066,6022,1833
2279,6135,7697,2473,7719,4192,882,8837,9327,1709,8344,8652,3027,1107,9974,3816,499,6091,8656,9164,9804
6813,9837,3925,4834,9136,8329,2352,2826,20,9911,9122,2049,576,9992,3341,5084,3983,1142,6528,9448,1455
3442,9948,8841,9033,9870,2009,6029,3316,9191,9959,1881,4181,6352,9893,7019,893,8746,3087,6234,166,8958
7192,5620,8648,6430,1080,514,1571,9637,7317,8801,7703,8931,8451,8523,4974,7465,5463,6953,9362,557,9030
1794,6795,9665,9422,8725,2433,6983,455,2393,776,8800,9241,5421,8524,5527,2821,5102,3257,9054,9095,9760
7153,2586,2959,3188,6912,8542,5897,1668,704,7050,7712,6855,3853,5577,4407,8028,7681,4357,9882,4477,5335
5104,8961,7772,4278,6658,9140,593,3093,2048,4066,9106,9566,7824,3115,1290,1313,6006,1053,9802,4623,3969
4970,4641,1734,8713,9494,7436,942,1170,9706,2499,5100,7956,3089,4022,184,2093,6716,6485,7335,9500,7855
8063,2998,6345,7813,8209,8400,521,2647,1979,4186,3043,8413,9720,9421,1153,2370,340,4176,4890,5251,2643
6958,2727,2544,1500,4193,3903,8424,2478,7011,8511,1446,2641,8849,4650,9433,2267,7423,4170,2416,3745
7032,6237,7898,4953,6105,6934,6965,7280,7444,9341,4469,3435,5140,5754,3357,9797,9347,7955,8884,503
6917,5413,9099,168,8356,6562,9857,634,1890,7891,3803,5221,7344,130,9604,5369,3275,5570,1177,7555,6728
6434,2307,931,316,7161,2504,1714,1237,5658,9031,1792,5225,8791,3977,3141,7837,1773,7453,6824,5455,3658
8458,7711,950,9941,3482,3443,3715,2568,8541,4238,8842,8600,4937,5235,2217,2845,4552,8480,4475,379,7495
5505,9769,4949,2792,6996,1409,6202,5021,273,4572,277,4016,9729,2189,7108,8930,996,4846,9879,6366,1902
5642,867,1161,6165,7952,3349,638,7611,1706,2407,6691,5348,6330,887,1560,910,977,6085,9447,4121,98,5061
740,6834,6770,8953,1181,2372,567,9620,4551,8441,2485,9073,7349,2222,9689,9983,1360,1896,8155,5368,7287
2770,4459,3175,8649,5625,2992,1618,7398,5449,2842,99,4694,7601,2448,5474,9175,7183,7789,366,2749,1628
3619,4282,9860,9331,464,7871,6913,9408,3780,2264,1239,1039,4670,2316,3060,7970,6399,1352,2806,7337,7908
2414,7853,9807,8248,6133,929,1681,8280,2118,8399,6517,2046,8586,7049,9155,2475,3222,1121,5388,8369,6483
7590,8752,9772,3355,3447,5344,510,4801,9142,5705,2077,5591,2349,6910,7126,6441,7395,7112,2487,1840,4733
5023,5107,2718,9139,649,6892,8924,5531,9867,3146,8997,3873,1225,9553,7963,3835,5363,693,4854,4981,5416
7228,6888,5696,9132,6185,6820,8173,7445,5307,6420,8671,6121,6737,2311,6486,2511,7551,517,7658,5079,8113
2314,643,5879,443,8109,2415,4925,9482,5083,4358,2846,1272,2159,9002,8357,7943,5697,6407,4107,6668,8376
1171,1521,2553,9252,1389,9569,5597,314,1985,4153,1224,263,9570,5232,3200,8636,4980,3608,3399,9548,8879
3047,8318,9774,2958,2776,2340,9969,5189,3677,1136,4030,8568,9638,2606,3014,6139,9902,173,2660,6537,3000
4825,3564,5529,8698,3262,7548,6585,9754,3528,9251,4394,6222,5272,9329,2436,2680,7171,4031,1665,3162
2022,5380,1304,4796,9149,1038,7303,1401,915,7790,846,2928,6928,6774,360,1062,8189,9897,815,7089,2277
5695,5865,9232,8720,6488,9562,7233,9856,6241,646,7120,9573,9314,1186,3766,9664,8367,2237,7034,5757,9666
2907,9694,2452,2896,9520,6307,2468,7173,1647,8867,1680,90,8124,9247,7997,3820,1995,5831,367,7650,325
3421,6586,7828,1158,3337,6343,2671,318,8469,6553,5537,8042,7097,7872,5609,4519,5190,5645,997,3365,2619
3700,4968,4496,9564,8756,4622,7199,1141,2001,7152,5667,5430,3607,2893,3671,399,5376,6509,6059,8018,9740
3170,239,3732,6793,1763,8943,2060,4676,7262,497,8994,9233,1162,1309,3433,4818,8238,7289,9957,8346,7557
2885,8388,5816,5794,410,2629,7020,6452,5767,4330,4314,2982,7255,9455,8326,529,7677,8224,978,7267,1391
3631,2044,2290,7023,2302,8992,5998,2538,6856,2903,1566,2252,5028,1392,4636,2595,9340,2040,5532,2255
9849,6574,6090,23,7024,5700,6835,3742,3045,6777,9479,9526,8178,3013,6872,2729,9672,2289,6623,8660,8449
7746,3672,1487,9768,3126,8332,8881,2733,3819,8654,1894,8601,8419,2214,5135,4626,8869,3189,8162,3947
5707,2025,9876,4395,308,8679,6506,2936,3880,6377,8733,4080,9461,3178,2516,4386,2899,165,7504,3755,9323
5303,2168,9442,793,1913,7397,3411,1601,8709,5726,9467,7634,8983,5922,4096,8315,9634,2868,3444,2756,7554
717,7163,5250,2502,3863,3017,9196,9229,9249,9085,2592,984,2562,5182,346,8532,983,9349,7749,7743,9094
7470,8275,3235,4214,2614,7990,988,9863,9121,5996,720,2111,4295,7442,28,9115,8175,7096,9835,8423,60
3618,8910,654,6762,8560,8415,415,6508,2757,224,4991,4950,403,7537,3520,7886,3541,7860,5185,3709,6469
5960,9750,1972,2946,4642,1240,3500,9817,1619,5589,9477,1279,2790,451,3038,8493,7579,9446,2622,9001,235
5043,3281,2545,7420,7244,7950,9753,7326,5691,4740,9450,4024,1962,6082,107,9790,4771,9064,6609,6098,7231
9392,4010,9260,5824,5715,2138,7577,6449,4453,4428,3064,9361,8241,965,4653,6290,3319,7348,531,432,5916
3883,5347,3276,5122,444,1271,4486,1253,1456,1276,78,2607,6946,3416,2283,1077,6131,1008,804,3001,7476
6890,6107,104,9629,8693,964,1283,5854,4855,6052,8026,1465,6073,3634,745,8614,1959,7998,3879,8291,6315
8502,8890,2805,8572,8295,6191,1099,8846,9926,2970,2091,5828,9511,122,8970,6700,3067,585,7744,3105,5115
755,9739,2426,6431,8793,1296,7607,3682,5853,5015,9827,7627,4687,6499,8563,1922,1370,486,5911,423,1275
7332,5785,7656,3837,4414,8132,3556,3767,1731,465,1297,7253,5903,825,5237,2543,8103,3744,4668,1342,2738
7915,9453,8481,5387,1112,9295,9657,2616,3662,7800,8426,6314,8083,2828,3468,4327,4026,6806,3642,9373
8394,9364,275,1122,2208,610,4613,1727,9994,351,3085,6351,2136,9576,1282,1822,4839,2073,1453,9892,7314
8546,6116,8668,1030,9005,5205,7852,1274,7212,5882,3172,8655,3456,681,1839,1145,5789,5846,3364,1758,3735
9407,8165,5199,9243,8087,1281,3099,7005,9640,205,4481,857,821,9336,5606,8896,7819,630,4765,2116,3976
6785,2244,8856,1915,4499,3728,5650,2171,9350,7587,1287,947,1568,8131,9188,3504,9780,2564,1114,9418,2092
1113,504,1756,7850,8453,774,4084,4680,8694,3794,414,733,7,2567,1184,627,5346,871,3343,9308,3852,1466,6603
5684,3369,6534,866,4447,1202,3538,422,6425,2334,5412,1366,6899,5113,3685,5437,885,2145,8105,5177,5791
8252,3486,9330,6610,8166,4445,9469,7016,1868,8264,2514,4274,5201,8308,9194,6915,4391,1512,5446,4644
3248,8597,4853,5748,5670,7010,7064,9825,8984,1340,8555,8578,7488,8254,9154,6498,1003,3274,213,571,1255
7645,8697,1371,6962,6726,1235,1650,675,8341,4100,9284,2695,3394,7580,152,1192,2811,2747,4901,1052,9847
1873,4378,6295,8904,8445,8812,302,2887,1072,2439,6015,1761,4802,6552,2079,8617,2495,2585,6258,374,42
1524,2579,9230,7559,4554,3736,1369,8785,4005,3403,1348,979,8816,884,5979,2231,4951,4011,5114,5533,6427
1583,6812,8425,5808,1252,4457,2916,1131,9206,2908,7117,453,9213,9485,4122,1708,1694,6247,1060,4546,2220
5776,249,5001,7249,595,380,3591,4567,5628,5389,5905,3155,4888,7000,4420,9003,6678,7320,8119,6558,1452
8989,7492,7612,8822,6670,4504,9222,8510,7208,421,4852,4513,921,5071,2734,9546,4707,6929,7750,371,9894
3207,1251,3968,876,1531,718,7012,5983,5686,4111,3366,9831,7362,2654,1520,6369,1974,4448,2869,8666,5819
9852,3,5471,9859,1118,9946,1155,8687,411,4923,9497,2461,487,1268,655,3865,1036,2469,3028,6515,6733,4924
7222,8551,1261,1071,7586,141,8964,3133,6400,7336,2180,5688,1229,4856,7321,1277,1332,3955,1554,7614,909
7281,917,1551,7598,33,7643,3092,1653,5069,9869,303,1667,3111,7753,3095,2759,6803,5593,8806,8977,5921
259,7235,8016,847,1368,9656,8663,5293,2879,5267,1069,4772,3470,7205,466,3308,1086,9609,9873,376,1410
7350,8735,7357,6830,409,8805,7489,120,2007,9409,3152,5328,7539,8019,3588,5924,5729,2875,7775,8471,7150
1736,5270,5457,6143,51,7135,560,5408,4484,3610,1718,5482,7795,9539,9622,1606,6161,4660,2871,6304,707
8626,4965,8873,5450,5312,6736,2840,9917,6748,9,624,6566,9376,7403,9478,1880,9185,2294,8107,3070,3004
798,5399,337,4878,7473,500,5123,2650,8117,4523,447,8952,4639,2902,9396,2863,7733,291,7467,2694,5803,3548
9643,8960,9906,9685,3363,7936,4273,9757,2397,9313,2274,6760,3353,2471,3243,2109,4310,420,3558,7054,6579
3692,9747,8838,3797,8437,6987,4460,2623,2477,1834,1154,1587,3296,7223,9956,2924,1728,7151,7265,3107
3494,4421,5310,5046,4755,2056,901,8301,2489,6017,6656,2711,5901,3937,1232,6567,7859,7477,4485,3984,3351
5176,6860,3524,8529,354,241,4945,3131,1317,5511,9412,2150,6761,4320,7449,5971,9431,3535,1187,6557,6190
3912,1415,6239,5522,3793,3646,3668,1684,9223,246,58,4539,8641,5796,6607,9626,412,4138,6358,5288,2456
244,6810,822,5202,4799,5147,6535,7720,9688,2129,4695,9157,4319,1341,8811,3385,7925,2955,5574,1461,8514
8196,8583,3125,7638,4098,2193,7906,4844,5884,289,276,8059,7805,9165,4717,2306,9468,154,7832,4488,2000
975,4146,520,4135,471,8917,657,5963,1119,3648,7511,3117,1014,8955,8330,1712,9372,9683,6602,5470,9690
5227,5171,1222,2075,4943,6880,4860,3966,8285,914,1343,7094,1818,1579,7101,2930,948,4130,4334,7926,3460
8146,438,109,6251,9601,8794,7154,5206,1678,1109,2238,8536,5063,395,5993,9545,4301,4975,8470,4097,512
9947,5025,2847,7015,8408,1824,1786,22,4730,6541,1885,9899,6243,2771,1324,279,9791,6773,5703,7157,6048
6432,6626,605,7657,2541,5049,9070,8819,5055,5141,7330,1536,1578,4165,9978,2250,8242,6624,5444,955,1444
570,2104,8494,1227,494,8273,8965,4494,4654,1720,2232,7515,7361,4397,751,9220,702,3971,3854,7965,3792
6031,9101,5944,9017,2319,4806,4821,3625,4368,7685,7584,8382,4767,4237,3713,3751,3602,7920,4263,7737
1735,9310,8025,3441,3867,5945,3184,5746,9880,6878,288,4978,923,4952,4234,6689,9723,7331,9968,2263,7701
5496,4371,9322,6356,7930,3995,5453,3246,4737,668,83,4701,5191,3818,2989,1949,6545,5956,6360,3638,3082
1384,9281,600,2703,9449,1358,2126,9174,8925,3705,1385,2600,9775,5094,2023,4429,3406,2403,2633,6289,7556
1394,7003,6527,4712,6305,2241,5472,1795,8339,2101,2431,9558,3664,2087,602,7635,7776,7213,5214,3263,9510
7083,3134,492,3032,9352,9939,474,8891,1615,7991,9542,3860,108,7765,3507,9108,8052,2496,7730,157,5026
4433,3395,4538,6470,9091,1630,8271,3589,3144,5330,8732,9724,3311,2003,8404,5739,2483,9607,1545,8549
5287,6388,5793,6582,3649,3921,650,4594,401,3656,5575,9995,8883,7671,2854,6309,2209,7982,6154,9384,671
9186,4302,8613,2534,6925,5054,3029,7769,2692,4900,8990,196,989,4466,102,7088,6412,1388,7622,7198,2860
418,6708,2224,7815,3335,7779,3218,4127,2373,2365,7889,7604,5750,4446,3002,3445,4912,1088,2105,1636,4159
1064,6041,9074,4874,4051,6492,3839,3600,36,2613,8705,4682,9621,1300,703,1613,183,3522,7505,9334,7276
5830,1259,6838,9514,6437,2536,8565,708,1672,9602,7989,5395,7232,5236,1116,2853,4403,4841,6466,8729,9283
8176,2297,9471,5042,1981,8868,2420,6122,3304,3387,1955,149,9866,7581,8923,9821,607,294,7725,4898,3756
5913,5838,2484,1111,240,5216,632,1527,7164,747,9787,1526,8543,8515,8781,9833,9540,7412,501,661,6654,5179
875,566,2976,5795,5536,4291,5572,2620,6569,1884,189,315,3238,9275,495,9434,3279,4232,813,7801,6172,8610
1590,5144,6895,7159,678,2422,1310,4110,6667,2458,9221,8230,3759,6294,6067,2818,827,2960,1199,6308,2287
9955,9549,5733,6955,1779,4578,6637,7021,5095,1049,3569,9366,1117,8407,4381,8604,4708,4,3390,7414,9117
7042,7710,9561,9535,3752,2490,6263,7948,6539,7452,1359,2404,7432,7884,1565,7531,2698,5932,5790,2308
1617,8032,4988,9593,9124,8737,7298,8198,6130,5820,3503,2561,6460,5583,8060,8620,1946,8912,7760,4313
9717,1010,6174,8706,9544,3512,9297,5405,1138,1213,4942,7513,1863,7895,1941,735,9751,4194,6448,1920,4811
6230,6633,959,9171,8299,1378,4154,9921,3650,3530,7959,5814,8603,32,5349,6608,7849,9100,1079,7451,7263
6283,8053,4124,8807,2983,5610,1616,6979,8580,7683,6404,8519,430,7031,1852,5947,710,79,1040,4963,7162
3371,4713,5530,6859,6242,6179,1196,3624,194,307,7209,7248,3527,3661,1704,5460,9963,5320,4705,2639,891
8495,44,4264,2675,8929,9417,2867,9130,3848,8081,2103,3191,2057,5737,7922,9435,4832,5797,5260,4347,8067
8623,9667,2917,2386,7525,6510,7574,633,8749,8352,7553,9913,8809,5040,5019,1471,5,6817,1338,142,7881,1470
4677,8595,1903,3389,5064,3708,580,2943,9103,2789,5068,6757,1522,8312,4869,4956,1507,2197,9532,3404,1750
4178,8459,5138,3489,1023,9563,4541,5970,404,8576,7868,3623,1940,1600,3583,127,2744,3247,2663,2690,5868
5033,4095,7052,2540,5486,3829,207,7717,5252,6395,4835,7119,2682,125,5526,7084,6173,3678,6828,4032,4747
8638,8240,1588,179,9840,1858,4221,4972,6797,4207,5442,9062,8128,2990,8260,5627,2760,2227,4764,8229,805
3472,195,7285,2315,3508,2677,5991,2683,573,2024,3585,3603,2964,6200,7055,7568,7522,6533,4322,6604,6800
777,5582,6693,8661,9715,8070,2709,8462,96,1771,3340,6944,9826,4355,4244,2497,2098,908,6419,7299,413
7674,5194,8708,1943,3053,563,1594,6840,7761,748,8090,5458,5372,3077,4762,176,9112,5030,6262,9335,2464
5894,7975,5740,814,9312,5546,3627,9391,8840,3551,3135,6443,3220,532,8926,2716,111,7139,3568,7583,3130
3660,5722,1490,8431,5391,1419,8774,2517,2035,6519,6653,132,6889,6848,7256,5763,1757,1897,2460,4719,7575
8194,8684,8579,1660,7864,7691,1998,7072,7363,525,9069,2766,7820,5777,9580,2323,4976,1800,5827,4778,7333
2387,553,6894,8911,1140,7838,3605,4960,4725,2796,7073,2705,6346,7323,221,7238,3338,612,4360,2995,2114
8440,8031,5812,2229,1426,1034,6629,8556,5573,2829,2947,61,4188,2020,2347,2765,5693,6291,7803,6677,2750
9591,6171,8098,3090,4019,1496,3367,7684,3737,6456,972,3408,3908,6743,5169,9749,6639,8517,5111,6966,1316
2137,5155,3615,6389,2914,3748,7252,269,2968,8309,8133,2714,3926,6254,1869,9359,8362,8034,6841,198,8951
3550,6600,6507,377,4532,3405,9086,5917,5096,1149,1738,3187,5004,2028,6401,8665,7342,2901,9841,6066,8201
1473,9668,9886,4583,4070,1174,9182,8836,7214,4133,3828,6538,3644,2119,6494,7514,932,6160,1742,7261,5074
4619,4575,5920,4938,3640,4021,7917,6459,970,5910,2451,7954,4249,1547,6502,9738,4932,4999,7848,1790,2717
5365,6217,4262,3621,2668,7752,6267,4018,5162,3398,2299,5377,4129,636,4779,8368,1414,2979,8270,5050,200
2785,3010,7384,6019,9377,3959,6167,8263,6641,6680,2147,3920,8915,5788,6342,3636,5203,1066,9057,4647
3916,5393,1703,8534,4696,9153,8485,1697,3859,8914,9083,5300,9474,5374,3940,6592,5869,4281,3197,3749
193,8939,2067,5454,8888,8288,7251,3936,1257,4536,7461,3254,7560,7896,6224,7428,9370,282,8574,1267,2676
2666,6720,5602,8213,3629,545,1289,4990,6344,5716,6484,6137,775,82,3655,8378,3277,1098,7371,986,5414,6462
6724,8833,2780,3681,860,4916,1028,1244,7766,4425,1523,2689,7437,3495,1577,8741,9092,2191,8375,6980,2746
9582,581,397,8974,516,6249,8379,3717,8354,3892,8968,9059,2999,4625,4763,3415,6775,4311,4490,5297,2572
2329,6768,1987,4472,4158,7070,2361,9695,8434,3953,7491,6877,845,8416,4174,4516,7748,4741,6363,4148,4409
8157,3122,7985,8707,7458,9504,3804,2153,7284,3301,7727,9949,9269,5584,9864,1875,6075,2203,5475,4068
5886,5891,425,4114,5209,818,5900,1999,6551,7131,3264,9358,9430,5855,6322,4921,8852,1842,7808,6329,9693
6182,808,4768,5774,7087,3944,2593,290,5484,2443,6156,11,9824,3647,9293,5732,836,6339,3242,1642,9104,8220
5002,1172,3769,4057,7524,810,5429,270,5641,8570,2596,7530,9981,620,3868,8827,1639,3061,7764,6694,9261
3461,5459,4179,4226,490,5719,3465,7156,26,3320,4558,8907,4195,5578,924,2951,1137,2531,3429,6301,4535
2474,2850,5498,7040,8941,8599,2310,8996,2597,6365,8348,559,826,7762,5507,233,2563,4700,4891,9816,4633
6465,2834,3611,4379,8061,1624,7264,4985,8670,6232,6597,9670,4503,5928,4092,4073,5012,5400,426,9524,3007
5461,2972,2859,5966,648,4441,1262,1925,8902,5982,8072,4151,4817,5196,2086,3949,7082,913,6823,264,7309
2522,1339,9575,9081,7497,7107,9403,5124,9907,6168,9975,9133,3042,3616,7121,6622,5066,8472,257,1110,4315
7434,8228,7608,7401,3066,1373,7781,6723,8278,7863,6153,5849,7481,3368,9190,7918,1226,8420,5220,6611
1751,2167,4091,9203,6209,8141,5401,4115,9456,3909,4815,8815,5087,3511,5274,590,5341,6442,9718,2444,8148
8967,8738,7136,5880,4679,7404,6662,5997,7675,5943,7686,7405,7189,9053,1516,5874,1005,5403,8268,9413
3572,9850,7792,6595,4758,5131,2993,5345,1595,9737,7146,2303,4881,781,5738,8730,6563,8843,3282,7364,1828
435,8012,779,4241,1633,4892,3469,1746,3813,3975,2549,4168,5595,333,2463,7570,9060,6313,4108,2165,5742
9615,2447,6413,5681,5653,3384,3048,5652,1502,4954,5955,5097,2272,7269,3079,4248,7045,7526,2446,3606
7137,6250,5833,2401,4783,4331,3258,5305,8476,2715,8366,5053,7132,2085,2207,5375,4887,1856,2480,3006
2467,4603,2962,8829,5604,5565,4749,3525,7729,5006,5451,4862,4387,1570,8887,6596,5099,1146,6922,1330
7682,5867,245,8899,1387,2922,2880,5129,4329,6625,1548,3413,8259,7785,985,9842,8486,4624,9216,1762,248
2358,7732,7450,5541,2895,4105,8640,522,4527,6531,760,9111,2942,4017,1542,1655,6371,2395,5862,761,3877
2432,3506,3998,3887,528,8200,9557,5445,4573,6405,3221,5941,6030,1827,5678,673,8630,6897,3790,1724,4559
1535,9480,1555,6212,6896,2575,8922,4245,3951,8205,476,7240,6578,5090,7935,4871,8333,6864,3850,1405,739
3294,9189,5133,3290,1448,4004,5340,3513,2336,2813,5634,9299,6071,7456,7709,5836,6147,21,5666,9010,7144
3213,9355,4522,7382,4343,6103,5596,1688,6961,6438,8293,9146,4735,2938,4865,3523,7004,5085,949,8363,4430
5554,7100,5318,7702,1909,7380,8861,1357,9416,8261,9307,283,5689,1081,6148,7039,9916,6025,236,5990,5005
76,8393,2555,6546,2026,4580,7921,1951,6516,2425,7914,8343,4299,9537,8940,6735,6573,5938,840,7631,2933
8865,2223,971,88,6706,830,9395,568,6138,6068,5622,1497,5159,6008,66,9881,1966,6749,2200,6949,2661,3266
7059,8619,1439,4565,5127,3425,4290,2844,2669,9126,8361,2156,8281,5618,6100,12,9084,575,8190,8223,7535
4182,8294,1230,8496,9259,3566,9964,6863,3574,2430,7341,2900,2768,4027,7588,1236,1273,6453,2581,5378
106,3884,509,3730,4308,5480,5646,3256,691,4482,2008,5145,5497,7651,9765,1404,7854,8355,9503,9624,5735
3056,3169,5011,7695,5509,470,6858,7646,4877,5490,6675,7359,6772,3878,8862,3271,25,8114,146,6995,1872
7346,4252,5398,6331,5714,6699,6914,1948,2333,6682,8982,7878,7230,2256,77,7869,758,7544,8673,2410,2775
2321,5839,2578,3181,1263,8503,3927,6477,8820,1546,2688,3594,1770,7294,2002,7512,2628,9523,7617,7609
6192,7582,2261,4040,5872,3196,3861,746,927,4157,8724,6001,2234,174,5295,7796,2601,4640,4656,3467,6279
9428,6379,7961,7569,5262,9726,6428,9792,4375,7756,322,7061,64,1638,1106,2758,4666,3458,5404,6219,3018
9980,788,3291,6028,8226,4064,7293,1726,1685,2731,7667,1975,7625,1810,4885,613,8197,8057,9522,7576,387
1569,4489,2655,7610,5706,1188,1947,4000,4729,8792,4593,4661,1876,7462,5007,2199,2533,3251,9748,6187
1382,3796,3499,1854,4511,5571,683,918,9302,6009,2837,2182,4202,2742,4738,9458,4659,7946,8243,1029,502
3783,4827,3721,7160,1575,4060,6705,3352,8100,2,3123,7573,7438,5362,960,7912,8949,9076,2862,8106,2590
243,8714,5619,7640,6461,8606,5465,3074,5354,8575,5915,1134,7661,2441,5730,5569,9741,3455,9508,1806,4889
9120,9707,2627,4294,5271,9875,8237,8832,8658,6671,6514,3317,4144,7490,1479,6115,3771,1640,4270,118
4495,1285,8814,1958,1506,9426,6781,2589,4947,5553,7689,7102,5343,2246,6780,6021,8156,4297,6080,4969
890,817,5326,5253,7602,3809,3849,981,7768,7127,1294,7687,3911,5942,1068,2249,1303,1128,357,1964,5649
877,7029,6985,2886,6175,8214,752,19,5038,4287,4304,9889,5420,7327,5098,6013,4560,4145,8799,1847,4957
4842,2906,670,5664,9599,2969,8957,4028,1755,7724,9404,6005,7242,6943,5968,5616,9518,7410,4361,4216,1335
4326,2584,7929,9993,6269,5552,8858,7700,1001,6053,2977,2774,5037,5888,5309,3695,4507,7334,1320,8217
2184,4577,8450,1556,4690,4732,3073,5417,3869,3856,5487,2994,6544,1936,1674,3210,8092,3898,161,7564,2295
3476,2843,5423,552,1918,7541,9246,8174,9908,2648,5164,4785,1429,6681,2181,4272,2038,4743,1,3236,3814
6751,7316,3693,4880,4213,5940,9800,6964,3994,6686,4284,8828,6769,48,9560,375,2687,2897,7829,6891,8813
3663,3641,9145,9887,1033,6711,3617,4672,7279,9102,4366,6348,888,6040,342,3379,1333,5317,6802,5151,9236
3651,8384,8206,2331,3557,4591,2206,6644,5256,2164,2322,4426,4103,3127,1488,4847,3322,4608,3580,2064
4596,4342,3428,601,5051,705,3198,5635,4576,4001,8482,9024,8267,7007,7469,9805,4780,5334,4345,7600,8398
4405,2772,2205,5934,3545,5431,5821,6233,3209,7771,7325,1963,7370,4015,1722,1194,6814,5741,9758,4400
6542,2524,6505,4600,5118,4215,9256,4268,9594,5156,530,5426,7374,7510,8077,1850,6660,1620,7273,489,1759
5048,7312,5406,7215,3362,572,256,8403,4698,5753,5957,8712,5704,5333,2681,2542,2921,8672,3989,7774,5041
6739,1532,3706,2700,3904,2045,2357,5166,843,7368,8340,6577,4824,8182,4396,6601,2391,3446,6004,9200,463
105,3419,6340,905,7566,6982,4113,4837,5075,8761,765,5263,6932,6819,7962,5238,3862,4492,743,4742,8743
8272,4934,4813,3382,3729,3516,4052,3255,3493,8204,1989,3383,6920,7008,4231,6324,6335,3072,6911,9812
7807,9614,4739,6061,3534,8966,9398,9179,7002,7844,1504,1353,2732,618,1209,7953,7704,225,1877,5242,7460
2827,6016,3999,4417,3531,5605,6226,7025,1932,3054,6000,4007,4555,7399,3283,112,406,2892,637,880,4034
4876,2271,2956,7027,6832,9884,5373,8927,1148,6361,7180,4346,1838,8389,7885,7105,5727,2338,5027,4242
2034,8788,7258,1477,6853,3212,5056,2018,3778,5296,1811,7707,7339,8854,8740,7911,8909,6402,6580,2179
9107,2259,6011,3907,4372,9679,4437,1679,6501,8554,6292,4989,2603,4418,4774,2782,3302,8784,7847,6752
7168,8093,9035,9353,0,7142,873,9727,9623,5655,7078,6124,2712,47,8097,4574,592,861,4803,7893,676,2313,597
9836,2292,5871,6035,1851,1612,5935,3915,3318,6758,4756,1499,5032,7940,234,3593,3161,9367,9632,6406,5528
9648,5197,3114,8029,7464,9944,6904,6826,5701,6293,6064,6213,9552,1000,4595,7899,3377,6676,300,4893,7888
49,5834,3639,5204,5105,7802,5479,5174,2112,1956,1772,6798,4432,4061,4927,9596,2072,8409,2573,5415,5632
1058,1474,6411,4258,6063,2940,2737,6201,7090,1553,9021,4236,1634,2582,4078,7949,5807,3637,7817,4190
7742,9463,3412,5394,7688,9287,4919,4062,3753,7741,5224,5759,4209,6444,5418,4156,3570,8439,4275,4904
3021,7400,9007,6092,9746,2667,2481,3598,6158,2874,1009,5899,9745,5621,6350,5261,4348,8859,7270,5192
6722,4155,8757,4631,1175,7115,1092,4431,10,7295,3171,2268,3645,3874,7227,2243,7433,4727,8183,5117,4451
159,3473,9795,4120,5708,2355,8664,1950,5282,5624,2202,896,4709,237,7286,1887,4715,4798,7113,3666,3781
4462,6229,4664,6380,4776,7060,9512,1604,6829,4467,1513,3244,5844,1051,5208,9134,3711,2121,1752,2221
7443,6270,3802,946,6900,5339,2281,7589,1212,6333,3576,5379,5397,5456,1189,4616,4419,526,8080,2728,3434
45,3575,5587,3226,2702,1298,8014,3372,9415,1982,4109,4971,6640,6323,8787,773,790,3477,7394,5485,9151
7993,6931,5314,3479,7662,4422,5925,6248,6522,7507,4401,2882,3515,4612,6974,920,6741,2985,2873,4940,6119
7875,2608,1953,869,7283,1260,3827,6669,9176,9704,2800,6382,5506,2190,345,5674,6816,4104,6106,6027,6632
2332,3164,5044,7909,1550,7030,5226,4471,6524,5989,6047,2649,8221,5598,3182,2384,8143,3702,9272,9932
2939,5327,6874,4196,1424,518,9465,1919,4406,629,7494,6960,1904,1592,9571,3567,3417,2784,1559,5073,7457
7245,7995,4697,8438,6278,3824,1675,3438,4169,3190,9625,1462,4312,3381,7043,9611,2442,8402,4074,3295
5978,7290,4140,9197,5311,9521,4704,4452,6070,2720,1696,5180,4787,6842,1376,5080,9116,5500,1740,5060
2226,8776,4917,9999,7738,6472,598,4449,6919,3333,1458,4557,151,1408,1676,8030,124,24,6464,2131,5539,582
9065,2066,1899,9585,9351,7964,5520,4164,2793,5607,864,1447,9268,1645,4035,9681,7905,2405,448,4556,9143
1627,1848,226,8112,4152,34,8163,7181,699,4548,7623,7763,6948,3110,1076,809,9238,9105,6326,3011,5254,6367
9077,7324,6169,5950,4627,2823,3431,8659,1375,1435,7690,3979,7561,2621,7141,8373,4508,7778,6815,1215
3376,2102,3424,8685,849,8044,4427,1765,4669,8615,2941,6086,1234,3941,1944,5188,2051,6493,2036,3896,4533
1552,2351,4058,6808,4442,4069,5702,177,5364,6166,3046,8780,3675,4994,9722,1992,6695,7739,7626,7046,5594
5440,2211,966,5690,3409,3761,3128,715,5233,5603,3219,5617,771,3922,2767,347,9924,5959,2282,2170,7787
6300,2183,8518,5889,8602,5160,1832,1713,851,1652,3626,6850,7001,7056,4561,2482,7887,292,3471,7904,2743
7194,7523,6170,4910,2030,9692,6204,3622,9286,2123,4067,1733,1888,4570,6272,6876,1195,7369,6454,1133
7017,8734,5116,6163,4724,9360,2724,1861,3956,7354,1911,4399,926,4646,4903,7518,3764,5636,4230,9982,7804
7417,1367,9890,1769,2149,446,4036,2139,4995,3697,2889,4483,4699,6887,4439,4173,2053,9432,7932,2177,858
6977,2773,6570,3168,1218,5555,3978,2802,4404,3336,4589,3929,9633,1803,6643,5876,4606,5268,1459,3917
6252,9037,6223,4077,67,1250,4370,6302,6620,8901,5951,1705,5503,3306,3553,419,4962,3901,1200,3722,6051
7148,5626,6306,6526,4983,5535,2042,6605,7599,5513,8616,9381,789,945,9728,8208,7243,5986,839,4744,5543
3358,4243,3454,3312,7416,5434,6945,2795,2599,2719,9529,459,2400,5682,2803,5082,1980,5548,2215,5585,5848
3762,136,2611,1208,2192,6825,9354,3578,1808,3459,3628,8160,1481,6988,8993,987,4822,3112,8234,3278,709
6218,2059,2476,973,3116,9547,9610,1589,3834,2144,7140,4286,4592,2251,2685,6745,1831,7365,8203,895,8082
393,8179,5212,8682,3724,4365,3098,3563,6311,7519,87,7471,3106,6271,295,2090,5675,3855,6685,4126,1123
7155,3872,3492,7377,1432,223,9278,1143,3950,7038,1150,5563,3310,8718,4054,8971,6688,3838,8618,6504,1662
770,5024,1783,1197,7788,3462,5392,9401,7009,160,7047,7376,8731,3777,5065,6984,5466,4259,8448,4045,2570
1345,1791,9141,5331,7988,6284,7596,7528,7431,8755,6718,8169,1386,7745,2097,7439,4566,2187,7755,2925
5811,454,4808,6354,5173,1646,8043,7196,3597,546,5077,4638,206,5464,8358,6687,8023,7063,8392,1864,4540
3287,5443,4922,4440,1217,7856,3561,5672,5685,6759,1457,9528,7639,5566,3604,8436,1454,7797,6043,6497
9895,9874,5967,9734,4579,5308,1025,158,4020,9386,3913,666,8704,5367,4509,1561,767,5599,3347,8928,2366
8674,6083,2335,3826,7418,4944,5644,7291,5887,2402,6318,1216,701,3286,323,7134,1518,713,2041,5779,6422
180,4292,4775,9766,7360,4941,6907,1223,1074,4781,1859,8428,7536,6879,4562,4125,9345,2507,4162,8011,5898
3562,2949,5128,8102,3894,4117,2594,4671,6613,117,5976,6018,9784,7393,7726,6046,8796,8691,6336,3397,2276
727,6725,2505,9410,6618,4797,2379,135,1664,8919,3632,3895,2598,9736,6183,7103,5424,3997,2479,2612,660
6783,1923,1061,260,8886,5580,3845,8681,9517,4136,6079,7973,2528,6353,5106,7934,8545,1796,1450,4293,2814
7629,7474,9303,1132,4260,7353,976,4377,5243,3844,8826,8164,5825,2794,2143,6846,3933,8050,3612,2419,3757
343,6334,1256,9089,488,4316,4116,4752,7786,7793,6650,7562,7595,6941,9811,3654,2239,6873,5809,7188,3919
1927,5885,3185,8571,8058,9979,9224,9470,1867,6387,6062,9822,6264,700,3293,5125,6647,6195,9778,8962,3228
1593,8558,1103,334,8533,936,898,449,938,4076,3402,6986,8513,9163,1325,9513,4611,3825,2769,1022,6266,1478
2449,5633,7482,6415,7389,3864,381,5483,2626,9589,6049,5743,1853]
