
====<<  Solution for 15000-queens  >>====

Execution time: 0.062 s

Queen positions:

[11126,860,12891,14671,12263,4021,4240,517,5806,12505,6753,2476,13287,11839,351,5027,6229,10027,837
5646,3530,9228,11342,13310,8198,4287,244,1614,6328,7733,382,3475,13023,5049,3995,14976,6271,10591,14398
4612,9468,5643,3126,6094,4645,5599,10795,12074,8588,4331,12173,10628,9396,3395,9651,13652,14112,3221
1205,9769,12017,11007,14158,3354,10229,4854,13904,78,4316,768,4470,7904,3452,977,13441,6017,3982,11394
8971,5418,1200,10351,6438,2311,983,13243,2533,4936,3590,8957,6283,10833,14966,13971,2179,779,2859,4984
9301,13364,12082,3966,12062,13156,4230,10323,7271,1352,5046,4160,6979,14185,7448,8790,10536,5434,395
12266,3066,8428,6896,2911,4004,8804,4276,10844,3376,1208,5060,14564,6535,11595,1434,14906,12833,9966
2746,1283,9643,8363,8075,2977,11039,14447,7639,13240,2106,3448,13743,11195,4093,2703,9738,4532,8366
6482,8437,2169,6019,10832,6641,13649,8665,7985,6556,14414,13041,4431,14649,3220,12886,10885,630,8509
8739,6219,4163,2644,5996,7231,14382,5196,2398,12955,3387,10786,2927,12449,2137,10076,13263,2409,13623
1119,13832,10672,3236,12733,3088,1729,8953,5929,1094,11348,7583,9810,405,9580,7477,10079,8893,587
2278,11414,4488,14708,5928,3446,14214,3568,575,9004,12598,11345,5728,12493,13443,6260,2401,9588,9794
3517,10485,12365,3790,6461,7736,6166,11046,9704,3551,6553,4272,13006,9338,6294,200,12567,1263,4733
14609,7049,9075,9871,7700,823,6575,13635,9524,507,5116,12223,10482,12552,8719,6700,5611,13307,11903
7928,10287,4478,4583,13589,6962,1693,3987,7774,2855,9151,12781,13921,11433,11688,4746,8535,10608,5832
9438,1180,10422,9684,4447,11437,4745,9903,2128,13108,9328,2532,8726,1453,13333,13134,6676,1745,787
9527,3626,1945,12430,14297,14624,36,368,3872,7010,9823,11644,5987,4132,8843,5398,11176,2623,13844,1710
14909,9606,4776,6566,12109,11687,7645,14520,11090,12311,6800,6126,3988,4557,6752,12830,2206,11446,14651
3247,6064,13170,2238,14041,13881,9776,13180,5446,8770,1738,1004,3399,5447,1525,284,9627,5484,5018,10181
10592,8287,8876,14167,921,13131,10527,13917,4372,7324,11784,1442,13757,8101,12737,8831,13989,4407
6218,14155,14501,7125,13691,9886,4740,2364,14942,10564,371,6996,2808,5687,4950,4307,9266,4361,11934
3300,14096,8871,11677,5363,9139,1473,9383,12268,8979,7601,3711,4909,13522,8714,12335,6814,744,1241
8538,13573,11900,10446,6707,13754,6941,2666,1368,11741,9193,5813,2490,12691,9814,7696,8766,7673,4044
6815,11453,681,14439,8038,8650,409,11332,13950,3610,11801,12265,6006,2806,13583,5364,6513,13620,3805
13062,5570,13419,6900,4284,2039,711,6437,5022,8511,4242,3733,4792,13146,11215,5278,1750,10624,13807
312,1709,8592,12294,8824,7170,8510,3008,10276,3369,6044,2280,321,5144,9331,13452,8015,4352,9142,11496
11377,4241,11507,2251,891,3153,14798,761,14419,6324,534,7336,14569,12400,10913,1047,3228,13540,8211
3876,10723,14036,9448,1810,6179,11346,10403,3782,1052,7319,14627,6285,7845,2766,11249,13608,7224,8568
1249,14721,9546,11550,12744,4247,14194,3586,8596,12158,2875,10120,13059,1645,4929,8722,7737,8583,1369
1277,12279,1823,12676,13510,8234,2458,4653,777,4794,6685,5672,6165,13772,11836,6663,1655,10044,2003
5263,14477,10578,13230,10637,13034,6169,52,1609,5243,9219,14408,5702,7668,12757,379,4269,13235,3125
62,14487,4433,8195,14814,5466,12013,8350,5149,13352,14506,4156,13606,6733,11464,12320,4421,7509,7779
6993,417,7612,8455,4866,9955,10177,10504,2935,14658,3824,6367,6884,14188,3907,5063,6725,4610,7461,9944
1336,2379,14478,6490,13143,9707,1715,7811,58,6192,4680,4637,8329,1532,10695,1457,9752,10769,1310,14880
1426,11633,13412,9724,4657,7680,6529,3412,8271,1882,4953,1839,4202,173,3962,2567,7724,6898,7080,11568
908,5202,1159,8430,6354,9860,3060,14032,191,9842,8397,5387,3183,7871,4588,11125,129,4290,14143,3022
11491,5892,3978,8915,5541,470,8549,8499,12045,1305,13949,5079,13533,14253,7134,14389,749,7642,13815
13060,7540,8633,14004,7292,13266,7149,975,6863,1904,4182,666,8000,8172,369,2937,5240,8556,11723,23
2068,14662,11527,6767,6137,13990,1847,7504,7373,2200,14964,7752,3921,13107,11020,8078,9894,2721,253
14074,13199,11815,12446,13890,9543,12500,4555,2356,12904,12938,5343,11002,843,2668,13679,6434,13079
11930,12527,10072,2688,2450,8764,13154,8821,7046,9669,5719,5775,3709,14703,3308,7257,8935,1879,3082
7282,607,4688,428,14934,6801,11953,11028,14442,14926,3968,12227,13168,14365,10533,14645,4967,9071
14372,7797,7963,495,10513,9212,10495,4847,4218,4707,13360,13585,12581,14718,2308,1303,10831,8392,7025
5281,2247,8544,3908,2362,9485,13666,7150,10758,1274,10466,8760,8976,13538,12292,11771,5895,12811,10305
11838,5790,7982,12464,4391,548,9833,14800,8620,9024,7434,5481,5330,222,1758,8784,4032,6742,5491,6710
3381,4398,1020,10556,1181,10309,6027,3391,7446,9589,10547,1748,13046,11073,11288,12724,3458,13403,10318
5712,1982,11646,9354,8305,12387,2094,11048,7488,7340,5465,11952,7487,1837,13878,6211,8192,13923,10856
574,519,1155,4563,12841,10843,4248,11538,9829,10009,5536,11182,4503,14440,6634,11349,11163,4829,9126
5746,9714,2941,7593,8067,13022,7472,12019,11596,6492,13493,6864,12171,7707,14113,14448,6891,13182,3237
3650,8708,8803,8020,8315,6843,10442,11227,5875,9418,152,8421,8142,4579,10259,10930,12682,2918,766
974,2632,7697,7109,11893,4576,8642,2151,3027,12477,9247,3831,2657,3864,11915,6231,6239,611,4280,9407
1380,7575,14655,3632,8875,5645,11088,9968,12452,5324,6194,2119,12915,12931,14939,7967,930,1218,11181
10689,14628,2482,515,10241,279,7296,13144,5724,5184,440,4647,1860,2058,10095,8082,1435,4514,763,12277
6206,10822,6584,2955,12524,14203,2781,12319,2467,9624,11754,14171,1071,10851,7479,6236,6000,10939,11965
9375,7372,10178,4001,1998,2096,3569,11143,4263,451,1899,1701,12145,5078,6014,13700,2727,6087,13338,4983
10845,7654,12162,14805,709,5629,10152,9793,10542,11384,14092,13869,6339,12296,11431,1031,12165,9537
8058,6302,2424,11887,9393,12726,1763,11153,6378,6041,8325,1007,694,6589,14022,3211,14659,2756,7747
9267,5354,10626,8324,12422,9454,8925,3287,7354,49,13714,2502,7173,8655,10763,13769,1078,1174,4025,5241
8309,8136,13756,1431,3658,13068,14230,9928,12969,2020,10272,2339,9416,5937,9080,9031,11009,4042,10430
12305,2453,8158,1699,14565,5583,9613,8955,1017,7892,1346,1291,4571,458,3003,8610,10102,6234,455,12920
6509,7962,9817,2139,3077,5941,1399,567,13476,6230,7269,5877,1752,10414,669,10925,14483,11665,5673,1270
9021,4573,8802,6696,6698,8056,1604,2576,2762,1740,13411,462,4030,1504,11721,11201,13323,5489,14482,467
3880,586,12369,14441,10576,3389,10599,2303,11409,14103,4345,14021,10573,4436,6949,5032,3018,12290,14111
9288,5177,1716,6274,13630,10228,13735,5068,1680,4517,11171,6880,5606,249,7370,12496,4090,14039,1873
10423,4859,282,81,10275,80,8230,1755,6570,2277,7453,1463,11494,13824,8661,11555,1546,3271,12570,10909
3687,7500,13201,10849,11302,2539,11148,10302,10068,9153,10985,4301,2786,219,565,13126,11385,13956,6351
3092,6904,9251,7889,5358,6444,1069,7578,13886,1533,12009,11679,11246,13543,5859,11659,3340,5013,8584
1994,1888,4643,4377,2055,1735,14694,3496,7854,1199,5340,1209,1947,11269,8403,12876,3314,3661,2132,12139
4275,5085,8481,10936,13330,1129,5781,13894,6484,10484,2720,5948,9409,13354,2090,7298,12363,5141,296
9292,6069,12228,8912,14098,13505,7014,4273,6059,7561,13654,5508,9747,10617,3865,13045,14373,2070,1101
14054,10175,13427,13486,4606,10307,8079,1151,4046,6955,6039,2199,14840,14368,9656,3234,13086,1033
5692,1308,9298,10866,7640,7212,3129,4403,483,1916,3852,14669,9603,211,5506,10341,1811,7242,14646,11273
8623,13185,12951,595,14944,11996,2604,13479,14345,4270,10154,5549,7820,994,6306,1014,12383,12052,8700
2225,14709,5008,6757,11680,12677,6591,3163,14871,11335,5686,3976,13711,1134,10967,11638,8621,4479
12770,5399,5578,3493,5907,14656,5972,3487,12480,10388,3780,13537,1089,3459,12971,14900,14841,1365
4744,2181,9475,800,7674,6203,6213,9864,13697,13641,34,2075,12918,27,12353,14527,14378,626,161,2796,9677
3846,4162,3977,4217,2313,2568,2465,2269,8767,4171,8602,2798,229,7369,3938,6148,13244,4542,12027,14822
6267,12599,4296,10086,10113,12174,1944,6088,14663,5441,4589,13721,5862,7329,14423,7758,9962,11909,7065
387,2323,4960,9699,10621,11706,3454,868,6145,5336,209,11026,437,2353,7496,7344,14502,13598,3726,6947
3207,6562,11591,4499,3591,1313,3293,10973,7489,4437,9510,7145,5029,8931,1808,877,1621,2016,3467,10614
10361,8415,9977,2155,3714,8636,667,8466,5127,12186,6558,4188,610,4425,3964,13416,11326,13775,5152,12346
14025,10747,9400,9289,1762,9476,634,8962,8348,12192,1605,12159,8006,707,7844,3070,1583,6576,12358,10232
5648,3783,6435,11879,3278,9751,9523,7182,9001,12731,433,8551,7307,7762,2347,2544,12055,5903,12423,6560
4293,404,5091,8534,11323,8702,5890,7174,13136,13845,9995,10017,9178,14509,5513,14833,8867,2563,864
6391,11958,7610,14611,13889,8327,11929,4020,10669,13004,4944,3323,9465,2272,13327,13853,13042,11727
3176,14521,3219,1691,4324,10090,7689,14981,12537,8624,4166,13454,12204,4178,67,5644,10234,2104,3457
10115,4303,2811,8823,7474,535,8813,10019,4819,12451,7853,10661,3819,2956,14729,8387,13862,3087,5957
2478,8495,4780,1598,10349,9515,3451,12869,2606,9816,4487,11329,13183,11096,12131,9334,7998,2640,1108
14491,2661,7749,6599,225,13850,8353,2067,11022,12792,4548,3447,2204,9670,12939,5539,13883,10935,2663
3431,9060,2816,2288,7915,8807,3607,11084,14465,10724,12981,11922,11450,2619,4706,6756,4935,7067,10497
12625,9255,391,946,3283,10171,1428,13000,14127,14719,12332,342,210,14956,9690,7516,9445,5732,4942,9512
2293,2266,6288,398,6398,893,3561,2452,807,3411,14362,2217,804,14384,4363,13611,6887,4672,6734,12919,14270
11175,8555,7506,13767,11629,4763,59,14320,13387,4168,4861,7725,10162,4362,1560,10928,12700,201,12972
10684,5745,10311,6450,10460,3834,8264,7279,3024,4519,134,8684,7757,7287,4210,6332,2161,9884,7901,11544
10907,12352,2304,2865,13861,3738,12251,822,5201,12662,4104,13050,2748,3545,6086,7611,1001,7295,10489
1224,2210,11213,8888,12519,4682,13839,12184,2350,5409,14666,8828,10245,673,6419,261,13742,6475,9847
124,14536,12851,7784,9196,6083,13761,3681,7855,2491,9551,1856,4502,14848,14558,8367,1404,11729,10685
7875,1090,6442,3923,12026,6770,6457,8772,13438,14504,11233,4823,1264,11960,14079,7406,3768,8179,9318
3483,1794,3867,10222,2192,12755,2777,11229,13825,3313,8768,2614,12163,477,1183,14902,8896,742,14065
14381,6854,10345,5039,14876,10700,8563,11691,11920,374,1470,13529,5319,4855,7235,13826,8537,3021,8335
951,9237,5510,1364,500,13406,4871,2186,5794,8826,13088,9858,10904,12796,8506,2932,6056,13704,14598,993
4229,9049,8410,9074,1517,12030,10279,10840,2934,348,537,14339,10681,6125,2608,79,3611,1687,7276,12928
11476,13256,13750,4531,10098,2566,9610,4837,14861,12506,9553,8517,14793,1664,1878,12439,14524,207
2242,533,9413,6078,11987,14807,5528,337,780,8725,14615,7918,10111,7656,11197,10607,10771,109,4736,133
21,439,9972,5098,12334,6245,9098,2866,1627,2893,14225,10395,13083,12822,5242,10173,10196,8040,1959
13831,1862,11878,9262,12523,4484,3442,7417,1629,14586,4924,2570,14903,9351,7311,7452,12207,1341,1493
2261,4170,9249,7620,7097,12774,1024,6060,336,11500,10567,6585,13368,1401,9956,3051,13943,7261,11579
7270,6920,9134,12622,13835,11291,96,12456,13782,10644,5636,383,12507,4335,2810,2176,7404,2381,7018
4756,10373,4618,8775,7389,6374,8619,1599,686,1297,1714,3213,1040,1116,2757,14975,8660,4117,13171,4126
8853,6364,3370,7628,14799,13678,6029,14790,1261,436,2553,13781,12547,14577,318,1646,5607,8269,6368
3575,3721,2352,3056,4732,5975,1117,14290,5174,8691,8774,10031,5252,7728,11558,10707,2131,3522,13914
8471,12226,8475,4173,8638,8754,7219,14072,14206,7190,12455,9494,9893,6244,3019,4135,8236,1581,1452
5899,6597,2897,1061,791,4486,5820,13205,2175,13926,11597,13461,11443,10172,12300,7092,3645,10971,8990
6771,2178,10596,4251,13968,427,5206,12458,4673,208,14835,5012,1886,11956,3406,3791,12709,3152,8024
1511,7559,3166,1749,5072,2820,10400,8758,6476,472,9649,2718,4350,2092,5150,8662,12245,2735,14626,8094
13167,14227,14892,12801,8404,13321,7381,10071,11813,9514,14250,10998,9819,4671,6621,9363,13675,11264
11886,5818,14691,9282,2775,10944,2260,4454,5623,2675,8248,582,4159,10847,10797,11117,4504,6674,4226
1734,11211,14676,4616,4127,4143,7580,38,10789,11484,9111,1978,12166,7957,9973,12985,1688,1005,6933
6494,2005,2617,6407,12739,11896,12866,4323,14269,8612,7108,14496,9566,11512,13997,1964,4006,1817,4633
6592,9205,7840,5167,8846,2235,14327,8973,3870,8286,6401,12298,3242,11738,9929,13936,602,9942,7249,7132
8390,12110,9518,684,4622,13999,9384,3794,4452,7738,625,678,11755,10731,1552,14686,10082,8342,4802,5550
4973,7708,8093,9655,7225,14018,1623,10364,997,8497,346,14554,6888,4851,12705,8014,7810,1311,8259,3818
14493,7284,6613,6577,14374,10366,4810,14704,13208,7549,9881,14904,230,6052,5631,12844,9645,5299,11631
1870,10780,14057,10390,1353,10346,8396,932,6832,7571,12411,7024,11324,5788,13820,326,12582,7558,9811
11572,5229,2300,878,12875,8864,11711,118,9089,3521,8457,4161,10431,464,11647,1167,1838,8728,10434,1742
6999,2229,14335,1361,12149,11191,12246,14246,573,4164,9117,2558,3814,14045,9702,3080,8401,11278,12670
6990,13867,4845,2739,14832,887,2208,12429,13542,12741,3675,2101,5094,4206,4281,12769,12373,6930,13440
12838,6013,14739,750,9902,1164,9055,10554,3825,10854,5866,7993,3627,1300,13473,10047,9086,6555,9887
9826,5224,8548,3960,13334,9740,9185,12396,2856,7199,5913,12187,13268,4190,12703,1376,10004,8668,10549
10645,773,4693,11742,13219,9171,8124,6448,5268,11935,14947,6100,10202,13459,13751,11533,13097,3453
6917,9012,5667,11515,10735,9030,8898,465,10453,1454,13098,9737,14846,9621,2643,815,8046,7441,6200,12973
14215,10386,8185,2951,5025,14005,11116,13854,4676,1035,13181,7719,9414,1522,2019,1459,1670,3405,4883
9264,3438,6596,10284,6796,13124,7124,672,12148,8352,5976,57,5223,10911,3311,9671,12988,10516,13115,12499
2631,13346,12827,5593,8850,10094,10663,10415,13130,257,9160,4379,8447,7616,12868,10834,6338,4816,13548
3232,24,258,13038,11949,13613,3002,12345,5767,13283,2741,8064,6436,13482,8558,4860,4848,6906,3686,5995
661,4913,6724,863,10313,13569,10322,12637,3693,1566,968,14311,9569,4793,5414,708,11118,14526,13523,7984
5326,1830,3286,13988,325,9215,11667,10892,5637,5630,10712,9453,4754,1395,10880,1519,14178,9608,1451
1093,14166,1650,5997,206,13426,3479,9725,6162,12237,13650,4787,3679,1934,5050,3832,14315,11959,8199
12728,12631,1910,816,12083,7107,11589,7070,10168,13706,5984,358,11119,4213,7265,363,5423,2442,9347
4084,10807,11950,2613,9199,10620,12784,3520,9732,1607,13535,10509,8151,2360,10043,8385,14595,10413
8528,5704,2046,2462,14431,4882,2294,11548,4034,701,4716,11719,3625,4992,14672,9148,4061,7623,6287,5219
14635,275,5176,6028,1344,12543,9770,3296,9536,1212,8763,11749,6862,1965,6112,10208,3330,12924,14786
2550,1831,10045,9128,963,6826,7533,188,4440,8734,3728,8190,11670,12633,7328,6281,7006,4258,13202,5708
14576,14965,5881,10296,13024,4552,10025,4414,13179,6765,12167,5040,3255,7921,2073,11740,10146,11341
7685,1747,4652,8013,5086,5652,1649,6716,2324,1290,3400,5797,8797,13320,8356,6518,4773,12989,13895,7156
6485,9936,4511,7444,4948,5959,3076,1736,1685,1829,3747,12927,2960,3422,8282,4047,2892,4234,6868,2610
4522,12853,11811,14425,5696,5986,6330,6693,4106,7603,12336,551,11753,8966,5932,9866,9164,3936,7709
9789,10520,8778,11775,1690,6712,4039,4085,14882,2040,11781,14490,5571,13175,2107,7894,9224,3238,14268
6635,7297,11939,14037,6617,7360,7072,3829,13918,6045,12415,5432,9183,12976,7590,9308,6664,376,7503
4593,1312,7163,8076,2484,5792,13795,10450,11997,8256,11728,13836,11630,8408,10779,5311,10269,5595
1318,689,14282,11442,6370,2163,11136,5514,2236,6861,13855,1585,4946,7280,11379,12802,2472,12665,10705
12035,7877,2221,11819,9825,14984,4266,1869,13162,1223,2185,12072,13132,692,1717,6775,3248,839,6458
1898,11035,14449,10884,11833,8239,9082,1991,5714,11006,1402,13315,5857,6971,5292,10539,8762,12979,8210
3739,8946,113,4807,5109,5804,11260,12664,7060,5284,2056,8265,8233,9359,8376,8693,10468,13448,7861,9236
11663,9039,846,1885,6209,9874,7378,6210,12616,4710,14803,1066,1109,333,9828,9052,6927,7729,6945,8522
12782,10901,11978,5073,10811,9945,11748,662,14355,11031,8051,5275,7142,13409,717,3657,12302,14176,4023
13369,4846,13103,8943,151,2214,11851,10915,2974,434,2694,6805,1053,2174,9561,1893,13262,4458,10435,1322
5422,1075,789,4875,6016,4058,1064,10240,13373,3553,6653,6388,14139,14200,2580,14723,8991,9822,3322
220,7795,8578,3672,3959,12168,11432,12338,8370,14133,3756,8490,2633,6255,7033,13037,1841,2791,9222
3250,6307,2664,9003,10406,14757,10184,11948,2524,2513,3731,4649,7742,8391,7034,6870,8586,1198,11021
3372,8743,13082,13849,10631,5944,1805,9538,8869,7007,6524,12468,5014,14263,5535,1412,7020,7228,11994
4965,14674,3407,861,9088,5088,12595,3175,13837,1474,5978,2603,4560,4233,11474,11373,3616,13246,1909
14921,11798,1555,5894,6944,8004,11428,12929,10587,7380,3209,7804,3893,1471,1139,11493,2228,474,8007
8652,14866,12024,1407,14838,9614,14758,9824,13961,6705,10014,14328,999,9898,3259,2150,5065,301,11787
5608,3352,14819,14696,2677,632,7450,1616,6672,13261,14539,934,10508,6539,14492,9048,9040,5028,13966
3319,9703,12007,2444,14937,2245,8011,13722,3849,1686,9626,7043,6830,6895,1569,9521,12953,14996,3468
14865,274,10316,349,1077,2991,14300,720,8794,7726,14873,11968,4524,273,5517,13415,6960,6141,12799,13840
13617,185,3347,12339,5332,6046,3948,309,6291,14864,4474,2009,5362,14960,2517,14749,13137,6602,4911
1378,1957,4211,4675,9096,12508,12155,14076,854,10293,9269,8193,9674,8041,3263,6480,12495,4365,9434
13816,11202,3364,7753,11913,2130,14093,3244,13876,6469,14337,5516,2431,7345,8640,1230,4249,1280,9297
9226,14415,1248,12525,14760,9194,5613,7977,2291,2769,3094,503,2410,2985,7649,6603,4193,9562,10048,14116
9195,2164,5203,6874,10867,14046,1437,2531,5267,13995,1153,1918,4501,11881,289,10670,9425,2698,5316
14924,6349,7599,9066,13135,13157,3550,12141,3118,1656,12935,14661,3320,13776,4631,12253,5261,7313
5989,10869,9507,5435,9573,9617,17,8106,10348,12899,10148,14711,6779,384,9856,10893,14747,13096,10585
2969,7859,14935,1586,174,1987,4964,6646,9844,14387,2525,5285,1554,4570,10650,13489,6373,3171,12299,494
5469,11276,12347,14563,3016,8780,725,735,6543,3985,1479,13092,8616,2437,12440,215,5603,10865,10288,13718
13872,13642,461,10176,13192,3394,6626,1995,5288,6729,4169,2560,4,10127,2990,8539,4330,12113,6235,6269
130,9868,9803,2530,13915,3112,14067,12388,732,13695,2109,4811,13965,4856,12360,9158,7538,9763,13019
6872,2487,13873,14438,9849,929,6986,13996,1462,13480,8012,3612,7627,3513,2406,621,1911,2253,9708,13052
9446,6937,11673,2850,33,11821,4496,14260,4858,8062,9683,7660,2448,5490,12497,6355,9072,895,10836,7210
7473,4742,4874,4098,7305,10081,10746,4262,5496,4785,6409,8514,14153,8518,10331,7917,9186,7368,4184
10742,916,7617,4796,8974,2976,2220,135,293,14684,2949,7291,756,12740,12644,5969,12907,14101,11744,2485
14962,3078,4449,3179,3752,584,120,9093,12280,12134,1206,6237,9277,12256,8532,14175,12264,2063,11135
9022,13888,7168,13372,11942,6545,13218,8817,7586,8696,12457,10455,11963,6277,5131,2201,7650,7750,14519
9848,2648,16,12984,10825,3897,1060,11504,6072,14252,11712,1128,4870,8306,13621,1513,949,13827,4674
13696,6317,8121,504,9932,700,8562,13868,8615,13078,12014,4358,3578,12130,12006,7874,1288,12080,10676
9232,6845,11082,13566,10905,4256,6612,56,7439,14523,5567,4282,7153,12419,8344,8718,9994,14059,13753
6774,1098,14905,14797,8420,2268,1202,1041,14210,11168,3820,13787,12096,8856,11694,13371,13099,1818
1251,12176,1696,12301,6608,10842,10974,11937,11144,12690,7796,14517,10487,14169,7250,14681,7435,1448
4991,542,2227,13930,8472,680,6428,7633,11463,60,9604,7401,14296,8126,10100,7991,7661,12448,6652,4926
13007,3203,1989,2160,11387,12681,13798,14353,2051,1279,4783,14047,14198,2747,11604,5974,11806,6762
13453,5005,6871,252,13053,9175,776,8866,6077,8589,1619,9241,4357,3810,13451,1085,2992,7866,13934,9156
5477,13525,7560,10203,11766,1373,8028,10220,6995,6315,8751,1927,4214,4465,11012,14781,4815,9682,8166
8735,7159,856,12555,8932,8954,11530,1515,4298,5905,5935,11914,9303,5930,11095,14826,7392,317,14370,14173
10370,8921,5833,479,614,1542,7154,952,13122,3605,4185,13418,13274,14456,13074,7720,8907,7524,13400,4259
1915,10130,1424,11536,176,13285,1083,2404,9381,9581,11581,1386,10619,11850,6571,14273,13187,5173,8792
6214,5783,6399,1012,63,8202,2996,10122,13920,7248,12117,3753,3338,984,4346,3933,5495,1597,3827,14457
3868,6627,6498,2088,195,14742,4933,9143,9078,7495,2367,11924,5898,8892,14836,11720,3350,13010,11562
9145,3417,8926,11300,3660,1307,4817,12751,3647,6097,3012,11005,1836,11980,7954,11457,590,11495,12959
54,14621,11000,397,8298,5633,873,11788,13248,7521,11664,377,884,1216,1360,286,14338,12759,9917,12435
2776,12554,4446,9644,12780,9118,9315,3913,7085,11038,8251,14852,12322,1410,8413,3342,12407,6715,4002
3254,2926,12656,923,8667,14591,5124,2013,12002,1647,10260,10439,5266,14692,14518,1727,1357,8482,14277
5934,7595,14858,7539,8816,14182,2885,10197,1825,4073,11320,8035,12132,1072,781,4133,4714,444,9577,11180
2916,9242,4457,8141,12564,11486,9517,7175,243,11702,1634,12793,4972,9662,907,9650,1828,14547,6658,3664
10486,8278,365,4136,303,14244,5581,8037,14088,11452,12675,11621,11231,401,8120,8419,10522,14699,4824
2289,11829,3826,1197,2121,4625,10938,6102,475,10590,245,3505,4771,14789,3067,7941,2678,214,115,14701
13937,6501,10917,1534,609,6527,7554,8414,3877,7979,6412,14451,3637,3630,2995,5156,734,4110,11860,6981
4089,11204,9330,6336,4464,1642,1444,4383,7994,12882,12638,10524,360,11981,5572,2152,14977,10425,10118
1574,1612,13584,9062,4142,3567,5231,14094,12372,9168,7478,8841,11594,11676,1245,3862,2912,14594,5246
10192,10383,7936,1564,6516,13777,6980,12046,6911,3887,14348,4045,11281,2463,1351,987,3559,5888,10407
9990,10070,12104,12214,8759,3055,2802,10792,7342,4900,14725,11120,14450,4283,2793,9027,3210,4627,8899
2057,4677,2207,9495,61,5200,14279,10863,7929,4329,10656,9632,9892,13442,5329,1220,10507,13823,5988
4529,8503,730,6644,13870,4715,4255,13987,7828,14234,7436,6642,3813,7513,6396,11140,14221,13076,6190
5963,5769,3622,10816,5627,5059,5473,6966,2589,13928,3840,10754,7064,11127,1229,12434,14592,12800,7115
7938,12999,5739,255,12568,12215,3606,13577,4052,10946,7229,11254,2839,3981,12221,852,3162,7155,11205
11295,10859,14224,3750,5555,6243,2000,14359,8852,380,11605,10850,2370,10655,12937,3334,10686,1889
6549,4315,2456,652,13728,10733,13658,942,2807,4634,1896,5136,1854,9154,9107,3260,2534,2964,2686,8815
15,9591,7260,4318,9342,8577,13077,10658,8598,11757,10633,2419,527,3368,1499,10988,9647,12306,10428,6151
1348,13592,2785,10942,915,7914,5057,254,13784,9466,1190,5385,7945,5251,2209,6806,14160,799,14180,5137
8964,10975,4490,14763,10968,5212,12063,82,14632,13932,7351,14553,4836,10166,3757,8961,180,3789,11383
300,2436,7691,3965,8785,8156,13117,11164,13681,865,572,849,13319,10292,13786,14488,2375,11263,7822
1326,12453,10165,6273,8307,2445,4347,10026,6586,3403,6567,5305,7482,11454,564,13595,3230,9639,4481
10141,10187,11892,7782,6959,1746,13485,9211,13612,3560,658,1730,11689,4698,5366,3577,14248,6026,5042
9015,2319,11652,13992,6187,13067,2443,13163,10927,6441,12723,1594,1225,5812,10087,7403,3217,7823,13541
801,8730,11077,1097,1753,14899,641,9630,11322,6164,13203,4534,11941,9741,3205,12462,8670,11391,9191
12804,10325,7670,3301,2469,13445,4694,3047,6023,845,5950,10033,1464,14641,4328,9487,9635,8009,7002
8838,7405,14541,13051,7969,8168,13029,89,11884,2954,9133,14507,10327,10254,8077,9033,6550,4806,11262
429,11656,8320,10571,14073,12061,5498,8290,9924,2792,12613,12941,1881,904,11826,5850,4778,3143,13071
12950,11747,11381,4685,203,12482,1602,14698,11333,1526,3267,510,8498,7688,1118,11192,10800,838,13080
10945,9854,13911,5821,3883,4417,3140,493,13475,13897,8933,14468,12715,10376,3109,10828,12654,4000
3466,11170,2621,8832,3408,11789,12544,6611,8781,8519,5563,6858,14607,1562,14191,2950,13799,13001,9504
13660,3689,9519,11651,11730,8461,3665,14969,9600,986,2980,268,12669,8834,3184,1363,366,991,14978,682
3844,12926,11328,12997,7672,11556,13858,762,7322,8359,10777,3587,2351,13609,7621,1,5666,6856,13746,10993
12235,1125,1222,3302,12673,14184,13536,10454,4139,9718,914,14223,13159,5321,1776,6873,4274,11526,9388
12621,1731,1469,5151,2783,992,1850,3430,6426,6298,1059,8597,5807,1343,6876,11619,8849,2590,11160,1272
4921,5919,8069,12766,9427,8981,14999,4341,13892,6839,3494,3288,408,8994,9889,1565,1788,12912,847,13924
314,12604,6188,74,5789,9788,154,6220,10083,3216,11837,6123,12930,11714,1872,11761,5911,6142,7922,162
2262,9711,12550,11974,14189,5274,12229,3696,87,2497,9442,1917,7171,3707,5640,6311,8427,13447,3643,1234
10372,14728,9592,7838,5054,2125,12394,2685,12386,3223,14295,3712,12571,2177,1507,10161,14951,3173
12291,10380,13694,1377,4561,4767,4655,12328,9274,4368,5083,3918,14616,1088,13954,9464,8940,12015,8135
9210,7316,5433,205,9113,7989,12743,536,3359,1769,3651,11034,7304,12958,297,12199,2454,13286,4015,12427
3830,9420,13963,3256,14575,13940,6196,10704,5766,9908,6842,2428,3130,3365,13801,11655,5544,13709,3294
1475,10058,1131,14388,5277,557,14515,3636,7201,1845,2823,8880,5678,3540,10125,3181,12680,8332,9667
14049,670,3541,677,7831,4813,1478,10261,9726,1901,4791,6499,12659,13424,11693,13186,5147,12123,446
7036,2915,3121,7570,834,6645,144,12546,11065,8027,9238,10408,390,11690,13317,14454,8384,1374,12385,10580
1255,6259,14792,3772,2246,2818,7110,1826,1550,11223,14117,11842,2890,14579,4179,10040,7161,698,11123
9641,4966,14794,12498,4215,5615,372,9730,5301,6491,7551,9380,11252,10815,10099,2701,14702,5208,5031
7353,10140,6595,11803,1294,14779,3432,10730,4295,12359,11087,9998,12160,961,8249,7657,14283,10107,12020
8521,1985,6717,2851,813,2446,516,10270,7079,14001,13512,6923,11894,10492,1388,4591,5785,9116,4636,13779
10218,4691,12540,7241,944,5731,12820,10604,14770,7465,14755,2699,6439,4897,14785,12205,3515,6365,4167
3609,8072,14923,3239,1545,14910,2218,12249,11040,2978,5297,11820,3415,3356,1237,12476,1381,4722,10324
579,9285,13488,653,1157,1034,12612,5233,12315,1339,116,14714,6781,2904,1023,8805,568,14437,13720,11380
8438,3597,7968,702,721,8273,5709,11150,3508,2905,1084,7379,13232,4857,1724,11418,6404,5081,7564,3937
9322,12689,14732,3700,2391,14706,4317,276,11640,12746,2282,5214,310,797,4028,2749,769,8029,11859,578
1558,6139,5642,108,5938,580,5617,10662,1027,659,5933,996,8965,5133,14481,12843,5102,11420,13396,11696
12645,5684,2302,9989,11107,1625,8618,7662,105,727,3277,14321,6723,9346,2838,11240,5313,13647,10916,7976
2679,9271,13039,3039,9733,9131,7361,4644,12432,11733,12688,11639,4834,4587,13435,2795,7825,14834,6711
5312,1955,4088,3858,14854,13527,11286,13332,290,7951,2832,4658,10160,3823,12848,7965,1265,6512,892
7467,1588,12532,12698,4695,9336,7773,4373,14889,11818,3688,13814,4569,4601,8818,13813,13390,12996,2274
685,10517,2383,2243,2047,9202,2883,13927,4884,10121,8883,6678,9491,14014,14068,11294,784,12478,8393
452,13119,13398,7837,3888,14204,1972,671,3710,85,9970,9054,2733,9406,13152,5772,13828,7054,12994,10709
12022,4961,4338,11079,14680,11582,4797,4380,30,11455,13591,14761,2306,9220,4889,8328,7188,12143,12563
14740,8960,1662,10374,4738,9353,13680,3792,7397,4798,2310,8905,5320,292,2881,2054,14050,4424,7004,6160
3297,9516,7826,2778,11198,14891,9412,14243,11248,6063,13376,14983,13645,5204,425,4509,7037,10213,10421
2717,3074,9851,12005,3351,12533,12679,2061,549,12178,14239,5716,10762,14619,4585,13563,2794,13481,790
10312,624,2143,10853,1961,13166,14146,8125,3745,13444,5885,5145,5795,3101,285,764,13328,2368,7090,8118
1996,1132,13967,14308,14516,8049,1394,10426,12934,11904,11351,1480,14222,5406,13774,14469,13780,1971
7510,562,2140,7355,782,153,12885,13466,14856,3900,6598,7955,248,8573,7801,5075,1907,3388,12327,11867
13502,14226,2569,14820,10657,6679,12884,13237,6972,6130,14812,1582,2561,8738,8154,12337,13106,9904
10581,10124,6914,1990,13462,10809,2298,919,3378,14154,12351,3767,5456,4833,12948,2908,10266,3574,13636
6969,956,299,13196,10651,11425,5741,11805,442,1013,1849,4081,4439,10315,4019,1722,11388,10064,332
1900,7958,5638,1902,6963,10873,6964,13464,14559,157,13724,12858,2594,511,9398,8575,194,4313,1114,10101
400,13933,14383,4087,13432,12304,14460,6557,11795,12392,4581,84,1194,4651,8840,8314,8800,2475,1258
11413,5114,4153,6143,7843,7835,5331,12814,2397,4013,9934,2752,6282,8998,6181,3132,10555,13272,492
13358,12713,12870,5092,11304,6279,4455,11901,8184,11905,14177,12651,5958,13723,12586,6308,9399,4224
5463,12933,9166,13091,11521,454,7665,4977,12040,12738,14080,8491,5497,12888,7766,4057,3083,11049,14668
13570,13919,6477,5886,1487,8678,13495,14181,8959,1970,4985,8987,9744,11369,14266,2598,13667,3717,8663
13655,13944,5931,6113,7785,1342,5835,9800,1576,11091,1993,13604,10465,12607,4927,2508,9216,1796,7638
3644,8450,9257,5180,2765,14613,1925,10038,186,1192,657,2389,13643,3956,11133,4828,12216,11404,1707
14597,13908,373,13521,4520,14810,6697,1269,13631,13994,1611,5356,9018,11883,8859,8284,13347,2115,8591
7881,187,637,3367,10726,5325,11331,2635,6084,1008,3836,6387,14000,9599,2102,5058,10337,6263,2066,8368
6175,13896,13803,13893,12054,13690,9895,3967,589,6614,10511,6118,6956,86,3284,6607,11592,9839,1068
3246,10377,13545,14911,10456,8288,4105,12326,928,2149,1501,9379,10940,7608,2065,12855,11674,2759,421
13011,10855,4336,8031,7970,1158,8170,11856,3461,5602,1610,11615,11440,6909,571,7631,4761,7827,13413
3357,3377,9431,6031,4705,2257,867,11642,8740,51,5309,9948,4668,1362,4236,1003,10678,13356,11270,4718
6003,1979,2857,6848,7832,7655,456,3615,8777,1983,14313,14522,4952,9064,11155,10217,3013,6202,11183,10157
9037,910,9038,13516,1928,1018,7764,2975,1851,10471,526,14245,7787,3089,12683,13518,169,1827,6049,11611
70,13335,1122,14610,11389,9605,6174,7555,9672,13278,14479,453,1111,14932,2730,13221,12000,2296,2026
5341,1086,6654,7883,3233,6758,4432,2239,13383,9094,6998,3602,12023,3583,4292,13193,8986,3873,2750,13759
14331,9768,1333,926,11830,7419,2846,4366,12962,7902,2514,5283,11410,14767,14633,521,6337,9984,7537
7682,12321,5189,14168,2097,7457,14850,14309,7882,13227,8228,5318,1660,5956,14513,3970,5504,231,11412
6453,10715,8523,6163,1673,2030,9159,13974,11765,4103,10588,1324,14801,2736,8098,7693,8879,2433,9428
11510,64,12051,164,1540,7232,933,3218,12692,1096,4862,13249,7068,12213,6970,570,5816,7230,8601,7809
14748,8796,5574,14261,6785,5854,5736,5562,8209,171,4369,3068,13762,3528,14528,5680,263,12093,9937,9306
11301,9907,2829,11600,2922,8742,12883,10821,4584,9395,5939,2625,8910,13575,13586,5505,6479,1723,3182
12402,2645,11309,2529,14156,7579,3539,7348,4245,14083,14386,11378,3054,11228,7259,9076,6127,11305,13100
7026,13002,3139,4784,14417,4638,14998,26,1126,5361,3122,4550,1530,14916,11895,4743,14887,3009,10949
5953,13210,13865,6058,3588,6173,3419,13437,11051,13381,1414,2188,480,11791,9749,3307,3943,13964,8527
2440,3618,14695,12220,14769,9832,2157,10890,10149,11531,1506,13282,2425,5123,1201,2059,3110,320,13139
13953,5619,10382,585,14722,281,2499,259,10449,13846,11518,8978,14070,12247,445,10803,12812,10719,14678
11947,11885,9918,3535,13260,1127,11899,10059,8757,8814,411,12846,6054,10470,13349,13725,7588,14299
11551,3796,4339,14853,466,11194,645,11483,14257,4662,13676,14172,3892,4040,46,4642,7008,5218,751,9743
340,9316,3049,8,6708,13859,14954,11064,748,2100,7934,14231,3624,9488,6520,4427,4320,8398,1666,8526,12732
10530,10051,3771,12125,8963,14009,821,5620,8686,3608,420,4954,5814,14347,1751,10142,3036,14196,13528
3766,14928,11751,5394,7274,598,10667,10562,9809,4788,11863,11315,11441,4863,4219,11565,13326,8644
8313,10417,10227,3895,5101,14945,13391,13370,8554,3512,414,13270,6329,1316,9663,8861,2116,3682,7678
2141,7273,11578,484,2264,9439,119,4981,6728,14997,8375,1792,5992,12230,14352,14371,6844,10690,5519
13517,654,10683,4128,7931,4186,2715,9764,6751,9421,4918,7331,14107,13111,10384,7740,14197,13599,3617
7522,10297,13587,4525,814,7095,4970,14787,12590,1600,11849,10918,12753,6508,6632,2618,13597,1244,11936
8916,2799,4843,13902,13133,4016,4120,13955,3785,2064,11832,5368,2651,14486,1897,7933,11468,5238,7761
9357,798,1992,1276,809,14322,10773,2844,5664,10698,12286,121,13602,7702,14855,13749,1484,12964,1683
14064,13494,3243,10170,1641,6675,4599,8997,8755,13863,4029,14824,13405,473,4516,11940,1043,1240,328
9058,5211,12805,447,6198,10937,3170,7433,10648,9999,12727,4795,9897,4388,9355,9758,3758,14276,11547
8100,8129,11024,11718,10991,7842,13158,13730,7520,12198,5286,5738,12865,2025,13979,7486,7443,676
2536,14390,8669,5474,12634,675,5035,65,7582,10639,5117,14665,14542,4575,14343,3384,1665,7214,8386,13856
11575,5887,2959,11707,13554,4957,14272,14420,2501,7527,2050,12404,5230,7437,10515,14241,10696,9756
4923,8246,11684,298,10817,12965,4476,4097,216,7759,2605,8303,11661,2346,13350,12384,2696,1062,10074
8488,14650,3038,7013,11764,5543,3105,3187,3225,10954,435,10357,4060,7754,10056,11003,11569,12037,7377
5867,10258,8030,5726,1966,9070,11822,8083,12189,10961,1148,7200,583,7137,638,11502,11523,11267,14683
4660,8019,8388,7176,13574,3144,5382,14122,3100,1408,14405,1055,6312,2252,13770,3853,13169,1006,13090
4906,6686,2460,4438,13717,8995,2711,12203,12053,4888,940,9090,8473,3930,1481,8053,1370,11897,9583,11634
6197,825,7532,3386,6778,2496,1099,2145,1000,11912,156,4597,8720,5870,8143,13875,9305,724,8812,3803,10557
6673,3136,11700,8218,1743,11186,2396,6867,11752,9899,10566,4669,1500,69,12068,12180,4228,6089,13661
5737,5397,10389,6297,4734,10032,10634,11025,502,14825,13015,9006,12016,3774,12076,10452,731,9505,4547
1891,6080,8092,5605,13802,14614,5375,11459,10972,8635,10391,14105,345,6879,2022,8157,6204,1795,7061
4137,5674,28,5782,6851,7408,728,5317,11415,3310,1620,14879,14409,7956,6798,14637,5464,8219,1712,7679
7334,93,7730,14894,12908,7711,2571,6268,9597,12060,14267,9479,1799,457,14292,10000,1417,9661,1309,3344
12152,5758,5730,6195,9872,10281,714,976,7913,14707,8773,14218,327,1527,9654,2133,1658,2751,11188,1505
4066,911,6559,2562,7094,7778,11161,11374,6341,5265,3600,10818,7114,143,2098,8857,11303,10551,10560,10365
1477,3746,1883,12295,6264,4699,10824,4600,11193,7430,11606,10978,8952,531,8570,6533,1350,13239,4709
6342,5161,9500,7456,9981,5817,12594,11075,378,14550,3841,13637,251,2637,7057,11130,7663,3404,11018,9361
6249,4774,538,831,11275,3787,2601,12967,14664,2825,2638,11220,11552,7414,559,1029,14512,10467,13304
14764,3542,14640,9275,2831,13275,13616,12539,8229,10444,11109,14475,4157,10328,431,5308,8180,13628
2982,11105,6386,2924,6104,14543,8459,8659,4300,14771,13530,3699,14743,9947,11030,9542,2172,8557,10959
10846,9069,14753,3596,14130,14851,13648,9931,11259,1382,11312,3309,11577,11245,2004,3996,5010,12086
2966,1490,2135,92,11626,2032,7141,7326,9144,14157,3547,4429,12260,3620,12150,10379,3695,7160,12603,4191
1037,12795,10230,11472,5492,291,1415,11872,522,12085,5030,246,6782,9664,5852,2471,11292,948,5188,10185
14211,3628,6897,12343,3156,7357,12760,8613,13922,1147,10805,10929,262,75,4035,6655,905,10688,14643,2879
12990,13948,5488,5849,11422,6547,14730,9843,9882,12572,1789,5450,1439,6443,13251,2987,3631,10923,13397
2642,13048,4022,13123,12115,13618,1651,10291,12513,2830,4370,2078,12490,13800,9256,13605,14434,8374
375,8017,2337,6353,9141,14024,6099,2254,13572,8112,1592,4222,13524,12518,4406,1806,4146,11042,234
9806,2240,4999,9923,2933,11685,13104,9246,9163,7217,11061,7428,11586,7890,7424,12896,8425,6628,498
12966,1962,3809,10008,12185,8048,1952,6472,13365,11336,12963,12898,4198,9235,2800,14003,13558,2190
5564,1624,8108,3939,2653,2691,14961,8319,3502,12893,1315,6784,2224,12368,5669,8322,3073,13565,3421
14323,3276,760,14727,11844,402,3595,5964,8424,12974,13765,5225,13760,7464,8452,14494,10249,4495,14802
2071,8395,13206,13233,6736,12775,10242,4615,13490,9876,2388,3138,13842,10837,7987,2334,746,7767,9659
3035,4385,11745,5754,9197,148,10902,13682,1337,9097,959,10299,9426,7455,1770,13639,6536,5258,4546,2376
13194,5306,7557,5155,1675,8683,3666,14922,12361,8674,771,12064,1219,10841,11505,8201,10277,6659,5250
2322,9127,3440,9954,631,7,560,8148,5210,6950,198,11101,4189,9484,12008,7039,2457,3172,2504,1587,11692
8443,5391,8923,4489,302,6818,224,12284,1299,14884,7243,10354,12961,2728,7066,10216,3763,5357,5864,5860
13550,4825,14898,2327,8102,10304,3197,10093,5270,1182,3151,7056,8569,12849,11243,2535,13031,117,8026
10445,8819,13515,14605,6857,13392,1335,6540,76,3690,3390,13970,10398,8798,10544,7515,7591,9032,6939
170,14823,11508,5205,14426,9147,8639,13638,5023,5105,12084,13983,14943,10829,9557,3336,150,1678,13140
12840,12906,2827,2447,14950,11802,11610,8581,13838,13768,2408,4115,4551,10215,9784,11200,14988,3321
8741,12089,2053,7701,14341,3449,4413,5148,277,962,3435,6916,2332,8371,12821,9245,6320,7089,2731,441
14340,9891,14303,12940,12481,2283,2853,2122,2035,5471,14145,4485,1857,2355,13112,12980,699,1179,8052
2662,10204,12088,5179,8984,12408,13012,12913,9293,10464,4176,7003,8178,13907,3341,13662,3028,13359
1210,13499,11522,4140,5407,12765,14118,10150,1700,1761,12829,3439,5381,9579,5715,1579,2592,13705,7347
1844,4308,11800,9180,6892,4650,1236,14201,9392,6811,1340,4696,706,5168,6395,4726,6511,3061,5053,14329
5112,13556,2358,14925,8690,4285,9783,13805,9477,9300,512,1672,12144,2117,10756,12157,4839,4448,4609
4814,6212,3525,9073,1999,4979,2287,11417,14654,6153,6081,1050,4613,10028,10896,356,9695,13640,13986
5106,13483,5587,4048,5829,9187,3095,5650,14941,4012,9578,1822,8222,172,8240,7572,7415,3759,4507,14464
4332,4194,5918,5220,8122,5346,10350,9460,11027,12486,6446,357,8197,1287,8845,12460,4681,2202,5395,2967
643,4079,6304,894,4147,3253,11036,2422,11546,970,6791,3769,343,10887,2593,14642,9294,4758,9227,539
1231,3765,8927,2836,12329,6709,14540,14280,1092,1630,1189,4598,14165,13982,1832,14471,4947,12248,7318
8213,1427,4527,13226,4896,11382,8188,438,13095,11274,7157,12589,1173,7543,11564,12444,1708,6984,5871
9152,8776,10813,4728,2884,3443,2084,7239,2275,14102,9026,13070,9244,2523,14560,12406,1833,10992,9014
5912,10574,6383,4962,12699,6745,4939,12707,5991,605,13058,13385,3360,1638,11776,8576,403,12995,3683
1102,9556,9503,14284,1100,8059,10329,10123,5113,688,12600,7005,7635,12196,11925,5249,11445,2365,236
3481,5917,8948,1076,12874,13325,898,5869,14060,3534,3326,13511,9607,2318,6514,14411,9618,739,196,1496
10010,547,142,12309,3004,1107,6822,2541,6066,5157,10963,5592,2540,7073,5945,9207,10096,7335,11296,826
3071,1653,12409,2111,10886,3165,6910,3261,11268,12881,10280,10369,10638,4122,1973,14660,5197,4533
12839,2983,9044,2833,5548,6252,8462,11785,13651,14228,1846,8343,6393,12259,6670,9320,8515,12433,14919
1491,6217,9558,10001,13958,6548,10211,3157,2585,14416,818,4200,12878,13600,13439,11426,12810,10353
2259,14953,13909,10914,4008,2123,955,10022,8579,6622,5952,14100,14430,783,10835,3845,14121,13702,656
11827,5757,4568,1295,660,1196,12466,10744,7925,6286,1514,5436,481,5260,190,13610,8469,11152,9782,10921
4582,10956,13860,13114,5353,14883,12936,12983,11902,3806,7585,37,10982,9230,11357,3476,11862,5166
12909,4925,7992,1058,14566,7425,11334,8191,5298,8451,6926,7841,5276,3265,8795,2526,14532,6344,11353
8989,4841,13947,1331,3668,9912,8379,204,1325,9378,12791,3079,4607,5839,11444,13054,2421,14890,754
11258,8830,12105,2676,11489,7602,2624,623,5685,8339,10285,3882,9482,1774,11395,1026,7019,10519,14697
13960,1455,9869,7213,3285,11628,6902,513,14150,226,6496,10481,6695,1689,8988,4938,3147,7903,10636,13708
10257,13363,11739,8221,3980,1536,7133,7030,9007,10697,11230,11927,5234,6144,7630,1938,5624,4540,4410
14631,11423,12217,13833,11451,1771,13788,13474,2828,3648,4877,11408,924,13677,5404,8161,7438,9184
4853,13299,14087,13534,44,5589,6098,5327,9965,6415,4027,10518,7330,14480,10363,4443,11108,10131,10221
14525,7363,14992,10820,6931,11488,7653,3292,5232,2738,9668,14077,2873,12986,5657,10671,2573,8658,2250
8629,10957,12393,189,5753,8706,6178,5951,3969,696,2843,12790,12558,1725,639,12243,12773,10788,1150
14397,12717,4472,5845,14314,13420,4731,8928,3393,14849,1080,4842,12331,2763,6456,5880,7172,123,14174
9011,6384,13301,6563,1557,14048,3850,6744,13555,9104,4223,2344,4461,7556,8731,9405,520,4915,3641,11831
2495,12031,3951,9963,8312,11724,10575,14013,1304,12362,3032,703,2555,3506,11473,11449,1056,9773,3910
11272,12081,888,10722,7964,3199,5625,11861,1438,12710,10680,212,9533,10888,13129,3193,10433,11737,9914
2412,6660,14422,471,12240,4852,406,7147,10979,14305,13916,14816,2249,3570,163,14281,14831,8253,7197
14710,9467,4420,8543,4150,9101,111,4812,8878,11825,11588,9203,14644,5041,11401,6875,10713,8900,3507
4872,6530,5074,2198,12399,1046,1425,14571,2226,14274,2848,14455,11368,9169,1285,14510,2826,3905,415
5443,5616,7849,7798,5165,10931,7191,4864,459,10419,2333,1892,1423,14746,11037,10300,591,14462,14332
8486,1432,697,9136,4327,7081,1718,13557,14783,12767,11253,11701,12856,9356,9053,5424,6065,3730,2081
307,1405,2665,10606,304,1396,3548,13234,13884,68,6176,11330,4717,11855,9140,6886,532,6149,12395,2910
12102,2024,14994,7669,3026,11370,13094,10223,2466,10092,2271,9332,1246,13355,7390,10138,9221,256
14578,14788,10335,3993,1949,9188,7309,14306,1639,14987,4392,844,9625,14023,12922,7805,2758,12323,1292
3222,13149,1161,8364,14075,11549,11207,14207,8733,1528,4113,6633,11063,10848,14901,1853,11325,265
5420,13463,3815,5134,13501,3592,12643,11237,7383,1929,7349,10478,12133,6034,2407,13066,4750,11989,14913
11460,5622,11814,9296,2144,9787,5641,1171,691,13102,8340,12711,13399,10250,14815,9585,14885,11355,5764
12730,12330,4721,12837,960,1254,7698,10385,1187,14134,13969,11019,13153,1518,10073,9209,6793,9067
3332,1030,10002,9036,2183,2001,12087,3894,266,8323,5779,4665,7658,4051,3245,4018,14612,7790,10012,8432
4337,12632,13671,3200,11916,6232,12421,11362,2042,1169,1596,39,14435,9456,3491,14183,9961,9290,5954
13674,8972,5679,9340,5791,9471,6440,3863,6551,7833,2426,6718,3023,11501,12212,319,8074,4129,7187,11482
9946,2725,8245,11396,2670,2639,5076,7122,41,5352,10046,7647,9323,3958,7687,695,7151,1247,9083,13033,9563
12672,8820,3434,10550,3120,3527,704,4830,2628,4244,14242,13380,19,5069,12509,13125,2299,674,8207,12786
998,6158,14053,14839,2556,802,9731,1877,8005,3169,8752,14316,3879,6661,5925,1257,9757,6773,7940,6215
14920,1819,1704,12561,12255,8666,5159,1281,14974,6561,2418,6012,3529,14208,10889,1204,14394,4577,3290
5084,13189,9629,14324,2223,6250,649,7130,410,6327,4349,2393,12777,505,1895,7494,5253,4037,2564,10622
3779,14363,8435,9324,13520,5865,3189,9805,3427,8445,12693,5096,6079,9777,13177,14061,11797,13093,13353
2317,12649,11553,9905,14551,4442,886,9804,4062,683,7772,2012,5904,3429,5826,9582,3469,12156,7885,12538
4596,5138,2771,10135,3134,10356,13382,14860,4891,11908,10691,11601,14377,1193,7946,8911,13752,13013
11045,11317,1754,13507,5793,1436,4619,311,1698,5515,99,8133,1502,13874,3916,8969,11695,11557,11041,1239
288,6766,5061,9801,13688,11951,13217,6885,8467,13492,1112,4928,101,12592,3251,3180,2655,13976,1887
8295,12183,12485,13871,6258,14410,9372,1406,14570,6073,5390,2171,2797,2307,13673,13977,166,7362,2315
12819,11796,12190,12218,11419,982,3257,2673,2993,2316,6129,6303,5675,2194,10108,6580,9983,8454,1677
7927,2086,3150,1635,13699,9520,9986,7233,5518,1780,9051,14872,1387,13646,10623,14744,7587,985,705
9063,6447,5651,6952,8901,840,14574,8540,6809,14254,6637,13259,1980,13672,3856,12202,7786,1259,6156
8508,13465,12788,10193,9900,9534,12580,8181,13339,13715,1138,8654,1028,9125,7547,4151,1349,10195,5307
8801,11008,619,1793,4310,8225,2705,13685,11398,14963,6422,3579,8123,2511,7492,11244,4648,12752,7204
10437,10180,12605,9791,872,11134,10494,11277,7939,278,851,5459,9115,12956,10416,8695,1946,5248,5936
7997,10049,2384,7792,14375,2620,10736,2031,7285,10394,3324,4809,2509,12647,6199,3538,7333,3305,6619
10738,8255,2986,3,14986,10153,3799,10050,792,2500,7429,3160,10962,11104,5569,9696,12341,14413,1880
10209,8646,7677,1984,1644,13178,11678,5896,13664,1684,2027,10839,7950,5244,9377,14985,6853,10137,9092
6207,11559,9365,11919,9239,10752,14186,1721,14302,523,10109,5805,6506,3486,10143,1152,10036,2674,593
14776,13903,2572,508,11165,6247,13568,2468,13318,11367,13377,1184,6606,5590,5342,1802,1321,8055,4804
8887,3142,10528,14862,10948,2634,12721,9739,13087,3500,8333,13329,9367,5097,12817,8351,11957,9853
7460,3123,14333,4426,1306,11129,11052,14137,469,14349,13852,6467,1571,3955,12029,7739,8214,14557,14393
9008,3198,7179,13899,971,2124,5347,1211,1390,1328,12303,3598,6780,11792,14830,12618,10496,7897,14163
11627,14712,12778,13898,8541,10751,2481,10881,13212,14310,11736,13571,3148,9506,4209,2599,2449,5135
238,8165,4543,8982,14129,8689,11746,8564,1681,12225,10778,5304,9795,13736,3295,7215,122,6810,6486,11971
13789,6047,2803,7684,12413,12206,13532,7756,1682,12903,3571,5339,2120,2768,90,10699,8373,10037,7221
10826,2486,11602,5847,3649,6573,4559,8600,7676,1392,5682,12210,4196,6314,12917,14380,4932,323,11111
5302,6643,13629,3927,6662,2105,4199,12720,1329,9771,6111,1777,4666,11804,2281,7442,6074,9496,10136,8884
9992,3315,8292,2902,3128,7162,9878,11567,11828,9198,6262,6411,12535,3741,4959,14418,10964,4592,6743
13408,6546,12584,10649,1840,6284,2007,10500,5610,4399,8922,7398,10167,10375,2519,4760,11868,529,4976
4904,10720,10034,7490,13567,9502,12224,2989,3866,4536,10965,13981,506,10953,2330,5207,2429,10420,14256
3957,3413,6318,12901,509,9447,13395,12578,12736,13506,8611,13128,8648,10156,13885,7388,476,14731,1544
13797,4878,7760,3010,13003,14427,7659,8326,10512,913,5691,3673,647,10640,3874,12047,3848,5408,8787
14161,127,12526,1553,14562,8477,2165,13265,9750,8176,1250,14275,11214,11478,4623,9988,14396,6290,7577
5521,3504,5315,8054,7694,12377,6478,5334,11406,8877,7166,9679,10810,14946,12100,2652,3020,132,5688
693,2184,1785,11995,2779,4831,11110,11866,10308,7255,14773,11044,3042,14511,9909,7458,11436,8936,13384
10303,12504,5440,5360,14452,8985,1123,7765,1327,6416,11617,1676,7909,4689,7180,1657,10117,11257,8945
901,7358,8365,3565,5703,7799,10097,14193,10179,4594,1103,13576,4102,11847,14135,8870,13582,10857,8874
9358,8262,12410,13245,3190,3619,13993,11542,12678,9106,544,11093,13925,14973,7692,11356,2815,4065
91,13791,2822,5367,10838,8825,3262,14929,3723,5199,11880,7208,10642,5591,9560,7485,2654,14970,14957
1767,745,14357,9786,4757,14125,7625,12566,12354,6881,3974,5378,12033,14361,12630,8496,1397,2017,2549
13513,7505,5227,6776,10265,2587,6975,12536,6616,7075,3437,2399,11092,13657,9248,4640,1703,4141,7236
5955,11982,3298,10133,13980,12624,6345,8044,827,2630,10155,14979,6189,12287,9544,8685,3755,9700,9046
12475,12119,11561,14500,12668,7245,10358,5467,7699,11846,10248,4294,9949,5883,9370,5545,184,13790,197
8727,8808,11232,4725,10326,4753,13810,3345,13785,633,11146,3940,5943,2191,6121,12517,2349,1460,10525
12172,10024,2880,11139,5254,2345,10748,8789,13864,10559,603,663,3317,10703,6154,5999,3264,2583,11210
7807,13622,4873,14286,5345,2386,2312,12902,8247,12032,13422,12834,10488,2166,14634,11780,12797,5427
8317,4667,496,6445,3800,3816,13579,12357,14938,3655,8063,13901,12548,10897,501,11514,13433,4751,8304
12512,6918,2788,7743,12642,4711,4134,7001,359,14895,4605,3543,9341,5335,193,9261,478,13822,4121,8294
10401,4840,10298,12510,2506,5787,9979,6420,8160,13311,2037,3037,5104,7857,330,6755,4800,10878,4635
14042,7148,9529,12696,3885,13941,965,2687,9343,1301,12459,2943,8296,12274,5062,10900,11933,2780,3991
7290,4175,14240,14288,5718,5634,11314,1039,2265,5825,5245,9138,2361,11835,7129,9761,11208,7367,4914
6866,12070,14264,14298,665,1178,7126,5626,1573,12177,10251,14652,11735,7083,2091,1087,4312,3085,12640
2354,2702,9547,5045,14058,9779,11545,11004,4881,4922,12001,2464,8382,6807,13421,6146,5290,10583,11654
11622,8567,9532,9278,13044,3917,640,5389,3842,1953,11217,10190,3727,2113,12179,5980,370,10852,2930
3498,10912,9922,2709,5047,7704,13588,7411,3158,14142,5119,11344,1065,979,3281,10879,13236,14601,5383
407,713,14364,14870,14255,4005,12573,2944,1617,294,12494,9821,4174,2154,3925,13716,12129,14424,3425
8263,12195,12978,13021,618,12636,14949,7310,3480,11017,13973,740,9727,8872,7777,14472,8272,4564,11613
10641,541,13238,5759,10085,6852,1570,12879,4360,8115,11299,3694,11705,12806,10267,9501,7948,9997,13121
1601,3380,8992,1549,648,11607,1790,1446,9913,7745,11319,6683,5183,1663,413,13005,8716,2840,13508,10785
11810,9386,14090,5707,4683,8604,1936,6568,14179,7594,6372,8357,4477,4712,4971,2492,10243,5454,14084
14124,11285,13978,9530,4654,14051,6375,4730,6803,8645,10561,9964,4590,13931,10451,3533,3659,4621,9121
13305,4535,3353,3484,14293,11898,9975,5777,4082,5979,12614,14982,2923,6132,1974,13793,12877,13410,5359
5475,13211,14869,6967,1890,1948,5733,4723,6423,3462,13998,1048,8434,4099,3201,10273,242,2395,14868,7666
7518,8565,4526,5235,8167,13061,2784,7789,2745,14629,9084,5001,4781,4286,10438,1567,7898,8494,416,8358
11767,1045,8032,4131,925,10321,8220,6899,5125,11390,1852,4056,12943,4232,11199,8010,1541,3044,7731
3663,12560,2470,77,5784,9165,3196,5139,6692,10105,14012,11636,7671,283,13378,3762,5922,3303,13745,12098
14752,10263,3348,5801,9170,9056,13109,13055,13549,869,1814,2579,8070,11598,9492,3901,8672,981,4764
399,13027,9574,5670,12862,9862,2451,10781,620,8729,10103,13160,4271,1986,7817,1835,3891,8407,2965,14535
9716,3124,13913,1756,10018,3482,958,3720,1214,4344,7508,7794,6313,5557,6431,6025,14401,8934,3742,2138
5800,3053,5121,5095,4204,11979,1556,2647,4411,9681,1345,2284,1559,12815,7346,335,12376,10926,12342,12067
14990,7119,12465,13404,11703,13147,5158,10941,3131,3802,8281,2159,12380,6883,114,12222,1271,1760,5926
1626,4786,7412,3584,8732,2413,14190,14931,6671,14867,141,7384,2782,5021,1956,13155,14019,14804,1440
6155,11671,5499,7710,7022,11816,3464,11266,1510,5677,4415,460,8453,8250,13503,13258,10629,12684,9364
4289,2616,3086,1834,8439,1773,788,13028,4737,14618,1215,9638,9930,6413,3186,10235,10402,5577,12597,3719
6152,11944,2321,14782,11964,8647,7396,4017,9329,3091,6631,2168,14886,2903,6061,7400,5164,6538,2626
14069,160,3106,14312,4850,12405,7545,6618,14778,6841,7916,11583,5037,5162,9951,2342,912,850,989,7924
4165,651,233,3914,11910,8105,12706,11888,2891,9915,14247,7451,13912,3096,14128,12120,3983,110,3488
8970,6363,8675,2008,3093,1389,14031,6103,4010,14476,8571,4805,2732,11475,14675,12065,4299,9404,7552
3343,4306,7104,13223,4702,1876,12987,4031,9985,7365,13739,10359,978,4264,11298,4755,5725,14914,5532
2917,6786,10534,14766,8844,12095,14530,5007,4459,4879,2219,5043,11239,10371,6474,12825,6837,13580,3971
4554,5773,13809,2929,1591,14596,364,2907,3252,7216,13150,11016,1781,5734,9798,14040,12010,7278,9108
9124,1278,14791,6680,8822,104,10132,2215,14220,9940,3677,10457,4378,1575,13081,1719,3599,8276,1931
10006,10976,1468,388,2946,11221,1615,4886,2212,11574,2314,4216,1933,8182,7418,1141,8464,1864,13113,9254
7139,11525,12993,9462,10772,2089,177,8937,8839,9302,10932,1398,7852,4231,14754,6035,7793,6869,6988
14008,604,1782,12314,7301,13794,10198,4396,2493,9129,12487,8116,2878,2876,5445,8146,392,635,1908,11759
3884,920,10934,7791,14673,9885,806,1467,10717,66,2521,4201,4772,14066,9440,7101,14585,5193,10728,917
8418,2600,10919,4849,12479,8904,5380,10169,3436,6394,5090,9873,3662,4974,12445,3924,11624,14369,13935
13458,7193,250,6790,5455,6747,4355,5596,3333,6483,7920,12488,1154,759,1939,11760,2041,4917,6534,1913
12809,13290,4572,5425,5350,1508,12671,12003,938,4054,1943,723,12565,5431,14638,7177,14138,9870,10084
10271,12687,4803,14301,4471,10799,8829,13578,4821,9360,9925,13341,2740,11279,14344,11492,5293,6760
1145,396,6517,5683,6193,5700,4820,2136,3473,1156,8416,8881,10827,12619,13811,4739,12483,3361,14428,8750
5961,3737,10244,11321,4996,10062,322,13386,13975,1021,4319,10334,13253,13174,2148,11923,14713,5798
2813,3304,1791,7272,7053,12867,5479,12101,5192,6836,9042,2962,7386,482,6982,13165,1922,11999,1133,12288
11242,6240,3843,1768,2402,9217,2999,9827,1603,12153,14106,5940,13145,4101,14484,2997,11480,5786,7972
8068,588,12952,1121,9831,12942,14688,9919,13509,3576,712,6326,9057,10088,4462,339,3751,4513,2821,10718
3328,7480,2114,4867,14358,5856,13703,13273,9996,4076,14933,14762,3329,11343,10393,12418,2258,5921
14968,2516,4083,6574,4227,8512,5190,8085,9401,10875,449,106,12209,6569,1941,1413,4603,7675,1766,11709
9459,1694,8360,338,9240,11524,810,1637,5699,9312,7391,9688,11471,2695,9045,3097,12808,835,14741,3445
2028,12831,4063,8851,9041,1950,4155,10236,11587,13821,14016,7498,3195,1146,668,3444,6688,12992,13632
12557,10289,14809,1786,11513,12121,5924,9174,7986,8131,11469,12890,40,2611,14126,2255,11938,9513,793
6965,8761,12443,4011,2858,5742,576,14330,3396,13047,2233,13594,8436,3062,10110,4469,13402,13560,14115
4538,12945,12750,6924,5416,3557,4894,6253,14233,4375,14202,8697,9461,758,7076,6528,7803,3192,8346,12424
2222,14489,5169,1935,8022,903,8442,6609,9875,43,10552,2581,12471,897,12267,1820,2348,11360,12889,7815
6682,3692,14685,6043,964,1430,9000,2305,12417,2552,11541,7483,1697,13255,7926,2290,4268,778,13336,14063
12412,553,5838,518,14346,12514,14625,3015,12515,13601,9834,3523,2292,3471,13379,3776,1976,2584,14715
11590,833,4451,10610,1465,10147,817,6849,10238,7131,14756,181,11458,237,1160,6703,9478,3786,12718,13726
9470,14567,3397,12511,3366,1797,9208,7891,5468,13032,7622,2325,100,10798,14774,5480,2773,10207,5034
13367,14466,11435,4475,7093,13105,6739,13460,14187,3312,3838,4309,6794,10682,7542,11657,12826,9385
12551,11603,1073,3860,4071,9705,8505,7096,9710,1593,2994,11190,11984,10804,8705,10535,10796,9631,10352
5897,4630,13669,12021,4799,7808,7422,7447,7884,3474,9511,10830,7268,7646,10970,12957,12847,341,4302
2329,1359,5635,4192,608,14878,4265,10338,6976,12350,14959,8043,2575,14847,11058,4389,1906,5985,394
13887,6504,9721,10441,11731,13225,4416,14406,5120,2435,14159,14821,8643,3941,12034,5601,3708,5993
5530,5914,1379,687,7546,14336,3589,8111,14081,11777,6915,3113,13471,7528,11399,5006,7484,5322,5421
14549,4334,1367,1314,5803,6325,5998,11890,4145,8449,8983,9943,1661,9778,6323,9231,1868,3052,10231,10252
2972,12164,13491,6721,4468,528,2118,9,13544,5946,6182,2343,11354,14877,12789,4491,12832,2520,13526,3191
12282,8572,4422,12044,9691,3854,7375,2363,4397,4342,3761,577,1165,11429,13707,12492,2615,12712,13656
3947,2636,424,9855,3585,7975,4359,73,11470,10996,8023,12559,9182,4384,14514,11660,2869,12900,3206,3754
7117,8771,3953,14151,1450,9911,14772,7966,10447,3549,9469,13018,11280,7879,14027,6525,2328,14552,2205
11405,7409,2867,1613,8941,10427,14091,6579,14010,12914,12845,13008,9883,13295,10761,10164,3362,1176
12127,8227,6316,14780,6903,6690,7713,6075,9307,4907,4428,8679,1728,4958,2683,947,10462,4835,12273,13267
943,6295,4905,1524,7421,9508,4498,10381,11145,9697,7251,5778,14980,6792,1654,972,2380,13331,9432,2919
10159,2197,1671,988,7356,1787,12364,4868,3807,9043,2852,31,1618,14044,6301,6493,2837,2189,137,3282,6656
11768,13627,8717,8280,10725,3063,2320,2234,6667,14593,10597,165,3911,2607,6588,13729,6335,13269,9611
6726,11854,13906,7152,8301,14055,1142,9982,9590,9020,6907,3934,5900,6582,8080,12467,3030,3811,2528
14395,260,5863,1636,7959,2382,7703,14271,7431,12285,10613,10219,2753,11779,11102,11029,11889,334
7366,10980,11529,4125,13670,775,6820,11873,14751,12588,13049,6272,11732,10823,2062,14587,1804,13316
8389,10701,10765,10776,9373,14600,12278,1923,7027,11852,11224,9422,1669,3226,10233,4205,4777,13686
7717,11339,13552,10448,5191,13634,6787,13361,10483,8536,14679,4261,5437,6772,2069,6636,102,6761,468
733,5384,8550,5676,10463,11773,12771,11635,10951,7350,3999,2018,1036,10473,8996,558,14498,2716,5525
3456,5328,13497,6638,6828,3633,600,7978,11465,3031,2602,13804,10210,1765,9593,11173,12188,5501,3706
7530,4955,8241,6720,13910,12219,1848,6296,5531,2241,2340,5977,1025,305,4405,7088,13633,11645,10310,3075
280,3472,2942,5271,7788,11179,8606,3489,9685,1384,13519,11794,12946,13200,2723,6754,889,10080,2211
6223,14205,11156,6455,7535,7359,14556,9754,8480,1137,9715,5534,10582,235,1739,13120,2170,7178,1539
13806,8066,8580,5520,12181,12522,14917,2612,12860,4968,7783,13043,9325,8944,4537,11235,2790,1445,4311
6932,5279,11782,9162,10570,12577,3426,8299,11799,14538,8090,10510,12685,4604,13478,8627,752,8223,8657
12043,5840,4624,11043,6030,2894,13025,967,3485,4278,5965,10782,7226,3635,7821,12813,11970,11466,12261
11284,3249,3119,13539,4243,11616,6817,8858,14716,2400,12545,1233,3059,2455,4367,11669,5020,5130,14534
3229,11265,14545,12114,4801,14745,12982,3537,8224,8746,9313,13484,4956,10052,12269,2498,14015,13747
1807,10612,12861,7091,8547,7961,9719,5393,4528,8930,8144,3781,10134,10647,743,4620,112,8908,4497,13467
2729,8399,4395,2147,14818,8107,12864,13303,8712,2706,11864,1772,2213,8699,4235,2981,8173,6714,3145
3931,6942,1824,9687,10499,13214,12049,2103,2014,9920,13151,9017,14219,7716,8162,10977,8073,11713,10877
1702,11891,9130,3670,8110,3477,11824,1162,12426,6109,6055,13161,6309,7320,8362,14687,7240,5537,2586
10546,6741,9259,1302,13017,12194,1679,3732,11047,126,5438,14400,11386,9653,5655,10541,8676,14837,4562
11167,9498,125,8252,8587,1168,642,12375,3594,14736,3478,8417,1213,10995,12297,7281,1858,9575,953,5947
12650,8713,7128,10264,880,8060,2079,1732,8687,2196,10067,3642,14287,5830,6532,13428,12312,1503,7202
5429,1523,9525,13172,12880,14581,9526,1584,13957,7632,2596,14796,6251,1188,14653,13450,10078,6038
4903,6846,1226,14278,7469,10061,6464,14366,7652,8707,12648,11226,10908,3099,9273,11817,12596,5269
8609,12136,8402,1486,7569,10899,3212,12850,11967,10355,9753,11059,88,9283,8836,973,2216,7306,3154,1172
7244,4790,8380,10579,8204,3005,12378,14028,9938,8939,12489,2591,2900,9980,13197,1466,11094,12401,14667
14533,12921,11364,9692,1217,12232,11050,6449,11131,14258,12128,10872,12193,12344,7105,4467,3509,12872
5163,794,6106,7718,3945,12686,3011,2724,9437,1044,11174,3603,4765,6507,12090,11998,13713,306,12977,5457
10989,2180,858,2438,4521,11532,3007,3812,6994,1648,8897,5195,412,8938,3935,12658,11115,9253,3788,4070
747,9433,896,12623,9545,6974,2489,6957,5690,11666,7183,8203,1051,13026,5453,9813,9489,5529,9694,4539
12397,3881,1443,8277,11072,2707,8091,636,4679,9539,7267,7769,11255,5891,1705,4412,2187,8622,6831,11717
2554,2029,10188,12871,2577,12012,737,8274,1203,13375,4556,13942,7829,7600,14784,11874,12472,9698,2921
7300,4109,4453,10874,7181,14030,10537,11456,6713,9114,13188,10432,5019,355,12910,12438,5819,11869,14209
6150,8809,5493,10922,3740,4639,9272,4107,11877,13229,8682,3258,7919,3952,10016,5559,5916,2622,4492
12531,842,617,6007,3503,11778,4095,213,9376,6665,6385,4038,13504,3656,7376,4626,8492,12617,12272,95
11159,6797,5247,5923,9857,5494,5338,9265,5872,1372,11256,7120,10692,9493,6537,10404,10716,8493,11710
796,10616,9295,1371,7664,4608,9976,7078,13755,1334,4441,13457,5594,6738,980,6587,5323,14720,10378,10653
12416,10694,13564,594,10282,7604,14147,6877,6799,12824,1871,4203,11424,18,72,12610,679,10572,12772,1561
3371,5344,3878,6380,10675,5710,11187,13057,9712,13116,4423,13653,6590,556,13668,4348,9423,3000,8194
14759,14859,8422,5461,3346,3777,12923,6893,4574,1547,3349,10333,6620,11911,14033,12048,5750,8827,5970
2737,1221,11954,8968,4305,5070,9890,6835,4963,6299,14993,13547,2441,13389,12823,795,344,12441,13250
4720,3460,9612,6177,8806,6340,1082,71,5216,3929,12628,4434,10526,10505,10075,4869,2659,10256,9846,8086
9013,8411,3972,7876,9552,12317,7427,8799,10479,10605,1543,2671,3133,12639,4762,6639,7382,592,12398,14148
1136,13173,7416,690,14132,11637,14555,13073,10396,1483,5044,2527,13819,14827,324,7619,3339,5439,7895
3409,12641,8513,1741,3986,11931,14896,14677,3375,11840,7624,6928,6270,7598,1091,2658,7275,6783,13343
7374,4067,10503,12066,9926,12234,5080,1106,83,11184,9528,13306,10206,4237,10410,7748,6276,7407,1273
9415,14351,6331,7818,8355,6732,3979,14573,10668,12463,10247,12182,12097,8412,12470,6107,12382,4195
11293,11675,13148,3855,9576,11906,10870,53,6481,13312,9939,14989,5337,7471,6168,9572,1563,9499,10301
12748,9658,11172,7112,3137,7705,5140,11112,12349,47,4326,14584,1330,12745,11623,1942,5370,7084,10706
4893,3638,7185,9317,12521,14213,6183,10593,9120,12674,7973,10910,11361,862,10066,8345,11988,14192,7905
4901,6759,1940,8913,628,9327,9941,5658,14995,13176,11668,8463,5693,3178,3441,6092,5221,4394,1821,8520
10749,9474,2961,2494,6226,6855,1393,1733,2479,1963,13596,9935,3379,5103,4617,4435,13308,1809,6377,4876
9815,14443,4049,426,4418,14875,1859,9901,2958,3316,11097,8331,4912,13288,6977,6009,3705,29,11517,13264
12541,1347,3306,11216,7123,1286,12073,6968,14940,147,13879,3117,2697,13644,3269,9132,12244,8088,2074
11308,11554,10750,3989,13877,7194,499,4890,8217,13063,2656,1354,7099,8383,3555,7886,107,8614,2970,882
2335,1175,4729,11106,8145,10598,11086,7988,14108,4460,4187,2814,871,10654,1355,9394,11576,2474,4895
12660,7565,14971,1628,12151,6746,5523,11585,8765,4419,883,2693,9780,3685,3383,8065,1177,5172,9701,6531
1010,8607,22,3778,7802,1403,14212,5,14733,12473,14459,1674,8951,1482,2341,9110,14433,10558,2979,9759
12873,10891,7111,10548,12602,12238,2044,950,7529,9622,3992,13324,2503,5118,8039,9452,13938,6001,13446
14829,7337,11122,1912,14453,1631,5982,1867,12694,14828,362,4064,6366,13030,11327,12835,7634,14589,11372
4221,11392,5547,12146,14035,267,10013,9916,14546,7531,9735,4404,12575,10630,12629,4512,11438,1981
14238,14232,7463,5051,5486,14630,10708,6082,6256,2093,1429,4641,6136,6147,8906,6812,14795,14893,5403
6847,1537,1232,4074,4078,6131,13141,805,9483,6735,1268,13603,7681,11769,2886,6205,98,14863,11993,14845
7896,13118,7289,2667,13500,14499,9746,2767,10278,11481,11641,10969,14114,6357,10868,1903,3861,4506
2889,11057,13763,10491,4741,12075,1632,14404,4026,3801,12169,10205,7517,5720,5100,9745,9402,10498,5827
12587,11857,10955,6429,4719,4154,7607,5893,14750,7507,14095,12892,4450,13734,7983,4402,12092,8243
3006,12516,4949,3414,6171,4937,7047,12374,8625,1622,8715,12787,8321,13084,3821,14429,11516,2142,9035
3837,1512,6360,4430,6347,5287,6934,4321,12779,9836,5796,3563,2627,6280,7082,2772,14170,12028,4747,4782
10367,7238,14622,7449,2888,7294,8793,8109,6070,4549,4670,5417,1032,7597,12714,1253,10306,5482,1022
13425,9337,11648,2543,8868,5003,8267,3680,8242,10609,5055,13857,2713,4994,9068,14647,3716,5855,6381
3275,10702,1130,13687,8349,8441,7086,644,530,7038,7323,13215,8196,13072,13388,909,7606,13344,5632,12201
14606,7573,7952,7851,8293,12620,11340,8628,1366,9596,9766,12324,10673,11618,7550,14604,7781,6838,1143
5973,4664,836,8232,8268,10,524,13614,8999,4114,9497,7050,2373,2936,14657,5428,6824,11166,3420,12749,10069
14043,8993,11068,9620,10862,13952,11400,11485,9280,13624,4510,14399,8235,2538,11961,11,9652,14473,9657
14376,7420,9933,13195,9850,5694,5618,4880,5066,13607,4119,1920,2488,12474,2546,2182,10065,14689,5259
3871,9258,10740,13766,3155,12583,8566,11347,13748,8150,149,1914,4152,8847,10790,8291,8698,8653,5556
9840,11219,2938,12318,3678,3235,3034,5584,808,6405,4493,5705,6334,7227,10632,9403,6140,13277,6322,11599
13284,729,14007,1713,11313,5729,2565,10368,5129,3274,9549,6424,5209,7459,11882,13551,9967,12716,8169
10186,2864,6515,11783,7960,1578,4678,4766,9734,9969,12078,4724,6233,1252,561,5576,3401,9339,12316,6216
6119,5333,13276,6371,9436,9362,12056,11196,11907,5009,13812,14403,5823,1113,9807,10405,4910,5526,10532
13758,6581,12701,1298,269,11580,13783,11537,11686,7848,5226,841,11271,11080,2505,9748,3098,3017,2984
2909,8977,9149,14580,12695,13449,11055,3749,9729,11969,9971,2390,9736,5122,9229,8310,4356,9762,5834
6487,2845,1170,9957,2414,1801,12370,7683,11535,14765,5217,13228,7712,9535,14617,8709,12211,13553,12208
7113,13293,8468,14636,8530,6687,3944,10005,6987,5303,11612,10003,14262,937,11506,11716,12591,14548
329,3572,7775,6248,11976,11157,716,935,11697,13659,14967,1590,2684,9709,1019,5799,13830,13866,7308
12079,13351,11085,5280,9137,9540,10055,6890,1692,9959,5187,14444,25,1002,8034,14038,3684,419,11033,5175
10999,6289,3499,599,6011,5568,2714,14568,13891,3906,2906,42,3703,5181,4124,7667,7846,9835,2432,7581
1356,4768,10440,14508,12719,8507,12293,13254,2080,11358,6275,2761,3057,8552,6265,5942,7209,5831,7943
14052,5747,10994,14915,6997,12428,352,2801,7035,4920,14844,6261,14318,14777,3374,7996,11943,8336,14842
5828,14237,13297,757,6010,753,3942,13423,4988,381,13469,7937,8130,5843,931,1695,597,12762,7021,4687
11808,12754,9586,10806,14485,7143,7499,9958,13089,9181,3363,1497,3382,4832,5656,3582,3501,5048,12004
9408,94,7512,6201,4508,2774,13514,4818,4892,8347,5194,8018,7017,11241,6002,12520,7636,6922,2595,10246
3564,2835,14017,8275,1711,11015,876,4580,6254,8302,7868,2854,3266,2842,350,11177,7062,1400,7312,7211
14082,9812,2085,10952,7136,9775,7544,2896,5698,9865,14195,13436,13292,13280,6748,11236,13796,14085
6961,10602,10586,9146,14354,7980,14908,8929,14307,5015,4663,13808,5171,6021,5295,6410,5392,3601,3048
10476,770,3102,10474,6022,6983,7741,10646,9059,5470,7847,10397,7071,12069,3857,7888,13683,12325,5502
4931,11359,7029,11823,9867,10615,2099,11973,7893,7605,5448,7836,10283,1937,8153,13401,7523,718,6878
9310,5296,1863,10793,9189,6657,3058,9223,9910,11972,241,13342,13841,13851,7246,1256,7502,13741,1420
11807,7995,8257,7169,192,10755,2971,6564,9435,8688,8002,8649,7256,8855,12534,4050,3114,5994,3497,8128
927,1063,11584,14,14289,12722,2326,7016,5185,2872,5476,13314,6115,14918,10808,8081,7863,12968,9200
8501,8318,12058,3556,8918,10819,10191,9693,5612,2948,7189,14385,6684,5967,2512,7237,4602,6170,9728
8595,5774,10882,5511,316,4207,12289,12574,14705,6542,1815,353,8745,7116,7402,14136,3653,1385,6951,6699
5711,1227,3433,3090,4998,5348,11809,569,14897,11786,7364,13900,11290,543,14537,2392,8279,2295,4995
5780,3546,5722,2167,2076,1640,4123,6819,8561,3392,3327,11487,7102,11467,4544,7872,385,6454,8446,7028
11070,3033,10589,8008,14930,4003,11352,10983,10687,3704,918,4118,7626,9676,10876,10600,6938,4238,2557
11376,4930,9648,2273,9531,5663,14775,10997,2547,1441,12663,1778,1009,6840,5554,10475,9176,5401,1267
4260,5289,7548,6640,12530,2789,1011,8895,14078,10443,11189,4661,8736,11593,2719,4482,1495,899,3640
9204,4072,4595,6362,11053,9190,8297,2385,331,10262,4096,175,11124,7873,10660,4225,7118,9102,2021,488
5609,12191,13247,6722,14588,4697,6623,7911,10664,7771,12635,14806,14888,6358,8863,9678,6417,3581,128
6908,6425,10906,5379,11834,9960,2015,10603,450,4987,2887,12122,14734,7077,2244,5410,4827,5239,857
2394,2023,13252,7812,7223,7722,1509,8694,1842,2805,5310,4246,8001,3859,2510,2548,5442,9218,1358,8406
8216,13817,11499,11763,158,8175,6459,8779,9565,6978,14811,8087,3654,491,11658,5649,4865,12491,3554
10531,6037,9016,8270,9085,5824,1115,10007,4494,14432,14952,5588,9548,13127,8400,3743,14110,848,5087
4374,7999,8045,240,6541,8500,7534,6040,11865,8405,1243,7525,9792,5264,140,12661,2755,6740,1577,7186
7165,8487,13905,271,6114,2952,7491,13663,2301,6157,14285,1884,3920,13710,14497,1595,6973,11858,5844
2754,7321,622,13829,3536,5108,8266,3470,11203,9369,11625,8456,2690,4112,8003,11917,12657,1185,7195
13847,4036,3963,12154,881,5668,8835,11056,12281,13069,138,6228,2692,7615,6505,5071,487,6376,13698,13848
7220,7614,9837,3764,7167,6221,3725,9666,4997,4515,6430,11014,12197,14620,6470,13164,9387,7949,10319
3168,6033,4692,5763,11926,8470,14726,9326,8783,9646,3997,2072,10286,9820,2708,14350,969,6293,7864,3104
11162,6578,13665,2537,5920,5524,1284,4297,6333,3724,9952,3410,5540,2812,3416,11128,6737,12379,7584
10174,2973,10189,5621,12111,2483,6159,10601,2704,2439,3613,6241,10128,9419,10343,9774,13737,6523,9623
6321,9167,9243,1969,8516,3159,12742,5836,11928,900,6992,5146,4646,10145,5372,7501,11078,418,3804,14503
3299,4325,2953,12348,10039,9087,2036,13142,3450,4130,4902,11338,3149,5553,7293,8426,217,14724,14062
4822,8308,11520,3839,10814,11212,4180,8164,9713,5507,1260,9034,14991,11089,7203,10224,10538,10981,7715
4138,13345,35,3531,6702,10565,12257,9309,8215,7146,2669,941,832,8104,9640,463,10314,6128,12627,490
4629,7567,7262,2545,11620,5884,3639,7222,10710,5910,596,9490,9486,10943,9616,7263,8975,7858,14436,6005
10255,4277,13110,6389,10029,6465,6788,14020,11876,14265,2,7686,2110,32,2077,10054,10787,247,8721,936
11447,4314,4899,2672,3081,227,6053,8047,9263,11983,4789,5255,4775,9177,8474,8139,14144,786,14912,7751
5111,7012,755,6495,811,13298,1472,1967,3014,14029,726,2629,10643,4473,819,3161,7399,3674,7283,9598,4354
6414,5016,9150,9772,6048,2588,6024,9799,12041,9852,9781,11511,11715,7695,361,9808,3722,1894,11154,3291
13738,13619,2868,8585,2515,12991,6071,3928,6246,10734,2939,2420,11416,6889,12911,10212,6452,13407,1572
8114,9206,4183,12391,6300,11643,5011,7839,12381,4578,486,5653,7519,8289,1924,9680,12308,8617,1874,5512
6051,7856,12606,7009,885,7732,8050,13733,4253,12502,1323,12239,4463,10727,5132,7907,13792,10677,12655
10521,239,6572,10429,8909,922,9587,1110,10759,4033,8409,3835,3398,8183,5052,1419,11770,5971,9717,295
11238,6750,5546,14379,8917,12783,10320,2416,8369,5748,12761,443,2722,12057,4077,7974,7314,8460,5509
4945,11853,6940,11843,422,2427,14817,221,7476,13222,3514,2744,8894,8882,6379,4304,9522,393,9449,6768
7385,3729,8664,9609,7051,8431,4727,14670,5735,14446,12367,1338,785,7947,8924,10986,1449,8631,7044,7727
3358,812,2279,8237,6912,7100,7860,555,9509,1954,9555,11932,8886,12702,8656,6544,5487,8769,8155,11142
11283,11083,4288,218,5038,14391,9091,48,9927,12390,10199,1149,6860,3984,13302,14229,7288,10529,3671
5485,12170,2649,11743,5873,386,9005,8311,8147,2863,228,4752,6749,7553,6929,10268,13985,12091,6224,1498
6789,167,8747,10766,14356,4376,13625,2153,10501,945,448,6067,12116,11054,12135,4982,11662,3851,3185
10894,5405,8630,8603,2518,14572,9077,4371,9311,10883,12528,2256,9689,6184,4708,4916,2809,1764,8208
7744,8140,12576,4704,13213,7942,3069,4041,11350,11103,14599,5222,10514,8748,11113,1930,10112,11099
10409,10089,13546,7395,10472,8504,5561,3526,5604,6552,4826,1383,10030,7923,14602,6901,10984,11149,14461
11461,11247,1875,514,2913,1816,12854,9319,9344,9706,3273,11573,11650,13366,7299,3912,8483,4075,9397
14735,13843,7234,11430,12794,14690,8423,1521,7643,5110,12371,7910,6601,7198,7432,13191,5182,3041,12262
7878,12,223,4024,5878,4908,4343,9481,3954,4386,12050,8254,9157,1921,2898,5647,13417,145,5500,10745,8810
7394,7371,828,5369,14120,3204,3828,13929,9480,13732,6701,12236,2043,7834,1140,990,10015,6666,5846,3748
11756,11528,2899,11560,10490,6510,3734,2369,2681,4505,6795,12756,10091,2129,5600,8132,7253,10774,9299
8632,13431,5178,3423,10665,4975,3215,12108,10459,1633,7052,11921,14583,12276,2928,9389,6594,8212,12954
9861,6032,10741,11725,3886,2925,1659,6921,7032,6138,2963,11875,10226,9888,2387,650,10947,5751,13289
423,6935,8025,6120,9818,14407,5026,10253,9050,6050,11114,13939,6346,1958,12039,14099,2417,232,1775
3135,11543,6208,3875,8226,6460,2045,14505,12887,9348,7609,3634,6191,2660,5272,8903,10237,9541,9019
9029,10861,5966,6651,4351,5752,4566,8338,10523,6503,4951,11411,270,10659,3566,5915,6719,5064,9374,8703
7935,11672,14608,10966,14164,1293,8553,2006,3961,10063,5036,13581,13184,2551,11371,12175,3495,12852
5902,4885,736,6827,5597,9122,4080,1228,9550,772,2901,6,7813,8433,1798,14056,6519,2357,9430,1580,7315
1296,3194,367,9458,10011,13740,5749,627,11074,13771,8560,5415,3902,1865,7944,11158,3490,5889,13313,10023
5565,2734,1744,5533,5374,2112,8542,5093,5213,7264,11225,10990,13242,10362,4257,9554,10020,1163,12734
14360,12242,7247,3775,7755,8134,3932,3833,10802,8394,11614,6101,6763,2770,10757,5282,3518,9978,8529
8848,4353,5198,8681,5371,3798,2010,7192,1779,10770,2680,875,6292,5868,14955,11337,7589,3231,14086,9841
12646,5665,11100,12708,1067,9859,13430,3127,9233,13590,10392,12250,5236,13712,11519,6946,8634,7445
13764,12556,2331,10151,5004,8095,12653,9991,1079,11001,6865,12414,9838,9451,8677,5848,830,5776,8089
11704,6629,11698,3770,10775,2700,13209,1447,3025,5373,7912,1262,8429,3492,4094,5853,2542,741,6110,11758
9276,13693,9830,9424,12340,183,8737,2473,14236,8238,5671,14590,8206,1317,1813,6727,9350,525,9686,13744
7470,13984,3629,5909,6020,6668,7462,12998,8873,3760,199,14682,12447,3241,710,7629,11222,6068,7880,2049
14421,8261,6649,139,9457,8036,4518,606,9802,12112,12042,7258,11503,272,7867,1166,1456,10739,5451,7536
3621,4990,5981,12231,7596,12611,13991,11977,10506,9411,8862,12609,10330,5143,11845,2682,4632,12895
12241,12615,12071,11138,2371,8300,2787,11365,3108,6062,6319,11681,9172,2914,13456,8337,738,10987,10801
10053,6402,9896,287,14217,3111,14529,8594,13393,5153,9665,6466,4111,9025,5262,9568,8724,8127,6625,6018
14402,870,14097,12355,2574,7714,11316,5661,7031,3465,13340,7103,1074,629,5990,11013,3718,4009,5983
430,8042,4208,7526,2232,13496,9390,10424,7900,6500,1235,3593,2374,2689,8811,9584,2824,9179,11570,1968
6135,5962,3045,10461,14026,8099,8890,2146,9335,14648,6648,13309,4713,8680,11261,1070,9950,14717,4483
2087,13882,12333,10493,1081,12307,1538,7819,6804,5765,6369,14445,5154,8599,5968,1476,7990,11726,11462
9081,6624,7040,8057,5444,8334,7387,11812,4808,5960,11509,11683,6604,3702,7218,10618,13470,6991,13946
3516,9391,1135,5771,7862,4177,7930,6172,2522,11918,8458,7042,4254,7317,5452,8502,10666,13959,8444,1919
313,14251,9213,11397,5256,3715,1951,1320,11066,9877,11251,10411,1568,5809,6882,13951,4838,5400,9628
581,3064,10194,10104,5186,5077,10714,6095,5237,12254,14603,5462,719,4614,14334,4553,2034,12652,5228
14304,1784,11178,3797,7887,4197,8138,1516,11774,9321,11071,8885,4700,646,10933,2377,2108,7850,6583
7339,4779,8465,9570,12579,8187,13394,11011,10201,11990,6825,3355,7651,6356,7196,7325,12425,10764,3904
8354,5579,5355,7048,2945,10958,5573,3822,5377,5740,13972,11653,10732,7127,11218,7574,615,14392,10336
159,2957,10584,14639,7426,10860,5743,9192,2411,6913,1332,3072,13689,11477,6057,3146,11534,6257,13204
7648,10387,6343,5580,7637,7207,2804,7870,8949,4445,4108,10116,824,1391,8641,179,4014,1492,14495,957
11790,7981,7106,12585,8205,3946,7302,9974,546,12894,2760,8033,7069,8920,12501,540,3289,5811,7015,10543
2297,11966,4586,1866,4340,11946,5628,5402,12758,6085,7011,3899,10540,4986,6554,2286,13561,6266,10200
13056,45,6522,3614,2559,11289,3604,7023,8378,3898,5294,12437,4759,7641,9234,5717,13834,12905,12106,2423
7440,10767,4181,12803,6647,6777,3174,3950,14119,4466,12270,11734,10674,6390,14881,8163,7592,12099,10129
10412,8651,4291,7644,9028,10783,4659,5300,5755,13531,10679,4523,7393,6681,8980,12975,11490,4656,7303
13374,315,11991,11311,6167,8524,1589,12816,6694,855,10858,5033,11310,8704,6091,655,13322,6833,14319
9155,9100,2403,3998,4749,8372,10119,6488,9410,829,6392,13498,7734,5874,1144,2882,12925,9002,11539,9443
5639,8152,12503,10344,5396,6432,6348,1643,2309,5483,12549,10950,3808,2083,13216,8788,6954,14109,11439
4735,8330,13300,9135,9161,8137,3558,7184,4545,9637,2173,2359,5503,6821,4387,7514,6238,6427,2940,7144
5842,803,8149,1120,1416,146,1015,7140,11137,9615,4686,7566,8608,4940,14843,6350,12059,1418,131,6134
10042,10347,9790,3562,12126,14235,1529,8546,10182,5365,3652,12420,13085,2834,7511,7768,12776,8531
11566,12454,10737,8525,2477,3227,5412,3922,6468,4934,9109,2582,13020,5586,4989,8967,6242,3896,4322
10577,6186,7618,11793,8956,9987,12542,4919,7475,13348,2415,9742,3544,10021,5762,3793,2988,2237,1997
8117,7568,12366,20,6305,11403,8842,14463,8478,14531,9105,774,9463,3573,13559,6859,8723,4400,9472,4567
9382,4252,103,3847,6117,11234,7953,9119,6730,11708,3909,5706,8200,9722,14700,12747,4043,7041,12137,2862
1960,9099,7746,13014,3455,9352,2860,11098,11750,902,10436,9880,5841,7138,6706,2378,6958,6225,10239,9304
2712,11185,1843,3325,14813,5598,3202,4844,2578,5575,2195,4770,8186,5388,1095,3402,10920,11250,3164
6925,5542,7266,1057,1975,3043,8533,1275,5727,13337,11986,3889,6108,12313,13727,7830,4144,11985,6704
12798,5689,5082,13296,3337,1932,8231,1238,11010,6919,10898,13198,13279,6894,2048,12626,12142,5126
722,14326,4690,2874,13357,1105,9065,11287,6823,3669,6008,12036,6650,14737,7121,6731,7723,13945,7906
7087,11081,3116,9673,6421,12562,6451,6615,4565,7254,5660,8786,8860,4993,4007,8854,2127,10903,8942,10126
5721,7816,10924,8958,6406,8361,13,1803,3418,389,6180,12469,11306,3973,5654,3268,4250,12842,8605,10332
10469,12608,7865,6985,12258,11975,55,8559,5681,9368,7000,11363,4212,9281,14474,12818,1531,12729,8710
9906,8096,14927,13281,1737,3701,4086,11421,5107,3224,9642,1054,6834,6764,5552,14259,563,3994,5000,7869
4382,7205,1726,182,5882,7776,3103,1266,12667,3623,14936,11209,13626,12403,10611,2095,9571,8448,2764
8381,5413,7493,5273,2877,2002,2998,5551,489,9284,1422,8950,11497,6943,168,10158,11151,11632,12735,10563
2405,3532,12725,2646,3424,5067,14768,4148,13615,13040,3141,14002,11318,13880,4239,8260,5761,12103,1409
12916,1520,6076,9634,6161,5662,1375,6036,10317,6093,11563,13778,14089,1038,7770,3903,1608,5257,9720
10418,9268,9755,3915,14249,6090,14294,4558,3331,11571,5291,2230,9633,6433,2270,7908,13035,5723,11871
11722,5927,14104,4769,4390,6953,3869,12897,13962,8782,1720,10290,3065,12859,11307,2817,7045,6497,9723
8316,1759,6015,4172,10340,5851,13207,10339,5430,8084,8479,7410,7074,1124,5558,2338,9601,6605,11121,9594
9765,2895,11060,4381,1104,5908,6105,7352,12118,6850,6359,14467,12138,13562,954,9429,1861,10594,7338
8283,6936,9009,13036,14470,8891,9660,2968,4611,1016,5901,4333,7706,11448,3270,2203,2038,5713,664,8590
10342,9797,13101,1042,6397,13472,6600,2841,14412,9112,9845,8889,12450,11434,4267,5744,14808,11945,7814
4628,10652,14544,11762,3817,6042,10077,5386,2011,6989,14972,2947,8673,866,4941,9441,12124,12461,1049
4055,10553,9473,10711,5659,5349,7058,12140,13009,14149,8119,97,7932,3385,7576,6462,10693,5002,7252
14738,10114,4703,4100,6526,7562,11479,3318,14291,3208,4059,12932,8701,12960,354,4092,8377,3698,9291
4149,4748,14367,12094,5808,7563,4158,1535,10791,7481,8711,2480,3975,9675,10812,11962,11393,6133,1494
3697,14011,10106,7541,13692,9095,715,9796,2870,14141,3580,14582,2847,10183,859,9450,12569,10729,13487
13016,3744,12593,5614,612,4408,2609,2920,3691,9279,4279,1905,8177,8545,8749,7098,5566,8489,3373,13701
13190,10760,2597,4530,4887,10635,2267,10895,8485,5822,12147,136,13291,8171,7341,2726,5695,11206,4684
14131,1461,13455,14623,1667,5810,8753,13257,11069,14907,11132,6905,2285,5056,2819,12704,10625,13075
12310,4978,12077,8865,7613,10743,5099,11076,3084,9079,5770,5376,155,6565,11141,11375,11870,3667,6813
12018,6677,7971,9252,2372,3040,9287,11649,9595,5768,4456,2082,8626,5472,6408,5449,10480,2193,50,9921
9444,8574,4364,10545,9260,6004,8103,13429,5128,8692,432,12828,10041,5142,14317,1548,995,5538,14216,6829
11297,6382,12356,7735,3214,12836,8258,9619,6463,5585,2861,11427,6471,6096,10721,5697,7468,1926,12011
6802,554,6948,6593,3335,8021,13241,4701,14152,6808,1191,6689,5527,485,13593,13138,11147,4500,6310,14342
11032,10057,853,9455,8593,9993,6610,10871,10627,12389,1421,11062,7780,1606,7332,14857,4069,1186,9201
6502,10399,1485,5582,1289,10225,7286,4091,14199,7343,13468,2849,264,1488,5160,1458,12233,11407,9286
3050,12442,7059,767,12944,178,1319,7413,12857,13773,8159,5351,14006,13477,12807,14140,8919,5701,12601
5215,8582,4980,6116,3188,11366,347,12764,11609,820,12038,7135,10139,8791,5478,5115,8902,545,2276,7327
3107,3919,1668,8671,2060,4444,6473,9225,9602,8914,3279,2134,2430,9047,13065,8189,308,12252,7763,10360
13731,2156,11955,9173,765,8174,6278,8071,8837,12697,10295,14561,7423,3463,9214,14034,10753,10274,3272
8476,11498,1652,14693,1855,4969,890,202,9349,9061,7800,2742,7466,7806,613,3949,6124,1812,3784,2931,6418
2434,13414,10035,10458,3001,12275,3524,10144,12763,3029,2231,9123,6403,5861,1242,5522,5426,11169,2033
7497,3736,2263,616,2461,3167,8244,5906,9333,0,9345,11402,5760,2650,1551,3890,6630,5879,13362,1282,14162
5170,3280,10864,5024,13271,9366,2871,3990,9314,8637,6222,2158,3046,939,12107,12200,2126,4393,11067,1489
5411,2459,9023,9559,7454,874,9636,13434,2743,3713,5017,3511,12553,14325,5802,1207,5089,3773,4116,11841
12947,8947,10960,9564,11540,3926,7055,8744,8341,6361,550,11848,4480,13220,10568,12970,12436,2641,4898
9417,6227,6122,13294,14458,11682,6669,10784,14123,12949,4943,5858,14071,7277,3115,2162,12431,9103
7063,1800,7164,3428,8285,9250,6521,12283,12161,2248,11699,3510,5876,9371,8113,8756,879,2052,4409,8097
3795,13224,4401,10294,8016,6691,906,2366,4541,9567,3646,1433,4053,3519,9270,10163,10595,7158,1757,11282
12666,5756,5949,7721,5560,11772,5460,497,566,11608,9010,11023,6352,6185,9953,3735,13818,7824,14958,12529
5815,12863,9879,966,12785,8484,4220,10060,552,10477,3552,13231,10502,2507,5314,6489,3177,14874,10768
7690,9760,10569,8440,8833,1988,1411,13684,11992,9863,5837,601,9785,2336,8061,3240,7206,4068,5419,1783
12484,10214,13064,6769,2710,12768,7899,12025,6400,6816,12271,14948,1195,3676,5458,1977,10794,1706
13719,9767]
