
====<<  Solution for 75-queens with fixed location (15,25)  >>====

Execution time: 0.002 s

Queen positions:

[52,32,10,4,49,31,24,3,14,74,56,60,7,41,13,25,51,71,59,22,37,61,65,57,8,30
35,16,72,36,12,73,62,23,0,9,55,66,26,53,33,45,67,15,2,39,70,63,50,1,18
21,11,68,27,20,34,5,43,38,58,28,17,44,47,40,46,29,54,69,6,42,48,64,19]

>> Chessboard <<

....................................................Q......................
................................Q..........................................
..........Q................................................................
....Q......................................................................
.................................................Q.........................
...............................Q...........................................
........................Q..................................................
...Q.......................................................................
..............Q............................................................
..........................................................................Q
........................................................Q..................
............................................................Q..............
.......Q...................................................................
.........................................Q.................................
.............Q.............................................................
.........................Q.................................................
...................................................Q.......................
.......................................................................Q...
...........................................................Q...............
......................Q....................................................
.....................................Q.....................................
.............................................................Q.............
.................................................................Q.........
.........................................................Q.................
........Q..................................................................
..............................Q............................................
...................................Q.......................................
................Q..........................................................
........................................................................Q..
....................................Q......................................
............Q..............................................................
.........................................................................Q.
..............................................................Q............
.......................Q...................................................
Q..........................................................................
.........Q.................................................................
.......................................................Q...................
..................................................................Q........
..........................Q................................................
.....................................................Q.....................
.................................Q.........................................
.............................................Q.............................
...................................................................Q.......
...............Q...........................................................
..Q........................................................................
.......................................Q...................................
......................................................................Q....
...............................................................Q...........
..................................................Q........................
.Q.........................................................................
..................Q........................................................
.....................Q.....................................................
...........Q...............................................................
....................................................................Q......
...........................Q...............................................
....................Q......................................................
..................................Q........................................
.....Q.....................................................................
...........................................Q...............................
......................................Q....................................
..........................................................Q................
............................Q..............................................
.................Q.........................................................
............................................Q..............................
...............................................Q...........................
........................................Q..................................
..............................................Q............................
.............................Q.............................................
......................................................Q....................
.....................................................................Q.....
......Q....................................................................
..........................................Q................................
................................................Q..........................
................................................................Q..........
...................Q.......................................................

